id,phone_sequence
fadg0_si1279,TLcLaTLFTaTILUuauaLTcLTLFLUaKaJaTaTaTLTaTakTacFLFaLaHaTzT
fadg0_si1909,TLTaLalTLaULaTlTLTLTLTcaLITcTkTLaSLvHcLaTaDTlTLzTKcaTwIucTzLTLTaLOLULUTvScalclTLTlLlLTaTLcaLTLacJuaTlTLT
fadg0_si649,aLaLUaTlLTLTLTLcaTaITLaLauJalLTaLTaLJTLTLcLTaTcaTcaTaLTvlcSsSTelTLTLTavSeTLlTlTLlTLTzaKaJaTLacTIcTaTlLlkLTcaLTkaTLlaLTLTbTacLaLTaLTLTaJaJTubTaswSaKTkTlTaTvwuLUcSTaTaTaLSLaTakTLaTa
fadg0_sx109,aLaTlTlLlTLULlTlLTLTLTLlUvKuTIcTITaTaLTLacTclTaLaTLTsLbJaLcTlTlaTlKELcLuwvLIaucacLaTlzLTLaTaSvSelTlLlLzTLTaTcLTLkKvTLTaTa
fadg0_sx19,TbLaTLTLlaTIuvucmcTcTLTaTaTcTJTlTLTLaTLULTIaLTcaLuEvLELETLTaTbalFLTaTsTaTcTLuETaLTkEaSaecTLTaTLTcuLKcLTaTHkTlTLaLTLTScFELsa
fadg0_sx199,aLcaLacTlTLTEvaSLTaTvTlUTLaUKLucIUTaLSTLaLaLaTcTUvLcLwKTcTLTsaTaTLTLTlTzaKkTIaTecTLaOHTlLaLTLaTacavcETaLTULaUaSeHTlLNaOTLTLTaTLTlTLTvasTLaTcLaHLckTLTzTzT
fadg0_sx289,TaTkUvLKUcIcSkTaJTlTaTaTJTaTaTlTcelTaTLcackTLTkTaTJsLwLDTUTuScaTLTaKcLcLITaTkTlclTSTaTaTaLTLcacT
fadg0_sx379,bTaTlTaLcLTLaTSTkTkTaEvaTwTkTLTFTacaTuaTLaSvcLaLTLcILaTaLcTHTckElTLaLaLILcTuaTlLzLzLTaTaTaOTlLTLTLTaTlylLl
faks0_si1573,cLTaFTFaLaLaLaNFTcTvaLaTLaLTaTLULaLacaTaTLaSvcTvTKTLTLTaTlTLcTaTOLHkaLacTaTLacHTlTFlLTLTLmTacEOTlzaKTILcTlTFTcackacvLakLcaTkTvScSTLTaTaTLFLTvLaTaLcTakTaTaOLTLvTalTLTLTa
faks0_si2203,TLlTLzTzTLTLTaTaTLTLTLTacaTALTlTaTLTLTacHkTLcLHTlTaTaSLSLaTcaTLlTLTvclLcTLTLTLTaSLUcTkLTLvcTLkLTaTacLTcTbT
faks0_si943,TbLTLaTaLaLTLTLTLTlFcTaTaHkTacLTalTLaTLcTaTaTaTLTlclTLTULaLcLcTLaKaJlTcvcTLcLTcaTaLTLTFlLaOTlaTLaTLlLlLaTkaTLTlTLTLT
faks0_sx133,TzTzTLzTLTLTLlTLTLTvLTlTLTLTacTaSTLTuTvLTLSLTaUIaLTLTLTLaTavLhvhTHTvlcLTcvcTaTLakTLTcTcvLcLaTSTLTlauTFcKcTLSLuTcaLaTvTaLaLNaLacscTbTl
faks0_sx223,TbTlTLzLzTaTaTLTLTlLTaKTlTlyLTcTvTcLcTlaLTLTHTlTcLcavaKLTBLlzLcTLTLaTcTLTKTuTcTkakaTakTaTcbacvLaLaFcLTLla
faks0_sx313,bLTlazTkTLTLTLTLTLTLTLTaTaLaLaSlauTLaKSuaTaTLTLUacaTlTLTacaTcTkTcTFTkaTaLbUKaLTLTazTLTLTFlLTLcKTLTzavLvLaLTacLOTacTLacvcTlLlTLbc
faks0_sx403,TzTzTLacavaTcTcTcLcLcLacacaTacaucUlTlTaTavTLTaTLTKETLcLavcvLvLTacaHTlTlTaTacTFkOTcLTSaucKETlLTlLTFTlTlTFcTbTLbLT
faks0_sx43,cLcLTLTcaTLlcTucaTULlOTlLvTlLcLvlLlLOcLlcaTSTlTLTLacTakaLTaLTlzaLTyLacTaTcTcSkackTOlcLaLaTaTLlLbT
fcal1_si1403,TLTlLTaTaTaTaTaLaLTLTaTaLTcacTcTwTacLTLTLaTLTLTFTFTLTKTaLTaLTaTLTlULTLTakckTlLTLacaTaTaTaKUvULcEcFkTOaFcTcaTFkFTaTkTzLlLkFaTLaLTLaTlLaTakTLTaTlcLaFaLacaUaTLTLaTlTLacaTLTlTcLTLTlTLTLTcTlLT
fcal1_si2033,TbLTlaTlacTLkTkETaTLTaTaTaTalLcaTLyLTcKTFTLTLaLTLTaTFTaTlaTaTaTaLclclaLTaTLTLTDTLuLaTkulcTLaFTsTazaTaLTaTaTakTkTLzLTLTLTaTzTFTkTc
fcal1_si773,TbTbTcyTklbuaLaLTkacaTacTULTabakTLTaTaTSTaTLaTLTLTKuKETaTLTaLaTlLTLaLacaKOTaTFOTLTLTkTkTkTc
fcal1_sx143,cTLkLaLaTaTLTakaTaTLTaTLTaTlTlkOETLaLlETElavLlvKTlTLTLTLTLTaTLaTkaTLTLTaFKFcLKazKhKvKSTzcTl
fcal1_sx233,TclLTalaKLcacKLaTaLTaTaTaLlLvclzLaFTzaTFLvLTFTaTLlclLaTLaTFTScTLlaTLTaTkaFc
fcal1_sx323,aTLlLTkTLTLTLaKLaTauaJaTaTaTaLaTkaTaTaLkFTLaLacacaKLaLaTLaLTLTzTzaJFTcLTaTacacakTkTa
fcal1_sx413,lTLlLTlTlTLaLaTlLFTvLTLTLTavKLTFLUNaTlLFTLUKTlLTalLcaLTLTLTzaKaTaTLaFkaTLFLcLTaTlLTLaLTaTlbLFLaTaTaTa
fcal1_sx53,TLcLlLTlvLTLTLTLTLTLTavTaKlLTcaTkTNTlLTaTaLaKTaTlclFaTLlTalLTaTFkTOTLlaTLTkTLTlLTLTLaLaTkFTkaLcacaLTLTzTbTlT
fcmh0_si1454,aTcTcaLaTKUKauKaLTLaTLOTkTOKkFuKaSTLTLSTekTLaTkaTKakTlaTaNaLlNasLsaTlTlTLlFzTELavLaTLaTaLacaTLTakTLTLTaLkTKUTwKTlaTLTaTLaLaTkTLTLzFLaTacTLTLKEKUaUkTLTLTaOaOalTLTLTaLTaTlTz
fcmh0_si2084,lLTLcLaUvlaFKkacTLTLaUTLkakTLTLaTLTJvSwTEuaTaTaTUTaTlT
fcmh0_si824,TcacTaTaTLTLaTclTLTaUKaTULTLaLaTaFawUwKwaTaTLaTaTaTULTakKTUaTLlTLTaLaSaSakSTLTFLKaKkTkTSTaLKaTlauaTaLaTaTLTOTkTaTLTvTSTLsTUTaTaTLUkUTaTLTLawaTakTLTzTl
fcmh0_sx104,lLlLlTLTlcLcFLTvNaTLzLTaLKUKLcalcFcLFLakTLFaTLTKTaTkTaKTaTaTLaKaTKTLFLaSLTsTuODawakauTLT
fcmh0_sx14,aTaTLTvaTaTlLaTLaLaTLaUaTaTLaTlTlTlTaTaTLaTUaUaUTkTckTaTlLauaTUaLeaTvleSTakTaTLTaTlLTLaTaLTLKLKTLTEaTlLTLT
fcmh0_sx194,aTLTLaTaSaSTwTuTaLaUKUaTkLTLvTcKLTakTUTUkKzKLTkTaLaTaTaLTaTaT
fcmh0_sx284,TLlLaTLaTNLTaTLTLcbLFKFLTvlTvsTlvUKUKUbaTDsSkaTvseLSakTLTkTLlLaKTaLawaKkKTaTLaTakTaTaTLaTLasSaSTLzLTazaKawaTaTaLaTLTLTlLlTaT
fcmh0_sx374,TLTaTLNaTKLaTkSTUTKTLakaLTSLSaswTuTLTLaLNaTaKLTaTLaTaLaLTLTLULTLKkTaTSaTsTlT
fdac1_si1474,TcLTzacDaTcaTLTLTzLTLaTaNLNvlvlTLTLuLTFTFTLTLaTlTLTLTlalFTLTLaLTaLkTkTKTKckTLTLTLTLaLKbaLTlTLTlTlTlTlaLTLTlTlTlaTLTLaLaTvTbTLTLTlTzTFT
fdac1_si2104,TLTcTwaTacaTLTLacTaTaTLTLFTLTvLFOTlTLTaKLTazcaTacaTLTaclLTLTaLTkOTUzaTaTLKaTKLTLTLTlLlLaLazlLlTLTaUcKcTacScaKTlTLTLTLTvTvlclcaLalUlcyLTlTLaFkcEuLaKTaTaTaTLTlTFzTlT
fdac1_si844,TlLTLTLTLaLTaTlTLTaTLaTaUaTaLcTLKTLaLOTaKwLaLaKUKkKwKTaTaTaLTLaTlLlLTLaLKaTaTETLavaNTlTOTLlTLaTaLaLTaTvTvLTLaTLlLTLFTcTLcLcLTyLULUTFLckTaTLTaLaTlacTLTLTLTLTaLaKcTlTlTaUKaUaTaTFkTlcLTLTLOLwauwazaKacTcTaLTLTlTLaTaUTkcTzaTLTFkTlTlTLTlTlTFTFTFTLT
fdac1_sx124,zTlTcaKcFkTkOTaLTLaOTlLTFTOLTLaTacLTlTLTLaTkvcTacacasuTKTETaTsLaOTcLTaKTLTLaLUaGwkOkTLlLlTbUlTl
fdac1_sx214,TcTcTakHcTkUcKTLKLTczTLTaTLTSuTOTLTLcTaKaKTkTLTbaKTkTakcScKaTKLTFOTKOTauSbLzaTaLTLTLFaKTkUkTFULsTaTLaTLTlTlLTLTLTUsOTaLkTLTaTLTKaFTaTaTaTzTLT
fdac1_sx304,FTLTLTLaTLTLTzTLTLTLaNcBLaBTKTLTLTaTavaFOTlTaLFLFLTOaKTaTkTaLTaTlTlTLTaTKTLTLTLTLTLUawaTFTkOcKacacTKTkTLzTzTblT
fdac1_sx34,TlLlLTLaLUcLcKaKFOKkOkOkDLOLTcksaLTLTLUTKLFwuLcaLTaTlTLTLaTlLTFTLaTaTlclTasFTLFLTaTcLaLTLTaTkTLTaFTzTcTlFTcTFTcTzTzTzTcTUcTbUTUTUTbyTbSTLSTSUTUTUSUTlTlT
fdac1_sx394,cKavavlTLTLaLTFLTLaTaLcLcELTLTLNLTLacTLaTcNLTLvLlTLTlTlTaKaSaSasFOTDTaLkLFkOTaTLaLaLvlvsTLTLTLzLTLcFcFTaTcacKUKakTOTLSTLTlLTlFlTlT
fdms0_si1218,TlUTLakLaLKEuUScTlTLTUvTsaKwazKwTLaHwaHTHTlTlLaTavuKEKklKcIcTLlLcalKvFLkLSTkTLaTLTLTLTLTLFTakTkTaTa
fdms0_si1502,aLacaTlTLvcvcaTkTaTKTkOTLTUTsTLaLcTULSTkHLlLUaULUaLTLaKUcTLTLaLUTLTSTcLTLaTLTLTcUacFvcacaTaTLTakvLFKTaTlTLULNLaSaSTakOTalaTaLcLcTcTLaLTaOLTUsTLacLcaTakTLTalTlLlLTLTaTLTLTlLaTLTLaTLasaLT
fdms0_si1848,lLTLlTLcTcabETcaTlAaFcTLaSvSaLTaTkTLTLlbTlLbTLUaSLSTsTaKTlLcFLTLsLSsSsalLakTaLTkTFkLTsTaTauaTkOaTLaLvlcTalTlTLalulclcLaT
fdms0_sx138,blTlTlTaTkTOTLlzLacaTcTlaTlTcTcTLTaTLTlTaFLUTOsSuaTlTlLbkTaLTaLELTlTaTkTvlaTlLHOTLTaTaTLTaTLTLTLTlTLaTaLTcTcSaTaLOhTkTsTaTaTzLklLl
fdms0_sx228,TLTlblLTaTLTvTvTSTkTlTavLcKTLTSvLaTaKTLaTaTaKTKaTkTlaLTLvcaLTaLTcLTLTLaLaTLTaTLTLTLTlLTLlLTLTLT
fdms0_sx318,aTLlLlLTaKaTSTzTLTSTaUTsaTaTLaLSTaTLTkTLTaFcTBTLTaTavaOTLTLTacaKTLTLTLlTazLaLaTlLaTlbLT
fdms0_sx408,aLaTLTLzalzacTLcaTkTaOaTLzlTkLTcaTkFTFaKalKUTLTbaLaTakTkTwaLTLTLTaLaLaTaLTLTLaLTLTcKvTLvTaLcLT
fdms0_sx48,laTLlUkaHaOLcLTLTULTLckTaLacLTLkTaKTaTOaTkaTkTaLkakTkTkTaTLzaLTcSaJclcFTLsTLsLaLTaSTlLaLTaTlTLTLTaTaTLblLlaTbLTbl
fdrw0_si1283,laLTLTaTUvTvLSTSTLTaTlaTLTNaTLFaLcTlLaTkTLakaTaNaNTvcaUaKcULaLTlTLaeaLTaNcLSLUkKaLTLTaTlLKILTLTLaKaTaTaTlblLTLaLTLlLTLaeLTlTaKkTkaLTLlaLkckKakaTlaDLUaTaTaLlTLKFKaTaTlLlTaTl
fdrw0_si1423,TcLcTwaLaLkKTLTkaFDaUacaTcTkTlLTaTLTaTaUTlcFlFlFTFDaTaTaULakaTaLTlaTlzlTkFKFTuwlLULTLTLTLaFuczTLTaTaTa
fdrw0_si653,aTlTbUTNaUcaSTwKcTNSTasTlTlTkTkTLakcacLTLTaLNcalcuSuETaNvcacFLaTaSOTLaTaTaTcaLzUaTacTLTNbaUTNLNLTaTzT
fdrw0_sx113,TcLybUcLTwcTaIaTcaLTLTLUSTILaUaTakTLTaLTLakTsLTblLlyTbTbLbLTLTvaTDTasaTLlLTLTaLaNaSkOkOaLaUcaTcLTaTcTLcaTLTbTbTbTLlblacaTblLlacTbTLaTLTLTlTlaTLTl
fdrw0_sx203,lTLlLTLakTaTaLacLTIakLTvTKLTULSacaULTLTaTaTaTKTOaLTLTLaTKaTuTcaTacFclclLcLTLTbTLaLbTLbLUakTlLlLTalLlUTaNlTaTNaKLTLTLacTcTaTa
fdrw0_sx23,TLTlLlTalLbaTSTalTlTaFLULTLTLTcTcTKTaULTaLaLTacaLaTOLHLTLTOaULcLILcKTLUFcKckTlLzlTacKLaclLcbTaTbTbTLTlT
fdrw0_sx293,TacTLcaTcaFaTcLTLTlTklTLTLaLSeaFTaTaTLTLTaTvaeaTslalaLakTkauKkETaTLaTLTLTaTaLTOTaTLTlvFuTaTlLTLaTaclclcblbLTLTl
fdrw0_sx383,TLTlTlaTlaTaTaLaLKaKTyLTLTclvTaTaTavLTLaTLaTlaIaTLTaKTlaLaTkTkTkTaTUTLUcLKcKcaFcaTLlLTaLcKcKaTaLakTSablLl
fedw0_si1084,TlaEUTOLOFDakakTlTcTyTaLTLTlcFcKETcTLaUTLacveLFETaLvlTOkOUaFKTlTLkcLaTbETJaTcaUaLTFaTLTLTaTLTkcaTLTaTlTlFklFTUTLTNacFlTLTLTLTaLecOTbcLTacLaLlFlFaLaLKTLNFlUTaTLTaFaTzTaLaLTkTaSTaLlLTLaLalaFaTlLzTbLTalawaTLTluacacTLlTlaTzTLFcT
fedw0_si1653,TLTLTLvLvlcTsTLTzTsTalLcTEKTlaLTLTLTLTcklklKlkTETFaLaTFTLUlLTLaFaSTUTLUl
fedw0_si1714,aLczTzTcTLTLTNLTLFTvLULaUITlTLaTzTaTLcacKcTcILTLTLFLclkTLaTaTkTvKTckaNTacLELNFNKLTaLSTULbaLTaKkTlLaLvalaeaULkTkLlTbTFLTLT
fedw0_sx184,TlTlLTLaTLTaTaLTFLFcalaTLTaTlLTLTaUaLTaTvTULsTbacaTacTwaTzTycwTaTaczcKUaTSTlLTLTLaTLvaSlTlLzLTlFLEFlacTacaTULzTUTvTraLeNDaOaTaTaTlLlLTFTaTaTbaTSTaTbzTaEl
fedw0_sx274,aLaTcTbTbLTaTFkaTaTaTvclUTlkTLTLTaTcTSvTzTaLaTakTcuKUKlFTETaTaLaLNaLauyaLaTLTLTFTUlLFakTLTlTlLalTaLalaTlUaTlzTLFcTcT
fedw0_sx364,TzTLlvlvlcTlIlaTLaTaFUTlFTLTaTaTaTlcauTavTvwvleFTlvlvLFlkvTeTaTLTakKTKETKaTETFcvlcLaLTLTLTlbaEuETaDacLzLaTLTlTlTcFTLaTakTasTakaLKEUcTkTaLcKTOTaLaTaLakTlaLTLTaTaTkTaLTaFaLKTaTaclFlLzFaLlcFlvaTalTlTLTLTLckTkTcLTLTFkTETElFUTaTLULcLaUaTaLTLTbTzT
fedw0_sx4,cLcTzTEOEDlcTNLUvLwvaScSTkcaTvaSFSUaULaSTUELUvBKcacUcavTlaTLlLaFalTUDaUcLKFkFckTkcaTLTvaTalaLacUcLaDUaTsTcaLTaLTaTaSLTzTaOzE
fedw0_sx94,TLTcTaTETFvaUTlaTlTLacaTITlTlTUIScalaTLTbTLzTbaTLTLTcTUTlFTLTcLvcaLlLaTLlLTaNLlkTlTSkTLakTlTlTzTaTLTLaTLvlUTLUTaTlTzLTlTlTl
fgjd0_si1179,TlacacULacaTcaLlLlLlLUaTHacHLleLbTJaTaLaTLacLTLTzaTLTOkTaLTeTcvcvlvlvlvLaTa
fgjd0_si549,TLTLTLlLTLcaLTLTbLlLTLaucLuwawaTaTLkTlzkLcFHLcvUaTaTaTLaklTlLcLcTacaTLTlTlaTFcTLsTbTLTlTaTzaTcaTlTLcLcHcLaTskTacaTLTcTLTaUTcbLTakzTLzTbaLalTLTlvasLTlLTLULacwITacvTLUlLTLTlTlTaTzaTaTa
fgjd0_si818,TLTLTLTLacuTlTlylTcLaLULcTaTazacTzLcvzcaHTlTLlaLaTaLOaLcTLakTLTaTlcLcTLTLaLcLacaLcTacSTclTcvlLTLlclLTvTcTaULaTalTLaLcaTacavaTLTLvaLTkcwaTLTaLcaTaTaTcTaTLcaLaITcLTLFLTaTLTlLTzacTaTaLTLaTlLTacacTOTaTLcaETlTFzaTca
fgjd0_sx189,TlLTlTLTcTcTLTaFzTcTaTaLKaIcUcULSLTcTSLaTLTLacaKULzLaEkTaTaTLsLTOTLFTaTkacaTcaTLaLTLaLHkTlTlHTLTLTLTazaLaLaTa
fgjd0_sx279,TLTcLcTaTlTLTcTcaTaTcaTkHTaczTlblTUaSaTlbcLUlucEcTcLEaKaTlaTKacTaTlLaTLTLTaTaLaOTuTaTLaLTOTzTLakFLacTacLlUkcLaEcaTakTlaTLTvlSLULT
fgjd0_sx369,TlTlLaTJTklTLaLaLTSTLaTaJTacaKLOaTLTUacLaTaTacavLlKesTaLaTaJahJTLOsaIcyLaETLbacTcaLa
fgjd0_sx9,TlacazaLTLvaULUaUauauaTLTvNvLvLTaSTaLaLaKcLKEaLlLScavLcauULvcEKaTLSLSvTaTLlTUT
fgjd0_sx99,TLTLTLTavTLTLSLvLTaKuKElTcTkTLTkTLlcTcTLTLacaTaTaeaTkTLTaLTaSTLzLTaTLTacacacaKabuawTlTcLFavasSLzbTzTLTLa
fjem0_si1264,TlLTLTLTLTaLTaTkTLaTlTLTlTKEKETaTLTkTaTaTSLaLTalckTLTLTLTLTLzklcTLTaTFSsvsTLaLTlLTLTLKUKTLaTaTkaTlTLacaTlTakTkTkTkTlT
fjem0_si1894,TlTbTclTaTLTaTLaUKckTakaTLTvLTlTacTcLTLaTLTLTaTaTalLTLaTLsTbaTLTLNLaTLTaTaUKaTIcbcbLbz
fjem0_si634,zLTlTlLTclTvTvTLUOULTLlNvLaTkTLTHTLlTaTaLvaLKULTakTaTaTFTaTLcLTLTLzTavwLKTaTLTaTkTaTLTKTaNaSLTakTlLaTaUTaLSaTaTsTsTNTaKazLTakaTLackTkTLTkTOTOsTvTOFTsUSTkTcTcLalFKhsTLTLULlKETaLTFBsTalTLTLcLlTlTlaTLTLTUbT
fjem0_sx184,bTLTlLbTaTLslTalaLaTacTcaLcLTlLlLlTzOaTKTvLlLaTblTEvELvlElETEaulcaTLTLTLTaLaJTlaTlTLlOJTaTaTLvSvTlTLaLTOkHTlLcaTaTakaTkTaST
fjem0_sx274,cTcTlazazaSacLTacTaTvcaTcaTkTLTLTLTLTLTaTLlLTlLFaKFkKvKlETlDTablTaLcaTaLaLTLNaTLTLTLTOKOTzLFLTLTakakaKakTlFclkTcLTLcTLTLFLFcFcFclTlTlclTlTLTlTLT
fjem0_sx364,TLTLTLcvTlTlTLTaTaJskTDTLTcLTacTJaJTaLvLvTLTvlvLFhalsTaTaTacaKglLTLTcaLaLacTaUacacaTFkaTaTLkKcaTkTaTvTvlTkTaLaLTLaTlTaTLaLaTFTLTsazLTaTacaTlTvlOTacTOUTLKLFsTsLTLzTLTLTvHTLaLTlTLTLacFcTOsTsTaTKaHLTlLlTlLTLlaTLaHTLaTaTa
fjem0_sx4,TaLTLTlaLaTaLSLOLTLTaLacaTacaOaTlLaLTLsTlaUcacvcLaUlLlTLvLTLlTaKTabaHaHaLTlsTlLT
fjem0_sx94,TLTLTlalaTaJvJvTLlLTacTHTLTLlLaTcavTvalLlFcKTlTaTaTaTsTlOTLTvTLTOTaTaOTLTLckTLaLTLcLaTaTOamLlvlslTlTLlacLTlTcLcLTl
fjmg0_si1181,lLTlLTLaTlTaTcLTILTLlvlLTlTlTLTyTcaOkTaTUTLaTcaTlTLcaJTvTsvETlaTaTacvLTvLcaTalTaTLTLlTLTLcTvLSTLTaTLTavLTLlTvTLasLTaLTacLULUaTvaTaTaTsLTLTsTULTLvOTLvTvl
fjmg0_si1811,TLTLTLTzaTDTLcTLTcaTLTkUKzKaTLSHTcTcLOTLzLbUvcLaLaEcUaTaTcaTakaLTLlLcaTaTaTsaLTLaLTLacaLcTLTLTzTLTaTcTLcvLsLlLaTLTlT
fjmg0_si551,TLTLlLaLaLSTlLTLTavTkTaTasTaTLTasasTaTaLTaTlLTFcLUcLTcaTlcLlTLTcLTlTLTcTaTLTaTLTaLlLTLcLTaTwaTaTLTbTaTb
fjmg0_sx101,TFTcTLcvcLTaTLTabaTsLJvlvTlcTLTvLaTkTaTaTLaLavkvETlTaTcLTaTaTauaTDLTSTlTLTcLTLTlTlTaLaTLTaLTLasTLaLTLOaDaDzaLcTlwcaLTaTLaLTaLaLcScSsLzTLULTLTl
fjmg0_sx11,aLalTLclcLcTlLTaTaLTlTaTaTSaTauysLcaLaLaTacaTLacaLa
fjmg0_sx191,TaTaTcaTLlLaTaSaSaSaSaTLcTLaTSTvLvlclvlclUlcLTLTbalLTUvFcTlTlTcacaSclLcLvULTlTcavLcLKTaTkvLlaTLTlTLTcTbTaTa
fjmg0_sx281,lTLTLcaTacvLcacLcSaDTLTvTvTvTacLFLTaLaTLTLTLTlLlcLTLcTLaTaLcaBkTlNlaLULaIULaLaLcaFTaTLTlyLalNlTlLlLcLaTLTLTLTaLaDTbTaTDyaTaTalLlTlTLTLTaT
fjmg0_sx371,TblLclbLTacacLaTLsLaTaJTJETkDaclIcucaTaTaTkTLTlcTFElaTkTvcaLaTLTLULTaTaSsTaLTLaTaOTlTLTkJvTLaTLlTLhvDTaTlLlLcLOaTLlTlLlTLTLbTLTS
fjsj0_si1484,TzTzTlLlLacaTaLaTcTlLzETLTaSLcLcLczLaFaTlTzTlzHTzTvLTLTLTOaHcHTlTLaTLTbaTLOLOLTlaTLTLTLOaLaLalOTLTalLT
fjsj0_si2114,TLTLTzTaTLlFTEaTvLTFlLalalTbTLzTaTLkTkvTLTOTFvFlTucFaKkTLlLacTkHTaTaTaOTzTLzLTLaLbzTbTl
fjsj0_si854,TLTLlLlLlLlLTlTlLTUaTlLalTlFalTLFTkaTFTaLTaTaTaLaOTaTLTLTLaFaLFLkLTLOLaOTLTLHLTLTLTaFLTLTLTbT
fjsj0_sx134,TUTLUTaTLTlTLTvOUTzLTOacaTaTkDalTFaTlAOaOaOLOLFkTacaOLFTkLUlLFaLTkTlTLlLTLTLTaTLFTLTckFalFcFTLTLTLTaOTLTLTcFTlLl
fjsj0_sx224,TblLzTbTaTaTaOTaTlTvsLsLTkTLlsOaLHTlTLTLTaTaTlTLTLlLTLTlTLTlTLTlT
fjsj0_sx314,TLOLTLlLTLTlTaTcTcTcTwTvTvcTcalHTalTLTFlTFTLTaLklTzTLTaLacwaTlLTLTaLaTvkTLTaLaLTavbTacvLczLTlLaOaLHaOaLTuababuTbT
fjsj0_sx404,bTLbLkOaDlaTkscFcaLTFlFlLTaTaTLaclcvcFTOLOTkTFHFkOTLTaLaLOCLOaFKTLTacvacIacUaTcEbauTkT
fjsj0_sx44,lTlTLTaTaTkEkTOaOsTsTaTalLcKlTaTOETLTLTaTlLaLTlTLTLTlNacFTOlTuaTlTLavcLcaLakTlTLTOTlLTlTlTlTLlLTlTcLTlLTLTlTlTl
fkms0_si1490,aTLTFLlTLTLETUaLkTLlLzLTaUTLaTULTLKkFkTLOLaOawKUTlTLTLTaTazLTlTlaTbTLTLTCwTUaLKTLbzLTLTaTsTLvKhUTlTDTaTLTkKkwTLkLkTFLaT
fkms0_si2120,TlTlTLTbLTLTSLsTLaTKuKFkTzLTLTLTaFLaLaLbLlblLlTlTkTaUaTLawLaLaTkaTLTLlTLTLlLaTLTaLaLTlTLlLTLTLTKwKaTawTwTLaLTwsauaTkTaTLTLTLTLaLTSTLaLcTLTLUKUvLKkTLaTazkTkTsTaTaLa
fkms0_si860,TLblLTlTlaTLTaTaTavLTLaLTKTkTsaTLTLlLlaTkTKEFTavLTLTlLlLTaTLaLTKLTLTLaTkTlTkTkHTlTLkLTLTLTLaTaTlTLTLTLybLlTLTlTLTlkFacvTKkTLTFakTkTLlzLTLcTLTLTLTkTkLFcKkKkaTkTKTLaTLTLTzLlLTazLTa
fkms0_sx140,TLTlTLTLaTaTaTuKawasbTbhzTEKLKUTUTLTLTLOauLaKTLTubwbKULakTcTaTLTLTaKUawzwakTLTLkaLvlcFclTLakTkcKaeLlsOaOFalTzlaTLaTaTwLTlTb
fkms0_sx230,TLlLTLTaKTUEuwEKEkKTKcKTLcEcavslKaTKTSKTLlTlTFTFTLaLwakTkLaTaTOTzaTaTKUaTLTlTlzcFcLILcLwbLTKbKkTLaTLTLTLvKTKzUTFaTLwKakTLTLTazT
fkms0_sx320,TbaTaSzSLaLwTLaTlTkLTaTkLsaTkTkKyTkTaTaTaLTaTkKkFkcTLTaLaLTKTLTLaTakacLTLTLKaTlFTLalLOaLTkTlLlTkawTlaTLkTlzLTLTLT
fkms0_sx410,TLTbTlLaTwUTLTDaTkTLauKaLTkTlTLTLTLTLTaKUTwTlTlLTLFLFLUTOaTkTKEuaTaLTvLelsTlTlLTLFzTkavOvETlesTaTLTLTaLTsULulUcTLaUTLTaKOTKTKTET
fkms0_sx50,bTblLaLaLUcTUaTaTLTFTcacKLKwTLTaLTDTSalFTLTLULTackbKaLTKUTaLTaTLKkakTlcLaLKLKTaTLkTaLTLTaLkTsTaTaKclKTaTlLTaLkKTLTaTaTLcLaLTkTaLTLTLT
fmah0_si1289,TLTLTLTLcaTlTLacTaLTcTaLakTFEUwTvTlLlTlTlLTcaUaIcakTLaLULOaTaTaTl
fmah0_si1919,STLTLaTcaSTULaLTLTLakalULSLTaLUlTEluULDLceSeSTlTLTLTUvacvTvTlTlLTLTLTLTLTlTLTLcULsTaTvkTlTlcLcTaUcTcTlLaLaTlvclcLTlLTlTLTLTlLT
fmah0_si659,TlLTcacLTacSuSHTlLTLFcLUcecTlLTlvLvTveSTHkTlLlLTLULcSTcTkTaTlTaTlLJLTlTLblLclLTkvlcUSESTvlckvalTlFTFLakULULaTaTcaTlTOLaLcSTLaUKceFUELTSTUTcUvaLcTlTlLTaTsOTLaTlLlTLvLvlcSTLTavUcLSTecvcSaTLwTLTOTHLkT
fmah0_sx119,aTlTlTcTcTkTkTcLcTLTLTLTcaTKaTlTcLTKUTcaTaTUaLTaLULTaFcaTUaTUTaTLTaTcITLcLcLTLTLTaTlTLTLacaLuLaLcaOLTalTvlvclFcFlclcFclLT
fmah0_sx209,lKTLazaETacTLlTaTLTcTLaLaHaTLuLTLTaLaOTlTckOkTOUOaLUTUcLTsaTlUlclLTcLcETUcaTlLTLTaTLTcacLcLcUcaLTLTLTcacaTLTzTlTlTlTLlT
fmah0_sx29,TaTLTLlaLcLTaTLTlaTJlcauaTLTLTLclaTcTcTaSaelcLvTaTzTlELULaLULcaTLTLTaTzTLTlaTLULcaTLTaTakTlTlalTFTbTa
fmah0_sx299,TFTLlTlLTcaULcLTLTULvlTlulTaTcTLacaTzTLaTLTLTlTLTcaTLaTaTaTcTcacTcTcucTLcTlTlTclcFclTvTblclTzTLcaTcTFLTaT
fmah0_sx389,lTLTlTLavLUcSeLvwTcLUakKkTLaSacTlFLcLULUTLTUaTLTLlTLTacacTkTaTlTaLcTaTLlTacTLTLvcvLTlTLTaTcTaTOLaTvTUbLbT
fmml0_si1040,TLTkUTSTaKcucakTcLaTUsbLULTalakTLTaTLwaTaLILcTlTUaNzTULFLwkaLULcTLTLTLackKcuacSTUvaLaLcwaTLTLaTaTLTLOKLTlTlTaTaLOaOaOLTSTULaLTaLb
fmml0_si1670,TLlLlLlaLTaLTLUaLUKcTLUETawTLzTLaLTakUKaTLTLaSLUaLacUaTLTysLsaLalTlTlLaLFLlLTLTLTaTaLalcTLaLTaTaLzLacLUuacLuKclLaLTFLlLUT
fmml0_si2300,TLlLTHzTlacTucaTkaLKTaTLTLlblaLakTLzTLaTaLTLTLTLTLaLTLTaTaTaKkTkaLTbSTLaTLFUcakTLTaLlLlLTLTacakTkULaclwlULTlTLTLTlTLTlLTLTLT
fmml0_sx140,TLTLTLTLTLTwTaTaTaKcuITcLTacLvLNaLaOakUKTFLTLaTaFTcaTlTbaLTLTaTaUakTclETaLaLkLaKclKaLaNcFOTOTcUTLTzTLaTLOaOTULaTavNalLalTcaLTlTbLTLbLTETLTLTLTLTLTLTLT
fmml0_sx230,TbLTLaKacacIauTcTcScacScTwTaeTaLaLlLTLcaSaLTsbTbTaTlTLbTbTLaTFcTkTalucuUcUcacTFLTaKLzTakLlzLaLILaLTaLTaTLlTLTLalLlbTLTLTLTLTLTLTLTLT
fmml0_sx320,TLTLlLaUOTuKOaTaUaLacaTLlLaTaULTaTbaTKLakKTLKEULTLcwaTaTaTaTaLckTlTLTaTaTkakTLULakKcLTLuTlTbaLvcFKaKaLaLlLzTFTFaTaLTkcTLzLTLTLzbTLTLTLT
fmml0_sx410,lLTLlbLbLauaTLSLsLTLlLaTaTSLlTLaTaTLlFTaUacTLTbTaTLcUcvlTlTlLTLTLzUuaScavuKaSTsTlLaTLaTaLaKlKaLTLlFUalTlT
fmml0_sx50,TLTLcLcLTLTLTzaTLTUTLaLTaTLTLaLTlLaLaLTLTLTaTaTaLlKaLblLTLaLTaLTaLlaLaTbTLTUTaTakTbaLkaTLTaLSTlLaLkTLzaLacKaTLTbaT
fnmr0_si1399,TLTOTLaTLTlTLakTLlLkaKaTLaTcTaTszLaTLzTLTLTaTLlLaLaTlLTaTKTakOTaLaTOlTvTvLcSLaLcacTaTaTOTOacKTLaTLOLkTaETzTaTaTaTLTlTFaTkaKasOTaLTLTLal
fnmr0_si2029,TLybaTOThTLaTaTlTlTLKaKTLTaLTLaKazEbyaTaTaTaLTKTKTLTaTaTLTLaUaLcacaTLTLTLTLTLTLTLTLTlLlTcTbTLTlTl
fnmr0_si769,TaTaTLTwTLTLTLaTaTLlLaOTELUTaTaTLOkaTacawazuKSTLOKOcEFzkaLTLcaTaFaTlLTFLaTaTazwLwzaKaKaKSLcaczTaTauaLaLTLT
fnmr0_sx139,TDLbTLTLaOTlLaLTaKacLaLcLKTLTLTlLaKaTLacTsaTLTLTaTaTaFTFTOLaTOTkTLTlTFTLacTzLcaLaTuauTaTa
fnmr0_sx229,aLTbaTlLTaKTaTLTLTacaTaTaOcTlLTcTFuULaScaTaTlTaFTLTzTaLTaT
fnmr0_sx319,abaTaTsTsOTlTaLTsTDlDlaTyacTaTaTazTcazaTOTHaOcaTLTvsTaLTLTEsTLKczKTDaLTaLTLTLTLaTacTacaTcTaO
fnmr0_sx409,aLaLaLTyvLTLTULvLSTLTLTlTLaTaLaTLOETlTlTFaTacaTaTuKuKLaLTLTUTaTOaTLTLTaTLTlTbaTaTLTLTLzazTaTualcLTaTaKLTLTFkSLOzcTaTLTLT
fnmr0_sx49,TaTLaTyTakTaTLTacacacTcacaLTLzazakFTaTLTaTaLacTzaTLTLaTLaTaLaeSUSaULaKTaTaTlTlLFacaKaLTKOKaTLlLlsTLTLT
frew0_si1030,aLTlTLlTlaTucaTLeTaTeSLckTaTLlLTLacacLakTaukDsLTbLaLaLaTlLzLTLTyLcTzc
frew0_si1280,TLTlTzlzTaTacLTaTLacLclTaHlLTLFcacacaTkTaTLaTuaKkakLaKawlaTLTLTaTkTLTFascTcTcTLTLaLTaTaTaTzacTalTaTLTsTaLaLaLTa
frew0_si1910,TlTLTaTLcFTcvcLHLclcacTUTacakaTEcuauaTLNlevLsTLlLlTLTaTlaTkaTwakakaTaLFaTbLTLTaTkTkTbLaLaFLaLScLlF
frew0_sx110,TlTLkTOTOTUTaTLTaTaTaTLcLclcKakaTkTlTLzbzLaTLzLzLTLazacTLTaTLTaTaTLlLFLTacTaLazLbLKSTLUzKlcazTaTLTLTaLcT
frew0_sx20,TUNTNaLavaTcTakcvbvackOLcacalTLcTacTOTlTlTlTvTKScacvcvcLaLaLFcTLTJOucazacLcLcOTLzkcLcLTLTcTaTaTaTlT
frew0_sx200,TaTyTLcakakavTaclTcTaTaLcLsETaTcTkTLkcaKTacLaUzTLcLTLakLkOTOTaKackTlTcaNFLOLaLaTaTlzLTzT
frew0_sx290,TLlTLTLcTLTaTlLTLOaTlLlLTLTLTlTlTLaFTLlTlTaOTaTcTaTvTlTLTbaLcvcbLcTsawaTcUTLTaTOTlaTakTazaTalblTlTLTLTaTUaTLUTaLTaTlTLbaOaKakaLTa
frew0_sx380,TlLbULaLTlTlLTavauakTHaTLTaTakaLesTaLaTLlLaTkTFLlTaLakTaTOTavTLaTaTaLFLTLT
fsem0_si1198,TLlzTcTcTLTLUbULUbTLTcLTLUaTaUTlLTLcLlTLTLTLTLlLaLTacakuaTkakTLaLTKTKTSLTuauLaLTUcTalTlTzTLaLcTcTLclcTuTLsbTbLTLTLTLaTLTLT
fsem0_si1828,TLTLTbULTULaLTLTaLSTwLTaTLcaNLSTlTLkLTLaUIULULkLTLTcTclclclEaEacLUackElLlLTLTLTLFaLUcTIaTULUSTeTlFlTlLlTlTLKcLITITkTbTLTLTaTlTlTLaLaITIUIKcKUcNcNScLUcaTLTlTLTaUaTLcaLcaLTcacLTvcaTlTLUaLakOaUcacTcTcTaUazLTLlLTlTbLlLTLTLTLcaTLc
fsem0_si568,bLAvLULuLbLTbUcUaKcaTSTuULULaLaSacakTLavSTcLaLaLcTUaTUacNTLTlTLTLTlbLUTaTcTbTuTLTLTwaTUckcakTbaUKacKcacawaTLTlaLaTcUbcuTuTuaTULUcEULcIcTITacTcTcaTaLcacaTbLT
fsem0_sx118,SaTLTLTLcaTLULTlTcuaTcTcSuaTaTLTLTwLUTLlTcLUTaTalTalTaTacTLTuaLTaTLTbLlTLaKTaTLuIcIcTb
fsem0_sx208,TLyaLaTSTLcuTlTlTLTUaUIUuITLIckakTcLuacaJTLacTuTUwkTlLlTlTLaLacvLULULakTlTlTLTLTOTLTDacLcTaLclFkaFcvcFTlTlTlLTLTl
fsem0_sx28,TbLlTcTLTaTLTLDTLTLTUTLUTUbaUTbTLlTcLaLTaTLcLTklTaTLlTIUuakTaTLTUKLwcwEKIUTUTLUvaTKuTcTzTaLTcULUTaTLTLlLTLlLlFLT
fsem0_sx298,TzTaTaTLTcaTITacTcvIcTSTlTJTlTcSLuTuLTcakaKaTaSLSTLlTlTlTlTLTlTaTUTLTsTLTLTaTckTaTSeTwaTcKaLTLTLlLalLUTLaIaTLcLcaTOTalTlT
fsem0_sx388,aTaTLTwbTauSuaTSTlTULULULUTaTLULUTULcaSNeFlATlLTLakLKuacTaUaITauwTakTlaTacakOTcauaIaIacITuaTUIaTcaTLTLTlaTcTLTULTlTLlFcTaLaLTlaTlLTLTLUcTLcLcTlacaLackTlLzLlTLzT
majc0_si1946,cTFTLFTcTaLaLcTIazLTLzTazLcOaLOTazKLcLaIaLTcTcKTlTacaKaLOTcLSLTLTLaLOKOTLTLTLTLcIuLcIczcuLuKLTLzTLTLTLz
majc0_si2095,zTzTzTzTCkcLaLOkTaTaTakODTOaOaTaTLyLTvTLOTaTLOaOHOkTaTcLaOkTaOTLacaLTLTLTaTa
majc0_si835,TlTLTacuKTaTFTLcFkTcaFTLaTLTOcLTlTaOTlLTLTOTcLcsTaKaLTLTOTLaLKaLOUTbaTzbcTKaTOLTlTLFOLOkTaOTLacacHJOTFaKTlzcaLOTKLOLaTLlLTlTaUOzuwTaTaTaTaLaKzazTzT
majc0_sx115,TzTLOLTaOLTOLUSLcFcFOvTOTaLOLOKTLaTLTOLOLzTzlzaTyTLTOaOLTzlTacFaFLTbTKTLcaKTLTLTFTcLcIcIFaOLzOTSLcTcTcKLTLcazbTcTl
majc0_sx205,TcTwTaLkTcTcTLTFLOHlTLacaTlLTUaOsTaKwawaLOmHLlblTLTcLcLaOLTLzTLaOTkTsTaTFaLOcaSzSzScaTKszaTaOTaOaTacOsaTacaTbaHcacTLTSaLaLlTLTaTFazTz
majc0_sx25,TlTlLcKLcLOTcLcamLHTlLTUSLcLcTsTLkcTcOmLaOTaTakackTLlLTLlLTzbT
majc0_sx295,TLTLTLlyTLOTzTcuTLacLaSuawaTzTaTlTLaTLcaLcaLzSTLaczaTaLTaLTuaHTaTOTLaLTLTzTaTOTLTOLaOLTLTOTLaLaLTlLTaTLOaLOlTlTaT
majc0_sx385,TyLaTLTLOaTlTLTLzaLOacScKacEcTmLTLTLTLOLcLcSzTLTaLvaTaLaKkTkTOaTLTLOHzcLcLcacacLHLczLKTaLaLaTLTLTaTa
mbdg0_si1463,TazblTklLkOzOELTLalaTLTLTLTaOTKwOabLaKuKuKwUEuUKTKkTLbTaLTLOLTKEKLTwuLKLTLaOTLTlTaLTLlLTaLTsTOaKTaTaLakTUT
mbdg0_si2093,TLTLTLOTOTLTkKawbuwTLaTacTLTLFLUOKwKuTLTLTLTLTLTkTOTkOuUuTauLKLOkTLaLkcaTycybcaUkLFOzTaTacLTKuTFTFzFTILwKFkTLTLTOTLTDuDSDSUkUkKLTlTLOTUbTLT
mbdg0_si833,TLTlTaTcaTluwvwKTKTLlLlFzFLacuwUDHTlLTLaTFcEUKTaUOacLcTlTLTKFUlTLlTcTLTwTaTaLaLcTUTlTLTblbaTLTLTLlc
mbdg0_sx113,zaLazTKTLbuauLTLTalLcTLaTKaKkTkcaLTUTaTLTHTaTLTOkwaKTkTaKkKUkKLTaTl
mbdg0_sx203,aTlTLTLTzTLTuKuLlLaOUKETaTkTkTkTLkTksacacukTLTLuUcKaTaTLaLNaTLcacLuzuUTaT
mbdg0_sx23,aLaTLTFUKTkLTlsOTLTaOlLalLTLTaTaLaNLaLTaUaTUalUlLFTacLcTLcaHsuEbuKwOEaLbaKLTLTKPUwcaTuFUuLKcFBwTUTLFTcvcOFKaTsUTsblLT
mbdg0_sx293,TLTLlTlLlUaTaTaTlbLbTLTLaFvKcKFaKaTaTlbTaTaLslTuTLaLaLTLlLzaTLTLayaTLTLTacUaUaTlzLFULcaLlKcuwTFLTLTaKTETETLTLFLbOuaTaLSDLTsLOLaLTaUaTcLcLTLazauETaSaSsSUSaT
mbdg0_sx383,TLlTlTlTlLTLTaOTuwzacTlLOTlTaTuKLTsTOULTacaTaLaLNaTLTkKwsLsTLaKFTETkTKUOTwzLczcvcLTLazczayaTUKTaTawLauwKwKwKwKOT
mbns0_si1220,TaTLOFOTaTaTcUzSacKTLzScTckTkTvLcLTFTLOTLTLlTzakTLTLTLTLaOTLTLkTFTLTOLckalTLTLaTLT
mbns0_si1850,TaLlLTkakTckTOETaTaTvskTSaLaUakacScaEKTFLTaTasaOTLTsaTsTbLavcaTLTaTaucT
mbns0_si590,cTLTFTLzkcaTavTvaTLTlTbTLTLaTaTacLTLTLOTKTaTLTOLTLcHaTLTLTLUzTKackTOKaTLzcKTLacLTlTyTaTLTacKaTLTcTcTakTLTLlaTOTOUzTlTLTakhkTkaTaTlacaTakTKwTLTaTLTLlLTbT
mbns0_sx140,aLTLkLTLOTcOHTaLaTcLcTlaTLTFTkaKauSzScTLaKsKaKcTLFTKacakTLTOTaTcTcaOTLaTlTlcLaTLaTLTOTLTlLaTLlT
mbns0_sx230,TlTlLcFKcFTKcucLczcaOvcTaTaTSaOLakTaTaLaTLzTlLczcTKaSTaTLTLOTckKLTLczacacaKTUaLaSazSczkcaTckzczTaTcaHLaHkTlLTLTFTLTaTLa
mbns0_sx320,aTlLTaTLTOTkTkTlLlTOTOaTaUKkKazaLTavTOTczkcaKTlTaLOasLaLOUvsLcTLTLTLSaLzKTayTLTLTLTaTLTOaLkTaTzTa
mbns0_sx410,TlTzTyTLcaLHLOTsblzKaKcKcazaLTLTLaLTLTLcaTLTLTkUKTLTlLTLTzcacTcvcLTalLlLTLTaTakLkbaTLlTLTlT
mbns0_sx50,TlLlbcLTUTLTLcLaLFkcTakzTLFTaTlUaTLTLTLlLaLTLTcaLTaLTaTOUlLlTLlaLTcKTLTaTaTaLTaLTFaTOTuTsLaTLTLTbauaTlLTLaTavcFczcawaTcazTa
mbwm0_si1304,TlTaFaLaLaLcLvLcTLFOzTalTLFLHLcTSkTULFLFTcvcaTKUKUawaKTaULzSzaKakTLTLlFLFLFLFEKTavLUvNLaTaTLcLFLHcLcTOLOacaTkTcLzTzTbTSaTacacTzTca
mbwm0_si1934,bLcUTLkcLSaTLULzKzTcaScSczwKaLczTLTb
mbwm0_si674,HlTLaTOLaOTLcFcFlcLFcLUTcLFTLaTaOLTLTaTakLTcLaTlaLaTackTlLOLTLlLacaTbLTLTFLFcTbTzITLaTacLTcavLaUwUTwTcUklLFcLcTFcEFakTlaLaLTaTaTLTaLcFLTlaLacUTbTcacaTaTaTaTaTaTlca
mbwm0_sx134,caTHTbTlaLaTLTLFaTaTkaLacTaUzSTaTUTaSsLacTckTksLTbsLTLFLOazwacackTFLFLTcTFTFLTLFTFLFaTUTLTUTUsTSaKTUsLTaTsTLTb
mbwm0_sx224,bTLTLlLTFaLkaKTkTLTaTaTOacaULTSLTacLaLTckTUTLTbLTlLFcTFLTaTbv
mbwm0_sx314,lLaLaLTaTLlcLTLaLTLTLTLlaKzScTaTESULacaLTlTkcacLaOTLOaTcacTaHTaTLTLTFTcHhaTkOHcaOaTULTLULTaTLTLTLTzTzcacacaLTLTcacacTabLakHl
mbwm0_sx404,lLlTLaLcLKaKacaTaTcTbLaTckUTbTaTLaLakTlTlFacmTaLTzTLavTUSKkaTLTOTLaFckTkakTkDaTOTLTzcFzaKTaTLFUKUKaKacaTLT
mbwm0_sx44,lLblLlLlTaTaTLTLlFLaTOcTlTuLcUaLSzaTLaLacTUTaTakTbaTaTaSaULaTLFLTlzcacSLacTkacLbSzSbLcTLTLTcT
mcsh0_si1549,aTLTvaTaTcLcKLTLaTLTLTacTaFTcFcKkLTaTLalFTacacLaKaTLTaLTLTlTaTlTLTlT
mcsh0_si2179,aLOTLTzclcFTacTLTLcKFKkTcaTkTkTkTacTLTaTKTLFLTOTvTlTvLTlSTLlLTLTlTlTlLTcTLTl
mcsh0_si919,aTLazTLFvIScTLTLTLcLcFTkakcaTaTaTcTlLTLTLacTlTLaLTaLTLTLTLFkTkTLTaTaTkcaTsLTaKTLTLaFaTvLTUFcFlLlTLlTLFcLaLOTaTLlLlLlTLTkTLkTvLTkTFLTLFaTcLTLOlvTScFaTLTLTLaLTLTLTaTLaT
mcsh0_sx109,aLTLTLaTLaTLTaLaTLTLcKTLTlLaTLTLaTaTLlLaTOTLTaTHTLTauLcLcLcLFcaTKcaLlLTLTvlTlLTlaLaLFTcSTcFTLaLTLTLTLTLTl
mcsh0_sx19,TaTlIczuaLaSTcSEacFcFKTcTaLTLTLcFcTacKaTcTcTLHLHTLaTaTczLFTOTaTvazTlTLFLcTcFUcTFTlLTaSTSTlTLaH
mcsh0_sx199,aLTlLvLTvaTLaTLTLaLTNLTLTcScSkTaTvTLTkTcvcacaTaTLlvlLFTLcvcFaTOaTkTlcaTLTLTaFlTLFaLTDaTLaTvaLaTsTLaTLlLFTLTLTvaTalLTFTkTkTLTLTLFaTLaT
mcsh0_sx289,TaTLcaTLFOFTcFcFckTcakaTlTaTavLTLTLTOaKaKTczcTFaFLTLTaTLFLlTLFTakTaSTkaLHLTvOvOaLTLFaLzTcFcKTaLlTLTLTaTkUFKTkLaSLScLcaTzaT
mcsh0_sx379,TaTLTLTLTLOTLTLTLOTzaTcaTacTaTlacFKLcFaTLTLcFcFcTKaLFcaTaHTLTFTaTaNTNaTLTLaLaLa
mdlf0_si1583,TLTaTaTaLlcTacLTaTLzaLclTacacKHLlcTucKlcTFcFTFcFcTlFcaTaTlcaHLTcTLaTLTaTLaLTLTKlLTaLTz
mdlf0_si2213,TLlLlTLTLFaTLTOLcFKFTFTOTcFcFcFLTFacTLcaTLTLTLTOTaTlTbULULlLT
mdlf0_si953,TLTlTLTLaTLTlLlTvTLTlTvTLTcFcKLTaTckTLTLTLTaLTLTLTLTLTLFTLTlLcacLaLTacTaSaTlLTLFlFckTLlTLFLTLTcacaLaTLTkTcTvLcTaKTlLlLTLaOTaTaLTLaLTlLlLTcTcLTLTLlLlLal
mdlf0_sx143,lLTLTLybyLTLFLTlTLFTFakFaTLTcFTuaTaTlTlTaTLakTlTLTFzOLOTLaDTLTcLcTLTLTLlHlTamTLTcLTLTHTOTLOaTaTaLTULULcLScSLScLSTlT
mdlf0_sx233,TLlTcaTaTLcacSTcTaTaLTaTLTLcFaTLTOTaTvTcKTLTFTLTlLFaTcTcTLTLaLTLcLTLTLT
mdlf0_sx323,TLTzFKFTaTaLvcacacLcuaTaTaLTaTOTaTkUcTaTaTzLTlTaTaSTaTLaTLTacacTLTLaLazcaLaTLSlcTkTkTaT
mdlf0_sx413,TLTLTLTFTaLkKTLaTaTLlLTLTLFlcLaTvcTaTaOTLTLTLTcaLScKTlTlFTaFacTavLlTLTLFLcLcTcacaLTlTlTaTLTaTLTLTlcTLkcTLFlFTacTzSTSTlTlT
mdlf0_sx53,TFTLaLlLkTOaTOTLTLFcLTFlclFcTzLaTLTHkTckTavLlTLTLTLTLTLaTaTvzOTLcTLTLFcTvTLTcScacLcLlLcFacLl
mdls0_si1628,TLTLTlzLOTLTLTLTLKaKLTLTLlcFcTacTaTLOTLTLaLkFkTOTaTaFvcSLcaTFcFTcTcTakTcTUkcFEKFaFLaFuvScakTaScaTaTaTLTLTalT
mdls0_si2258,TlLTlLFTOaTcLcTaTkTkTacTaTvaOcTcucScaLTOTaTcLTlTFTazlT
mdls0_si998,TLTlLcLcTLOaTkTLTLTcTOTLTLUcakacKTaTLFcILcFzLcTFTFTaFTaTzalblTlT
mdls0_sx188,THTakavLzFLcFzAFLTLacTaKLFcTLTLTaOTcFcTkTaTaOTaLTLTLTckTLaLaTLTalLTLzcKTvTLT
mdls0_sx278,TLTFLTlTLOTLTLacTcacTcTaTLTLTaTLaTLTLTOTLOTOTUlULTLOaTLSalTLTaTLTLOLacacacTLkcavaOTlaTaLcOcLcLczTzLcFcFTavOalLTLOTczkTaLaLTcLTaLTala
mdls0_sx368,TlTLTLlTaTLlclcaTLbTacaFTLlTLOLaTkTaTakTKEFTlLOlcTOsazluOuKuFcTcTLTFTOzFOaTSLcTLaTblaLTLFTcHaTcTcFaOaTUTLKlUcLTcOTLTaLTzLTLTLTcTaT
mdls0_sx8,TLacLclFclFLKTLOTcLcSTcTLcacaTcTacTkTLTLFaFcTcLaUKTFKTlTcLTLTLlLU
mdls0_sx98,lLlLTaLFTLTLTLTOkElzTcTlTLlLalaLTFkTLTOFcTFacaLaTakTlTFTLkaTa
mdvc0_si2174,cLaTbTbTcwLTLcLakTaLTLaTaTLcLTLKaKUKuzTLaTazLaTbaTbTabDbTLTaTLaTlTLTaLTaLaTLaTak
mdvc0_si2196,abaTLTLaTLKOaTLlaLzuOKLTLaLazakakFTLzFTLlaTsDacaTaTazazaETaTavcTacLaTlTLzLaTaTksTaLaLTLUOELlTKTaLaUKTLKLKaTlTFaETULacaTLTLTaTLlauUucuaKlLaFTLTaTLTkOETLaULaTlTlTFEeTLTLTvLalUlbTaUkaLTLa
mdvc0_si936,TlLTbTFuKLKcKcTLaUTcLTLDlFTLUaUKsaTLcLaLcSEaFaTLlLTLeLNLaUTaTLTLTaTablTETaLaLTlLTLTLTLaLTLlLTraLcacazTacaTETLuTvcLcaLa
mdvc0_sx126,aTybLTcTacakTLaLTaLTLckTLOFcvcLczaTOTaTLTLKaFKLSLcLKakaTaTLTFTaTLaTlTFLaLaOuSOawaTaTKulvkUFEUaLbl
mdvc0_sx216,aLlTlLlLTFLFElKaczczcTLcLcLcLKaTaOTlcaTaKFTUTLTFTLvuEKcacLcaTEwTuLcLcTLTLTaUKNuKwzTETaTLTLbTba
mdvc0_sx306,lzTLTLFUKTlLaTFLTLaLuKFKTLlLFaFlElTLTLalLTlaTaOTLwLbaTvLwLvwETLELTvasalTlTaTacTKLTLTLTUKETbaLacKcTcT
mdvc0_sx36,blLTLTlTLTLlFLlcLzlcLaTElaTKEwTwlclzlzcTLTFTLOTLTLTaLTaTazcLcLcTLTcFcTaKTaLTLaTalTLlLcaTvaTlTaKTkTkaTLTaTLTaTLTvULaeLlTLlLFLKawTLTaTUSLuaLaTaTaUeLaUaTLTbT
mdvc0_sx396,TLaLlLaTLTLTaTLTLaTLlLTaLaLsalTaTLaFTkTETLTFLvcEcaTLvaOlTaTaTLaLTcawLTkwEaTLyLaUTLczcKEKuKwaTlLlTLcLcaTlaLTaKTlLlTFaNacFETUTaTFLFTFEULKLczcLcFcFaUOSUlULTLTLTbTLT
mers0_si1019,TaTLOaTakTakTkTaTaTFTlLlLTUTaTcTLaTLTbaLTLacacaTaNlLTbaTLaTLaTaTaTaTLaLacTaTbaTLaLaTacTlLFLcLTLTLTacKcvsLawcaTUaDTLFLFaFLTbl
mers0_si1649,TLTLTaLaTzlLTLTaTLkakLTkcakaTaKFcKTaNavlcalaclTLlTLTvaTcaTkLcLTkaLTLTcLaTbLb
mers0_si497,zlTLTLTLTLTLlLuaSacFaFLTkTlLTaTacLkFTaTLTcTUlLFLcTFTaTaTaTLTLTaFcKTLTlaLzaKTLlLlLlTlTLFcKLScaKkakaTaOTLTLTlLyTLTkTalLTLTacElFaTckTkUTLTLaTlTaTLTvTcaTkHTaTLTLaLacacakTaTKcTaTLTLaTLTLFakTaTLl
mers0_sx119,TLlLlLaTaFLTaTLTLlLzTbFcTcaLcvLlTlLTLcLcaLlLTLTLaOaTacLTLTaTaLTlLzLTLaTkTOkaLlLaUacLcKTlLaLaLcaUkKTLaLKacKLFKTETlTLaLaLSLT
mers0_sx209,TLlTLTcTvTaTaTaLTLaKuFKLTLTaKTauFKacUcTkOTOTLEDauKTFaTUkTkcTaTLcaKaKTKaLaLacLTLFLacTLlaLcLcFLTLTLaTaTLaTaLTLTaTaTOTaTaTl
mers0_sx29,aTLTLTLaUaKvTLTszaTlLlsTUTlLTLTLOTLTLaLTaTLaTKTLlLTLaLaTaTaTLTaTLacTLTLTbLaTaTcTcKUKFaTLlTaTb
mers0_sx299,aTlTLTLaLTaTaTaTLakTLaTaTaTLTaTlLTlakaTLTLaTaUckKcKcKSaTaTkakaTacTLTacaKaLaTaTcaTaTkFLcLaSTcaTLOT
mers0_sx389,TLTLTOaTcFcTlFcKTOkDTDTlTLTakTakTLkLzTLTLTaTaTaTaTLTmvTaTkKTcTacTcTaLcKaczLcLTlLTlLTLTLTaTaOTUaLalTLFTakKkKaLTakaTa
mgjf0_si1901,aTlaTlTaTLaLaLacTcTcLcTcacFcaLTOLTLlTLTLTFLcaTaOLTuaLaKaTLTlbTOTLTbLsLsOLOaTLTOTKTLTLaclczaKaTaczcacasLTaOLOLTLTLTFaT
mgjf0_si641,TaLzTalTaTLTLTLaLTlTLzaKTaKFaTcLTcacvcvcaKaLOTLTFcacaTzaSaSauawaTaTacUvUcacaTUTazblbacaLsTbzazLaTLTLTOaTLlTFKaLazkaTLUTUFaFaFKcLacFcTLSLKcTaLOTsLsLOaLaKcLKFcaLKTaTLTLTaLTLTaTUsTLTLTLT
mgjf0_si776,TlTLOTcaKTLacTLTcaTLalalTaLTalaTOTLTaLTLaTaTaTaTOalLalLTaLaTa
mgjf0_sx101,TLlLTlTLbTbTaTlclLaTLTLacaTaTaTLTLacKTaTaLTLkTauacacaTLTLTLTauTOaTaTaLTFLcFTLcacTaTaTUTcLTacaTLaScLFLucuKaKkckaTLaLaLTaTaT
mgjf0_sx11,aLTLlLyLSLOTLTLcLcLTNuKazKLTaLauaHaLaKcFcKaLaLT
mgjf0_sx191,TaTLlaLOaOTLTLTcacawLwaLaLaLScLcLTLTLTOacaTLTLTvLTaLTlTaTLTlLlLTaTLaTFTaOTavsLvTcaTcaTUTFTLaFaTaLT
mgjf0_sx281,TLTLTLTLTLTLaLTLTbubTaTlcLcaTaTLTLTLTLaTaTaLlLTlLaFLTaTaTOLTLlLaTlTLTaLOkTaUcTacTavaTLTLTLOTLTLaLTacLacaTlTFTaKaKauwcLcGKTULTLTlFLaTLl
mgjf0_sx371,TlTlTlTLTaLTLTLTLTLaTzaLaTaThTakzkcTLTOLTLzaKLcTLTLTaOTaLaTLTlTLlLaTLaLaFzLzacLaLTbaTaOaOTlUlaFalTlcTFLTacaTaHaTLTLTLT
mglb0_si1534,TaLTLTLlTLTOTaOaTUaTLTKlKTLKaLKTLaTaSLlFcTKFLKTLTKLaTLTLFacackTlTLlLTLTlzTFkTsTsaTaLaLTLaTlTlTuauKTluFKFTLbuKFkTLTaLTOTOTLTLTFTLTcaLalTLTlTbTbLbTbLbTlLTlTlTlTlTlTlTlTlTLT
mglb0_si2164,TLTLTLaTlLaLaLTaTcaTOaTLTFKTLTFTLkLkLTLsLTa
mglb0_si904,aLTLTLaLaOTlLTLOaTkaTaLTaLTLTOTsLTLTaTKTOaFkTLlTFaTkckazELEKTaTaLTaTLTLbTLTaTvOaFaFTLTaTcFKcaFkTaTaTKTETaUuKSKzKFKuLuLzFzaUb
mglb0_sx184,lLTLaOaOLaOTlLalTLTaTaTlTFLTbOLTaTaKLKLKuLucLcLcETLTLTLTaTHlFTLbaLKFaLTOLTLaOLakLTalTaTFcLcac
mglb0_sx274,TLTLzTaTaTavKTLlLlTLTOTlTLTOcFaTaTKuKuaTFaLTOTaTlTlcFTsLlcFKlTFKFKFKFKkFkTvcTaTasTaLa
mglb0_sx364,aTLTLTyKTOvaTcaTLTLaLTKTLTaTaKaTKLKLTLTLTLTLTaLTLuKlclclzczczclTLTaTaETSLKLTETlTLFKakTkOTavaKTaTLTaTaOlTaLTauLTKFLKaFKFKLaTLUTLsLTaFlTzTLFTLTaTuTLaLTLaLaLa
mglb0_sx4,aLTLTLTaTUTsLDTaLTakaOsTLulFcKLTyULuKcTLTLTaKaFKaScTaLacHTlLaTLTLUTLTaKUuLacTaLaLaLaLzalTl
mglb0_sx94,TLTLOaTLcTLTLTLlTFackTclTauKucKTaTaLaKTLKaKsKTLsLlaTLTFLTaOTLlLzcLTLaTaTalLTaTlTUacLcaLaLa
mgwt0_si1539,TLFaLTFaTLTLlLlLlLTLTaTLTlLTLTLFLTLTLzLlLTLFczcTLTLTLFcTFcLTLcETLTOTaFaTLTLTLaTlTlLlLlTLTaTaTATLOLcakaTaTaTacvczcLcacLzLakTlLaLaTLT
mgwt0_si2169,TLTLTLaTaTaLkTzkKTzTLTLlTzcTLTaOHTLFLODLTOLOTLTLTLTLTLTLlTLTlclaLcLcaFLTacaTLaLTLTaKaTaTaTLTlasuaTOkaKazKTaTLaLlLFTzTLTbTlLlTLlTLTLaLTaLTkTaLackTcTauazaTsTLaTbTHTKkaTsELT
mgwt0_si909,TLTLTlTaTaTaTaTLTLTaTaTaTLTLaTslLcFTFcFLTLTHOkTHOTLTLaTaLaLaTLHOTaLHkaTcTLTLTOTaLTLTLaTLOTOTLFLTUKTakTLaLTLTcTLaKcaFcTcTJaTLcTcKLKaTcTsTLTcaTLTLTauaLOlTLlaLaKakzkTaTaTsTsTaTlTaTlaTlTlzlTluTcTLT
mgwt0_sx189,aTLTLlTLTLTLcLTLTaTcaTaTcTcaTLTLaTLTlLlLKTkakKuKbTaHaTkUcTaTaTaTkTLaLaOTcKTKTaLTaLaLTzcvcLcLKaKaLFKTkaTkTLlLTbLacTaT
mgwt0_sx279,aLaLaycTLTkLaKFcKlTLTLTLcLkcklLTLFkcKTJFDOTLTLcEcKcKckTcTLTaTaTcTLaKLvclUcTcTcTLTlLcTvLKLTzTLazkKFcKETlLFcFTclTLaLaLaLTLaLaLaTLTaLTFTkTaTbTlLlLlTLTLaLaLaLaTLkLaTLlLlTFsTaKcTaTcFLcaLkTkTLTaLTaTaLULaLaTaT
mgwt0_sx369,TLOLDFaKTLKucElTlTLTLTlaLaLamTHkTOTcTLkzEULFaFKFcFcFcTLTLOKCKOacTcvKOTHLOLKTLTaLKLSLTLTLTLTcbabTaTaTlTlTLlTLTLzLTLTzTLTLT
mgwt0_sx9,TLTlTzTbTlTLTaTLaTaTLaLTLaTLaTLTLTaTaLaLaTLacklTlLTLTLTLTLTLTzTlcTscHLcTcaTLTUcvcacvLTaLcLTcTOTcLcTLacLvcLcaTaTaLsLaTababaLaLaT
mgwt0_sx99,TlLOKOTLTLTLOTLOTacKTLTLTlcLTUKkTaTcvLaTlLlLFOaTlLlTLzUKTaTgTaTKTwKTLcTzkcaSTaLHTlLaFTLTacsOLTaLaLUTbcbabTbalLlLTaTLlTblLT
mjar0_si1988,TLaTLaTKaKTLTaLTlTlcTLaLTaLTOTavLvcaTlTaLaLacKTLTaTLTaLkTbTlTLcLc
mjar0_si2247,TcTbLlLcLaTvlLaTLaTLTLFLTOackcTFTOTOaLaTLaLlLTLTaTakTcAvzTvSvlz
mjar0_si728,TlTLTLTLTFKcLTLTaTkUKTLFzczcTlLTLFaLTLTakTlLTLcaULTLTaHLHaLTLTcLcLcTLTLOLTLTaTkTlTLTLTFTFTLUTLTLTaLcTLTLTLaFlFcLTcOcTLzavLcLTcFLzTbTbTLTLlTLTLTLbTbLUTLTzLTLTLlTLcLTaLlLlT
mjar0_sx188,lLyLaLvLcLaLKLTOLacaTaTkTLTLTLTLTLTzczcTsvLTkTavakTaTaTaTLTlLacaLaTLTLOTaTLTUkaKLKLcTcTLT
mjar0_sx278,laTlTLTLTLTLTacaTaTckTkaTakTLTFlLTLaTLTzlLTOTOTlTLlTlTLTLTvTLTzOTLTaTLTaTaNaTaTLTLTOzSaLTaLaTaTlTzvSLcKFTcTLaLTaTaTaLTLaTLTcaLTaLTLTLTbT
mjar0_sx368,TcLTETlLTcSaSaTLTbaTaTaTLTLTlLTLaTLTaOLTOTOTlFzLzFcaTaTLzTcLcFclTaTLOETaTcTaTsbTLTazLFaTaOacTcTUcLcFacaTUTaTLTLTOBTlTbT
mjar0_sx8,lblTcacLcLScLaTOLTUKcTcaTLacacaTaOTLvLcTaTaTaTLFkcFcacTaTaTaTsLalLaLTLTFTFTcTLTlTlbTblTbTbTlTb
mjar0_sx98,TLTlTLalFTakaLTLTFcaTcTazaLcLcaTlTLaTaLTackTaTaTaLTlTLTLTFLkLkLTkTbTbT
mjfc0_si1033,TLTLTaTaTLTLTaFTkcTEHkTlLaFLaTaLsaTOsOsJTaULwsSKTKEzEcTLawTa
mjfc0_si1663,TLTaLTBFUTOTLFkaKuFTcKDTaTLTFOTOTOLlLlLlFlFaKaKaTLaTakaKTaTaLaFkTkTkcSLSLScOTaLTkTkaszTaTLca
mjfc0_si2293,kTlLTkTswTSlLTaHTHTLTLTakTkTaTaLaLSzEcTkaUScTacKFkaKTFkTkakcLUKuKuKEKSkwkauaLTkaTLaLcFLcLKTLTLaTkTkTacKLKwaTkakTlTaLTaLlT
mjfc0_sx133,TLTLTLEHTaTLTlTFTLTawacaTkTlTlcUTkawakTlLTaLaTLTLTaTLsLTsTzFaTLlacLacawaTlaUFULlcaKkFakKakTacDcacacaTaTaLacTaLT
mjfc0_sx223,TLTlLTuaTkTaFcUkakTUsaKTFkacLTLFkaTkTLaUzKakaTzTaLTLTakTLTaLaKLzcFcaKLKLaTakuwauaKaKkTLcTlLcLcFcT
mjfc0_sx313,TLTLTLcacTLTKuwzTbTalLaLKkTaTaTaLaFacTcaTvTLlalKFkKTLaUaFcNwKLTDlFTLakTaTaLkaLawTkTakTaLaKwazKucTlcTyTbTbT
mjfc0_sx403,aTLzakaTLTkaEDaTaTaTaTaTlLTLTkTLlLlTFkTaTaKaLcLScacTaTcFTaTaTLTaTDaTHTLlbLTaTFTUTaTaKTLTLvzKTLTLTFcFclLTaLTcFaT
mjfc0_sx43,aTLlyLFTUaKaLUEFcuKcTOTzLTskaTLaLKLcacwLawaLTLaLTlTLFLTcTkTcakaLl
mjsw0_si1010,bTLTaLTlTLTLTFTczsbzTauaIcTcTaTaLTkLlTlLTLTOvsLcucIcaTaTaLTLTcaTvLaTlLTLTzTzTLacHcmHklLTLTaKTLTlTLTLlTacaTaTaTLTvLTLUsLJlTLTLTLTLFaUKzLTLTOaTLTvTLlOkUTLTLTLTaLTLTl
mjsw0_si1640,TlTLTaTaLTazTcTLKkaTkTLTJvTaTOTLTlLTLTazScTvKTaTsETsDTaLT
mjsw0_si2270,lLTLTLTazKzTzazkcTlTLlLlLTlLTaLkUTLFTcTaTOTLvKlTLTaKavcTUlcTLcTaTJTsvTvTLvTvLIlsUOaTUaKaKacLTLlaLzbzbzT
mjsw0_sx110,bLTLTLaLcLETDTLTLTcLcTclcacTLTlTlLTFcTcTcTcTFaTLaTaLTlFcTaLTlTLTaTacacsLTvcTETLTLUTzLFSTzFHLlTlb
mjsw0_sx20,bLTLaLaLcaLaTOUvLlLlLvLcTaTcTcTLTLTLlucKcaTLTLbTLKOvLIcTcFTcvTaTaTaTcTlTcTbTlTLTLTLTLTLTLTLbLTLTLTLTLzTLTLzlcLlLTLT
mjsw0_sx200,TLTLTacLcacTzLaTLTaTLaLcTLTaTbLFaTcKTlLTcTaTlLTLTLTaTcTacvTvTLTEFaTvLlaLcLTLaLTLTFTlLT
mjsw0_sx290,TLTlaLaLcTLTLlLaTcaTaTaTOLOHLTLTlLaLTlTLTLTLTOlLaTaOuKOLuaTlTacTvTcTLHTaTlLaLTLTacaTlTazaTLTLTLTlaTLTlTLlazcaTaTaTaTLaTlT
mjsw0_sx380,TLTLTLlcvzcLaTaTLTaTlLTLTLaHSLTsOsLcTvOTLaTlLFTkTacFlLlLTLaTaLTHuaTOHkHavcFcTcTLTLTLTLTLTLTLlLTlLcTaLaTaLTblTaTLTLTLlLlTLTLTLzlFTaTaTLTLTLTzTamckTLTLlLTLTLTLT
mmdb1_si1625,TLTLTLTLTOTLTLaTLTszLaTUkUTKTLTaLTaKauKaTaTaTJEKLTLTaclczcaFLcT
mmdb1_si2255,TLTLTLOTLTLUcLczaTLkLkLakTkTKUcEkTaTkTakTkTakakTLTaLTaFSKScTkLTLFcaLckTOTkTLKTcETlLTLTLFUcTETaTLaLkTaTvLAOTaTaTLTLTlavKFScaTaTaTLTLTaTlTlTl
mmdb1_si995,aTaLTLTLTaTaTbaTLaTaTakTkTkcLaLaLaLTUkTLTlTLTlTLTLFcHcakTakHTKEKTlTaTzLauaTKUKUKuKcaTacvaLFLFcacaLcLaTcwKTvLTaTackakaLTlTLUTkKTlTlTaKakckTFkTaLaLTLTkFkTLTLTLTLTlTLTLTLTLTLTLTLaLa
mmdb1_sx185,TaTLTLTlTOTaLlFOlTlTLaOuFKUaTaLTLTLFLsTlLaTluayaTkaFaTcKaKTaLKwKzKcFcLczFlTFTFcTa
mmdb1_sx275,aTaLTLTLTLTLTFLTLTvlvDlTlTLaFSaTKaTaTkTkaTkiTuaLzaLTacTcTkTKaclaTlalTlTLaTaTaTLTLTlaFKavFcUcaKTcTkcacakakaTaTa
mmdb1_sx365,TLTLTaTLlaLlFLFTcacETsbaTLTaTacTLTlLTLzUTsTLTaTLTkTlTaTLaLTLFvLTzaTBTBakakcackaTacHTalFKLTsLbTaKcaTcEaTazackTLTLTLTaFTaTUTwKaLTackTaTlTFLaTLTlTlTLT
mmdb1_sx5,TaTLaLTlLTaTKTlTLaLakcTLkTkLkTkTkTLlEFTLUcKTbuaTa
mmdb1_sx95,aLTLaLlTalsavLcKcKczTLckTLlFlTLTkLTLlLlFcTlLTLTLTaTaTackTLlLacTkTcTaTckzakTLaTLTlaTluczaKTlTLaLaLaKzkUFkUkFckUNlvlTFkaT
mmdm2_si1452,TlTLlavcTcFcLTLaTLaTaTaTLlLcTcTaTlLluLaScTFcTcTLOaOTcbwTwaOHaTOTOLTLTLTLTLTLTLTlLlFcTcuKUTzTLTacTlTLzFacHakaOTLTLaLTLTLFOaTlTlvcacFOaOTlLalLlLTaTOlTaLlLTLTLTLTLTFTacLcLacaTa
mmdm2_si1555,lLlaFaTLTlTLTFaOTaLasOkTLavScLlTlTLazlTaTckcaTaFackcackTkaTOTaTaTaTaTclTLlLTLbalcaTlTbLTcT
mmdm2_si2082,lTlTLcLTOkOaTFcTcTzTOzcakaTLTLOTLcLSLcTaLTaTaTLTLTSOLUTLlLTLsOLaOaTaTaTalLlcaTlcTcaTcT
mmdm2_sx102,acTLTlLFcTbLcTLzScLTaLTLTcTLTzbTcaTaLacTLTLTOcTlTLFLFTckakcTLvcTOlOTaTazTacaTKTlLTLTFlFcaTLTOlTOLFTkakyLTcTaTLkaTLTLFkzTazakaHDacTLTLaFLcT
mmdm2_sx12,TLTlTlcSlLTaLvcTaTaLaTcaSLScSsaTaLTLTcLTLHOLOTcLcTcTKLTLTaTaTLTLTbTaTaTzaLT
mmdm2_sx192,TcTLTlcvcaTaTaTLTLTLTFaTaTausTaKTLacacTLlTLTFLaTLTLTLTaTOaOLkLTlzlLcaTaTaTa
mmdm2_sx282,TlTLTkTFOaTlTLaTaLOaTaLaLTLOcTHmAckTLTczaLHTacaTLTLTaTLcTylTaLTaTzaTaTaTLcOcOkOLOzkzKackTcTLaLTzlLTLOTLTLaTLTckcLaKTuzT
mmdm2_sx372,TLTLTaLTFTzLaLcKTkUacacTaLOTcackcakTOTLkLTLTLTUlalTaTkaTaLcaTcOTaTLTakJkacLkTcTLTaNLFLTkTLsaT
mmjr0_si1648,TLTlLTLTkckckaTLTLTKcKcFLaTLTLOTkackaLaLKUzackTaLaTkJhJDsKTLaLSzOTacTbTLaLaTkKaKLTLTaTcTaTaTULaczszTLTLzTaFSLTaTkUTDOaTkckKTLKFKTKzFckTLTLaTazTlauaLKLTLbLFLlTLcFLTaLlFKaTaTaTaTaTauaLckKaKTLTUTczTaT
mmjr0_si2166,TlLlTlTlTsTzclFcKETlalaTaLTacFkTLaLaKawaTalzTmDTLTczLFuKaKTlTaTLaTFcTcTczcFUFakETULTLTLTaTLTaTaTlT
mmjr0_si2278,TLsOaDTLaTsTaTaOTlTaTLaLTLTsTsTkTaTaucKaTaFTLTaTakaTvcaOTLTLTaTLUTlTaTOTaKTKFaLTaTcazcaTETLTLlUITcLTbT
mmjr0_sx118,TlLTLTlLaLFaTOaLaKaKwKaTgkKLTKaKaKaEFaTaTaTaTacaTaTaTsTaTUTLTUbaLUOTlTLTlTLTlLyLTaTaKkKaScSczwacaLcaLalzlKkacKFcFcFcSLScLTlT
mmjr0_sx208,lTLUTLOlawEzTaTEacLTFTFTFTkKkKTlTaTLluKaKTOkTkaETlLaFaKwTEwLKLTaFaUaTkTlTlLlaTLTLTaTaTaFTakTalLcTFLlLlTlTaFTaTlTLlNTlFlcLTaLTLTacaTaTOTOvTaLTLTaLTl
mmjr0_sx28,sOlsOaELDLaTsLOTLOTakTbauaSLkacaTaTcTawLaLaTkLsOKsTHTDTsTaLaKLTKTsLKaKTaTaLTaTaTaTaTLTlTlLlLTlTFTbacTlT
mmjr0_sx298,TlLlbakLaLkTcTcacwaKkaKTOkaFTkTKgsgkUTKkaKLTaylaLaTLuKaKaKaTaETOLOTalaLavacFLOaTLTLTaTabTlTlaLTaTaTksOTaTLaTckcazucaTakTaTaTLTLTzwzacackcTLbaLUcaTbT
mmjr0_sx388,TLyauaucaTaLaTLsTaTaTsUTaLaTLaLaTaTazTlUOTlFksLTLTUakaTawaTskTFTsasOwEkaKzTaLkaOaTLTcLaTaTaLkaTHTaTlLlLlTacaTaLckTcalLaTLTvaLOaTlTUlT
mmwh0_si1089,TlTauKTakKTLKTKLTLTalLTFaTaTLUaLakLzcazaLTcLTaNUaLaTOTOTaTUaTsTLsLsLaSTcLckcTLaLTLlTLFTLaTLULTaT
mmwh0_si1301,TlLTLTLTLTlcFczaclTLTLlLTFTUTaTLFcLacLacawSDaKUTaTkUTUTLlTlLlaFcaLckUaTlLTOauakTLlLTaTLlTLkTcaTavKaTULSakTLlacLlLlFkTaLaTULTFLTUTSTSTaTLFuLcUaLyTlLvcwTLTLFaTLlLlLal
mmwh0_si459,TLTLTlLaTLTLOTaTLTacawTKTKTaTaLTlTaKaLTlLTLTaLKcTcTkTLlLFlFTLTEwbuwaTaTLKkTkTalTlFuFaKTFKUSLTcKULSLTalLTlLzaKTlTLFcKlTaTLFuKFKakTalTLFUFKwKwLKwSaLTaTaTaTFTaLcucTLFLTLlLawuUKUakTLlalLKlaFKFKNucKuELTLTLlLTcUlzLTKcTUaSLKcKLTLlLFcT
mmwh0_sx189,TLlTLTyTLFTLTlLTLFLTLTaucaKaTaLkTckcaTLlaLTLuKFLKLFaLaLabwTkUTwLKTaTkTUTlTlLaLFTcUTLSTLzKTKNLNcuLuKFKUcaKTLBTLTLaTlTLacFcTcTl
mmwh0_sx279,cLTlTOzTLTlTlTaTLaLTUaKFKcTLTLTLTkFklTlslFazauFLcFclcLTFTLaTlUTbLTLFLOULFaOkcLcLucTEbLkcTaLTKkakFcTlTFTOTLTuauaTaTaTaSaLTaUOTLklcLTaKcuvclTlTLTaLzcaTLFLTLTlFLsLTlLT
mmwh0_sx369,TLTLKFKTLlTLlLTLTaTaOTlTasaHkOTcTUKawTacTKTKLcKckTaTakcTUzakTaTcazwcLcLcTlTzTLFLTLTLT
mmwh0_sx9,aTzcTkLkcvcaTkaucacLcTaTaTUKvTkcScSKaKcKEOTkKkUvaTacLauKUwcEkcTcKaFKFaFaKTNUTLTLT
mmwh0_sx99,lFTFTLTLyLyOUTaTkTaLTLOTLlULacmLaTlTlTlLTlTLTFKaTaTUavLTkTlLcFTLTlLaTaLaTlLTlLlTaTKUKLKFKwTKaLKFKLaTlLTLFTNLTaTLlLTLaFLFLT
mpdf0_si1542,lOTzlTLTLTcakTLTLTlDlTlzaTlvTcTcLcaOLTLaLNLaLTaOaTlclLTNTFTOTLTLTLlTKUKUaLaLKaTaTlcTlTlLTaTlclcLFLTaOkTLaLaLaTLakaT
mpdf0_si2172,TlTLTLTcaTvLTOTLTaTLTlTLaTvlulaLTaTkTaTlTlLTcKTLTLTULFaKFNKTaTaUaKaLaTLTkLlLcvLTLaLKTlTlTlTaTaTLTLT
mpdf0_si912,TLTLTOTaTaTOTaTlLaTLlTLTFcTLTLaLTLaTLaTlacaTcLcaTaTaTuacaTaTaTLTaTcTaTacLTcTcacacTKTLT
mpdf0_sx102,aTcaTaTlTlLTLaLaTaFkaSacacLTLTLaTaFaTLTLTaFLvcTacKkcLlTFETlclFLTcaTklTlLTLDTOTwKuaLKTlTlaTlTacLTLTaTlTlLlFcFLTkacaTasaTLcTLTaTOkTLTaTaKkTLazakaLTLcTcLcFT
mpdf0_sx12,TLTLTLOLcTcTLTLcLTaTaULaTLvaTaTcaTaOHcTLTaLaLcHaTaKaTlLalaTaUcuLKcvcaTLlLUaT
mpdf0_sx192,TLTlLTlTlTLTLTacaLaLKTaTaKUKTFlTaLaNKcLKcaTcKTLTLakakTLaLTLTaTLlUlaLaLTaTLakaTaTLT
mpdf0_sx282,TLaLTLaLTaTLOTlLTLlLaLaTLaLTLaTUcFKTklLTLTLTOTaLacacaTKuaTacaTacUaKkTaTaTLTlLTLaLOTlaLTLTLTLUKUKUKcLaKcKacKzKcTLTLcTa
mpdf0_sx372,aTaTaTaLaFKTkaTLTLFLKaKUaTakOLTLacaTEaLaTAOTLTaLlLTlTLTlTlTFTcaTaTaKaTLaTLTOETLacFlTaLTLTLaLTLlalTlFaFaKTLbT
mrcs0_si1223,TlTaTcTLaLFTazTaTLOTaLTOTzOTkTLTzTaTLTaTalaLTLTzaTaTaLaTOTFacKkTlLTLTLTFTcLTcT
mrcs0_si1853,TlLFkFTkLTLTkLTLOTLTLTLTOTaTLTLTOTkTHTHTHTaTOaTLTaTLlaLaTLTLlLFLFLTLaTLOTOlLOFaksTkTlTLTaOakaTLTaFaHaTLTLTlTOTcFTLTLaTaLaTaLcLTLTlTblalTLaLaLTlTbTa
mrcs0_si593,TLaLTLOTLTaTLTcLaLTaTLTaLaLTLTLTLTaTvLvLTOTLTLTzTLkcKcKaFaTLTLOTLaLzLTLTaTaLTLTLTLrlTaLTaTLaT
mrcs0_sx143,lTlTlaLOkTLTLaLzLFTaLTkckTLTLlTLTkFckTLaTHTLlTLFLTaTOTOTLTOTETuvcTlTzTDTFTOkTkTaLTvLTLTLTLULcFczcTa
mrcs0_sx233,TLlLTaTcaLTKTLacvcFaLTLTLaTLTzLaTcvcTcFcTkOTOTOLOTOFkakLTLTLTLTOTaTkaTLOTLTaTzT
mrcs0_sx323,lLTLlLaLkTLTlTFLlLcsTckTacTLTaTHcTaLTLTLTaLTLTLTLTLTKsTLaTaTLTzaTsLaLauLaTLTLOsOaTLazcLaTaTLaLFTLTaLaLaLKTLa
mrcs0_sx413,TlLTlTlTlTLTLTLTLTLaTLlsTLTaLTLTFLTczLTLTLTLTLlTLTLOTOaKLcTlLaTaczLTlTLlTLTLTaLOHLTLaLTOaLTLlTaLlLaTLFTLTakLTLcaFLaOTLHTLalFaLaLacacl
mrcs0_sx53,lTLTcTlLTsOTLTFkLTLTaTLkTcTLTauLcTLlzFvITaTFTLTaTOUsLKFTcaLaTHkaTlLaTLTLTLTLTLTOTOTLTLTLTLTOLTkTLTLvcTLTLTLTFacT
mreb0_si1375,TalaTaTbcTyLzaTaLaTLTLFaFTLTkTaTLTLTLalTlTlLaLacaTLTOTLTLTlTzcATkcTkTlTlTlTLaTaTaTaTbLcTaLaTLUaTaTaTaTaTlLTLlLaTaTSTaTaDLTaLTcTcTcKOTKaTaTLcTLTksLsTaTcTvLcaTLTLaTkTsTLT
mreb0_si2005,lTLlTlclFlTaLTOLsLTUTKcvFaKTLTLzTLaTLTLTacTmHmaHLTLcLacScakKcTSTcHLHLTlTLlTLTlTETLTaLTaTaTlTaLTaTaTalvTvTLDTLTLaTaLaTaTaTcTkTaOakOUTLsaTaLTvaLacScswTzaLaLTvTakcakTaTLTLlalklTlTlTlklcTlTl
mreb0_si745,TcabaTacaLcFaTLczSTckTaTaTaTLazTLaLTLOaTaTcTLSTScTLFTcT
mreb0_sx115,aLTlTlaTLTaTvLvcvLvLTsTacacTaLaTamOTlLzaulTaLTLTaOTacTLaTLTaFvcaKTlTLuLvlcaAzaScTacTbLbLcTcacKcaSaSLTaKaLFaLa
mreb0_sx205,TLTLlTvOTcvcFTLFLTcTacTczcacTSkTLTLkaTkaLcaSzLTLTHLTaLELTFLcLaTaLTaTaTLTLaTaSLSTOEaFaTaTFDTaTaTaTzTaOKTaLTawbwTHScaLFLTcT
mreb0_sx25,TLTlTlTzLcTaKacFaTLcTaTcaHcalUcUTFlILcvcaKacKLTalTcTvTvTvTaTaLaTLTaTaTkckaTcaTaLTLFTcT
mreb0_sx295,TLlTyTLaOTaTzLTcTLFTacTaTaTzacaTsTlLzcFTLTaTaTLTcFlacaTakTaTLTzDSwSTSTvLTLTzaLSTaTamTvTLTLTaTLaFTaTaTkTaTa
mreb0_sx385,TLlLTaLaTaNaLTacaLTcTaTLTLTcaKcTaTaTaTLacaTLlawSTcTaszaLaTaUTLkTLaT
mrjm4_si1489,lLlLTlycaTblybTLTzLzTscLaTLaKcaTLzcFTFcTvLcaSaKScaLTkTETbaTauKFKTLTLTLTLaTLcakOkOHa
mrjm4_si2119,TlLlLlTlLTlaTLTvTLkTlTLTLTcOTlTaLaTOTODaTLTLkTLTaTlLFLaKTOKkTaTLaTFslOaTKkKTaTascTcTcTaTLTLlLTFLTLTacEca
mrjm4_si859,lLTLTOTacTLOTLOKTcTLOLTLHaOTcaLSmHTzLTaTLaTLOTOTasaDOaTaTLTOTcLaTklazaTazcLcacTzaLcLsTcvcacLcuzSzTzuaTlabcaOsTLOaLaTOcTLaLacaTaTLTLUacTaTaTLaLaTLzTcT
mrjm4_sx139,TblTaTcTFaDaKaTucLcLOLTLFlLTaLcLTlcsKTLaTaLaLaULalLaLTOacacaTOLTOaLaOTaTaTLcaLazbabauT
mrjm4_sx229,aTLlLTLHTaOLcacaTaTlvLOKTaLaTacasTaFcaTcacTsOTaOkcOTaTa
mrjm4_sx319,lTlTaTLTLTOETLTLaOUsBsUTUaczLzsLTaLKacaLTcOLaTLvTvTLTLTOTmLckTaFTFLTLTOTOTuOaTLTaTaLaTLacacacaTOkTOT
mrjm4_sx409,lTLcLvaLcaTvOKTLaTFLTLzLTaTaTLTLblOTacTLaOkTkTvLOKTaLOaLTFOTLTaLaLFcLTLaTLsTLaTaHLlTaLOcOTETLULTLTLuwLaLTLTa
mrjm4_sx49,lTLlTLaTLTaTlTlLlaLTaLcLcaKcLazTULUcaTcTOakTDTaTaTacacLaTLaLacaOaOscvczcwcuwKTakaTaLaLacLTLOLTaTLlcSLvzUaTaTaTvSLUTa
mrjr0_si1182,alTLTlLaFaKTkFkTLTakTlLTLTKTkTlaLTLvcaTwTLTLTlckTUEaTavavaTlTaFkFkacLkTLaTkTkTlLaFcaTLaTLa
mrjr0_si1812,TLTLTLlTaTLTlLTakawLTaTLvTLvNalaTlTLTlclkTLaTLakFLTkTFcTLKTLaTLTLTuvcSTaLaLKuKUSTcTzTaLaTkTkaLaTaLTLaKTkTlTDTlcaLTLT
mrjr0_si2313,lULTlTLlzlaUNIcLwawEkacLFLTLTaTaTaLkTakTaLTLaLTLlTlTLTUTUTaTlFLvLlLlLvTrvLTaOLTcLcLcTaTcTUcLTKkTLTLaTaTLTLTLcaLTkTkakLlTLbcaLzTLaTkcacaTaTLFTaFLTaTLSvaTaTkTLaTaTawakTkTkKaLaUFTcFzLkKUFIcIclzacTLaLa
mrjr0_sx102,TclTLTLTlTlTaLkTLUulFcTLTLTLakKTlTzTcTLTLvScaTaTlTaTKFTFTcaKaUKkTlTbTvDaTKLKFTlTlTFLaTFkTaOLTklTFcTcTLcTcTLTaTcaTFTOTaLTakakFKTaUawKsacalalFTLa
mrjr0_sx12,aTLTlTLzOcFaUaKcKLwLaTLluTOakKkKkcaTaKFTcakTaTvcalLuKuEUKlclUkuclEaTLTLa
mrjr0_sx192,TlTaTlTLlTlTlzTcTaLTLTLaTaTaTacTkTaTlTFcaTLTkbULaKFvkKTLFakacFTLTLFkTLkLTlTaTLTaTLTkbaTLTLT
mrjr0_sx282,zTLkTUDzLaLTlaTlTlTLTLTaTcTaTLTaTLTkaTaLTLkTblTLTLTLlTLaLTLFLIFLcTbTUcacFUFaTUKzwULFckTaLTakTaTLazTLTLTLaLTaLFkUFcIclITLFLFcTlLTLTLFLTa
mrjr0_sx372,TlTLTLaLaTkvUFLTaTLUkaLsauaTaTFKTaTaTaLkUaLTLaTKTlTlUFvcLTwlkKLkaTaUaFTLaTaTKTbLlLFLlcLcTLTLlTlTlbLTuFkFaFakaLaSlacsLT
mroa0_si1307,aLTLTLOcOkTlTLTLFTLKTsLTckazkELTaTcTcTlLzLTcLTcTckawTzOTaLvLaLFLUTOsakcFTLaTaTlTLTaLTkTOTaT
mroa0_si1970,TlTLFkLOLTLlTSbTzLTkcTLzKzTkOTOTaTUTacTzaTKkFKFkakzSTkTFaTkszTLTsaOLaLTbTLaTFLTLTLlLTLOTOTvaTkskHalzcacaKwEzaTLaTHLTlTLFcETLTauwaLTzOTLUaKLTLcTaScauKuEaSkzazTSLT
mroa0_si677,TlTlLTaTkcavavkSTLcvcKszTaTaTaTLTvTLzLcTNLTLTLaOaOLTsTaKaSvKhkzTOvsgTkFLkvFcKcTlTlLlcTcavaLsaSasaT
mroa0_sx137,TLaLaLTLaTaczLTaTaTaLFUsTLTKaTasTvTlLcakacaLzkLaEaJEHULTlFTLTcTLackTKzTLTbTaTaTLavTvcFcTLTacacaTLKakacTaLazLTLakckcakckTLcTzcTaT
mroa0_sx227,TLTaTLHkTlTLTckFLzTzTLTLTcTkTcTOTlTaFTcTvsTlTLcTFTLkUckzFTcTLcaTvTabuTaT
mroa0_sx317,aTaTLlTLzLOLTczaLcTuLuaTkEkTaSHckTLTLSLaLazaSzSvcsTlDTOTlTUlLTclTLackTlLTcTaTaTcTOLTwKaTbTuT
mroa0_sx407,TaLTaTLlcLcTcTckKzKFKkFkKkKETLTzLaLTcTaLTLaOTakTaTlLlLlLTcTLTcFTcTLaLTLOTlLlTLTOLsOavcTLakLcsazTacLFTLTlclclcTLsTzuawEwaKTcTLlFTLaLaEaTLTLOTLT
mroa0_sx47,TLTLSTLTLTFTSTzLTLbLTLTlLTLTlcLlTLTLTLcFLTLHaHTLcTFcLcLlFTLOlTLaLawuwTwTSTLcFcFzaTacuLaKauTLTwTszkaTLTOTaOTLTFlUzEKaFTcaOHlzlLlLTzLFTLkLkTLTLTLaFkckckTkTLcFOTkTHTLlFLcLT
mrtk0_si1093,TLacLTLcaTKLKcaTaKTlTlLlaKLTEuaKaTuTaOTLOLcLaTaTlkaEazaKakcTaTlTLKyTaOLTaTLTaLTLTblLTLHTlTl
mrtk0_si1723,lLTLOTLvLTLTaLTacTLKLaTakTaTakTLTLaTLTkTaTaTLaTLTaETLTUTUKcacacKawakaKTzTaTlTlLT
mrtk0_si1750,TlcTaLTOaLTLTOTaKTLTLTFTaTcTLTLTFLKaKcLTLTLTOaOkTOTaTaTULKLcKcETOTKTLTLlFaUaUKzaKaTOTOTOLTauTacauOaLaLcKTLTclFcLTLTLTLTLaLaOkLmLcLcTkTDTalaTLTLTLTLTlTlTlTlTcTlTlTlTlTlLTLlTlLlLT
mrtk0_sx103,TlLTLTzaTcLacaTaTaOcaTaLalTlTLcTaTaTLOTazucuULbLwOTLTLKLKTLTaLacLcaLTLTlUTaTlT
mrtk0_sx13,TLTLaLaLTLylLlTLaTacvUOTaTLcaLTaTlLTLTaTaTlTlTLOTlULULSTLTLTaTaTaTLaTKLTLaLTLTLaTaTLTaTl
mrtk0_sx193,TlLbLaTawaTsbwbwbLKLawuwTLaKuwaTaTcaKULaTaLaTaTLOaTcaLcTLaTlTLELTOTacaLaLaKaTaLOTLTa
mrtk0_sx283,TlTLTlauKLKLaTaTLTaLakTcaHTLTKuaKacTacaTaTucaOUaTKTlTlTLKELTaTLlLFOTlalUTLazaTaELDTLTacucTaLTLaLaTOTzTaTacacacaLaLaLacacaTbababTbl
mrtk0_sx373,bTLaTLaOTbTaTaOTaUcacvLcvcaLKETETLTaTlLaTaTaTlTLTcTLTLTbTLTOaOTLTLTLTKTKLacaLacLcTlTLT
mrws1_si1130,TlTLTlTLaTLTaOTabaTaTLzKSwKkTaUsLbKwUaTKaKTLTaTLTLULOkTUkOswTaKcKaKaLkcTLTFLTOLKkTsTaSTLkLTKkUsUwkKaKTlTLTaTLaLckzTLb
mrws1_si1496,TLTLTLTLUaUkTLTLaLaTakOaKaLaLULacTUkTLTLaOaKkKaKaTlLTcFUOLKTlcFaTaLTlauTLTcULKSKaTLFcaTLDTalULTcLcUaTaTaTaLaTlLTOLOLOsULST
mrws1_si500,TlLTLTaLaLaTkKakUgTULaTakTaLKkKwzwKaTlLTLTaTlTlcFTLuTaTaUTbTaTUuKUaUwTaTaULacaUaLOTbTFLFKaKTUTaTULaTaOTbaLaTacKaTacTaKaLTclTlLTaOLkcacawaTlLTcTaTLT
mrws1_sx140,lTlTLTLaLkLUTbwcaJTaTLaLTaTLaLaUTUwaTlLaKaTLlLTLTaTacaKaKaTaTaTcaOTaTaTULaOTaLaTLTLackTakTaTaTkTkTULaLTcTlT
mrws1_sx230,TLTLTFKuLKLKwaLzcTaTaULTwaTacKaTawawaTacaKaTLTLaTULcUaLcKakTaTUKuKSazLaLaLaLaTKcSaTLTFcFcaTlTLTLTlT
mrws1_sx320,TlLTLlLFTLTLaOLkcaKTLcTLTFaTUTLaOLETckUKaLaTULsLaUTLaKTlLaOacOcuaTLTLTUsTsTSLcaKauazTaTOUusuDTLaKTlUTcTFOTLbTbTbTlTlITcwcaUTlTLlT
mrws1_sx410,TlFTLlyTKLcaTakOLTlFluKTlTaTaTakaTaTLaTLaTzsawTaTKcLzTLTzTLaTLaTLTaLawcaOTlTaTaTLTackULTsTacSTaLaLaHUETwaOTaTlTlTlT
mrws1_sx50,lTlLTLTUaUaKaTaFTLTaLaKUKLTaLOklTLaLTLaTlaTaLTsTkKUswaklTaTaLTKaTLTaTLFzLaULaLTLkzLTLTLTaLaOaTlKuaKaLkTLaTLlLOUOTLTalLvcTLTLaLaTaTaT
mtaa0_si1285,acTaLTLaTaULTLcLcTkacaLJaTkTkTLFLkTLaTLTzLaKaTLUckvTLcvczTlLTOaOLTLaTLTLTLTLTzTcTcHkHkaLkaLaLTlalTlTLTLT
mtaa0_si1915,zTLTzTLcTcacvSLvLhFTkETLTLTakaTaTckHkTLTLOacUvLTKcFckTaTaTLTLTkaUaKTaTLFlTlTLTLTLOaOaTOnLKLaTakKTaLTaEDaTLTULTLaTLTLkTLTLTOLaLaLaTLTLTLaUTLaTlTLTclaLTLlLTlLlLTLTaUaTOTaTaUTaTLDLOaOaTLTLTaT
mtaa0_si596,zTLlLaGaEzLzUkTSTSOaTOTLTLTcOaOTaTLTaLaLaOTaULkLcKzFUTLTaTaTlLlLcLTLazTaTzSUazLaucuKTakLTcTcT
mtaa0_sx115,aTLTLTOTcOLaLaTaLTkakOaLTLzFLGSTsTLazaTlLTLTLaOTzLTLFcFTackcKTLaLaTaKTLaclcEzTLTLTLTzLTazaLuKuKacakUKzOsTazwLacaKUKaSwKsTLTLTaTSLbTbLTl
mtaa0_sx205,lTLTLKaTaTazTETLTLaOTLTazaTLFUTaTLcLaTaTLkaLTLOFKTLTaFLTaLaLTaLTLsTlLaTcaTaLOTLTaOakaTkaSTaTaTLScSaSwTSwSwTLcaLFT
mtaa0_sx25,TLTLTLycUcScaSLcSLKTcTOTkUKczLcTkaTHOackcTLlFcLvhclKFKFKzcTLTULTLTLTOHavaUFSTkaHmLckTkckckcaTLUlTITFLlLTlT
mtaa0_sx295,TcTLaTLOcTaLaTLTFTLTaTLakcwaLaKszTzaLaKFTaJSLTacaFcakaSaKsTaKTzacacaLTlaLaLUKaTLcaLwuaSaTHTLTOTLTLTzTaKTaTSaTaTOTLaTcLTLaOTlTLTLTFTOaTaTcTcKcKLTbLbTb
mtaa0_sx385,TlzTLTOaOTOLOLTLTLFOkaLTLSvScKaKwawuTLaTLTLTFKcFucazuTcaTLTaTLaTLFcsTaTLUTakTLakUazSsTaTaTaTzbzbT
mtdt0_si1994,TLzTLTLaTLTlaLFkULzcLTLaTLaTvcalcFTLOlLOTkLaTLHcvTcTLcLaFcTlTaTUTETaTETEkTLOFDOaTkTlUTUkaTaTaTUTDasLacaTLTlLcTLFcFcLTLTaUkcKUKlcaLIKcLTLcLTLTcLaFlcETaTLlcLaLTaT
mtdt0_si2254,TLTLaLTlTLlLacTcUKNKcKUETaTLTlTlLOTLTaLTLTLaLaFTaTLTkacacTacKTLTacKTlTcaczTazaHaHla
mtdt0_si994,akTaLTLaTaTaTLTaTlTLacFaTaTUTLaTlTlLlcLTLTcTucKaLTaOcLacFlcLlLazaTaSclLTLTLTFLaFkTlLTFKckwuTwaTKTaTLTazaTaLTLTLavTlTlkFkTvTaTLTLT
mtdt0_sx184,lLTLTLaOTLaLTLaTLTLlFLOaTaUaKLcLacalTLTaTcTaTSTLclFcTLTbLaLTacTvTaOaLOckcTLcTLTLFLTFkT
mtdt0_sx274,TLlLlLTLTabTLzaTuTcFcKlLTaLFcaKcTKlTLTaTLTFlTLTFLFDvzvFKFTKcUcLcSzaKaLFavaTLaLTcTaTlcFLFLFcETETuaKalTlFlFTFUFawUKwLKUKaUaTcacLcTLTaLa
mtdt0_sx364,TLTvlDTlLlaLTLTaKETUTaLaLFLaLUlaKcTvwcTNlLlTOlTaTLFcUcLTEclclcaLaLFlTlLFTLTcaTcLTlTFNaUaTaTaTakTLTvTLackTLlcLTcKTbszaTaLSULTLaTUkUKUcaFUaUKcKLaTaLTalTDLTLvLTLTLTFTalTLlTLTLucTETbTbaFzazazkaTLTLk
mtdt0_sx4,TlLTLlLcTLTLDLTLuaLTcTalLcTETbULcaLaTbLcLcFKTaTLTlaLTLTLULazacaLUFcSTcaTczEHaTLaOsLalaLFLazcLcaLakaTLTaLaLa
mtdt0_sx94,TlTLlLTLaTacLaTLcLTLTaTlusuTKcacTLTaKwaLKcLTcTLlTLaTalLTaTlclFcFcLTaTcTlTlLTFLFLaLaLaLT
mteb0_si1133,TlTLaTaTDclLclFTLTaLTaTkTsLaLTLTaTUTlLTLaLTLlaTwTLTUTLTacOlTlELaLalTaTLUcLcKcTlTLTLTcacTlzlTFaFaFULKLKzczczTaTaTacTlLT
mteb0_si2064,TLFTLTLTLavLTavalalaSuTLlbyLTaTaTLTLTLTLTaTaFTkTcvcLTLTLTaTaLTcTLcaTvLcaTLOTLlLTLaTaTLaTkcTlLlFTLTaLTaTLaLaLaLTaLTaTcKTlLTLaLFcFTFlFaTaTaTlLcaTaTaTawavTkTcaElLaLaTkTkTkTaTaTaTaOakTaclTlTFzTLT
mteb0_si503,TLTOTOTLaLaLaTvcaLcKcUcTKaKlTlLTaTFaLaLaTcLkcaTLaTaTSTlTLTaTlLca
mteb0_sx143,aTaLaklTlTFTaTLaLcKFTcacTkTaTaTaLacKaLaTaTaTaTlTLFLkOkTaTOEuLcTLTclyacTLaLaTHkTavrTaTcKcKcacKculTczTlLT
mteb0_sx233,TaTaTcaTaDTKcwAUKTUaKLczcLcacaTaTaTLTaTLTaLTaOaUcLcLaLakOaTavOLTLcLTLaTaOTlcTLaLaLaLaTLOLTaTaTaTcTaLlTLl
mteb0_sx323,TlTLTFTaTaTaLFacKLcLcwLTLTaTzLTaTwTaTLaLvTLTaTLELaTLaTLTLKaULaTaNSLTUacLKLaTLTlLTLkLKLKLaFTcTLT
mteb0_sx413,TlTlTLTLTaTaLTLTLTFTlLTLTlbTLTFTvLTLTLTLNTLlLFlTvTlTlsTacFTlLaIaFaTacLTaNalLTzTcKUcaLTaTaTaTUaTLlLcaTkTcLHLTLmcLHLcmHLHTlTU
mteb0_sx53,TKOTLvSlvTLcOTaTUaLlLTFLaTUcTLTlaLzcLcwLTlTLaTLTkTaTaUcNaTaLalTLTaLUaTaTLTlTFaTFTcLTcLcEcTLTLTFSHTLlT
mthc0_si1015,lLTLTlTlaLaFaTaHaTLTblaLaLUaTaLaLcLcLcTOzakLcTaTaTaTaFaTacKFaFcKcTkTScacLcTLTaTLlTzuzTScTLaTLTLalLTlTLUFulLlLkvcAcacTLaLTlTaTzaLvOLKuKLcazTzTaTLaTaTNLlTaLaTaT
mthc0_si1645,aTLTbTLTFKFaKkTlaLTLTLFTLaTlTcFTwLcTaTaTLTLTaKTKaFaTLTLKTLTLTaTbLbTluTaTaLKFaTaTUTaTaFkLTLTalaKcFTlULTcLTFTcTLTcLaLTFvLUakTcaka
mthc0_si2275,TLTLTLTLlTcaKSKLcFEFckKcKaDFaLFlTaLaLcTaTLaTLTLOaTLTacTavLTLaKTaLTLFakTzaTaFlLaTcaT
mthc0_sx115,TlLTLFTcOTLTzcvFzTLTLTLbTlTOLaTLaTaTLTaLTLTLaTaTaLTLazTcacaTLTLaLvcKFlLlFKFuvLcFcTsTLKTKcacLacaUTUTb
mthc0_sx205,lLTcFDaTFTLacTkcTcTLTLTzaTalLlLFTLDLaFkUKcKLcLFzczcLcaTLkTaLTlTlbaLTkTLaTkTLaTLaUacLTswaTaTaTaTUTLTaTaKLaTLaFkTLTLaTUcKcLcLcTLTkTkSTkcTcTaTcTLUlcbT
mthc0_sx25,TLaLTlcTLcEzFaTcvcvcvcvcScLcTHcTlLlTlvzcFcFcvcTLTcFaTUaTaTkTalLULcFTcTaLTbcbcb
mthc0_sx295,TLFcTLaTLaTKHLTcTczTaFcaTLTLTLTLTLTLTaLcaTLTLTaLKTLacacacacLTLFaKTaTazLaTLTaTaLzTaLaTaTaTavLTaTLaLaTacKFKLaUbUb
mthc0_sx385,TLlLaLTaTaTLlLFTLlacScDTEFckTkTcaLaTlTLTFkcScFcETLFcKTFKlTaLTLacacacLcTaLcTLzacLTLczbTaLTUacTbTb
mwjg0_si1124,zacTaTLTLOFckTLTLazaTaTaLacacaTaLTLTOTaTLTLcacTaTaTaLcSzFUcaLaTHLOLTLlzLTaTLTLTaTLTLTLTKaLKTLaTLTLTLTsTzTLacaFacTcaLcakaTLTlTLTvLFKTLTLazTLTLTLSLSNsLSLTbTcTcTcTcTLT
mwjg0_si1754,TcLcTLTOTLTaTackTLaTLTlTzTLTLzLHLHTalTlTcTcTOaOlalzazaTHaTaTlTaLavcScFczFTLTaLakKLTLluawuwKTLTLlaT
mwjg0_si494,TLbLTcTLTlTaTLTLTlTFLTLScaSaSLTaTaTaTLTzTOaTaTLlzLTLacaTLTKkKTKTaKwTakTwaScaLaLsTzcaLaTzT
mwjg0_sx134,aTzcTLTLTLTLFakcTaTaTvLTLTkLTaLacacacLakcacTLcTzFcKcaKLTaKkaLTLTLlTaTLlLaFUFKLTLaLlTbLaTLFTlTlTzaTFLkTLTLTFkTLvTLaOKaTOTLOST
mwjg0_sx224,aTazTaTcaSaTbTaSzaszsOTOaOTOLTalTlTOaTaTvTaLaLOacacacaTULTKTblULTaTLc
mwjg0_sx314,TLTaTaTaLzTLTaUTazLaLaKTFcTcaTsLvSLSTcTckTLaLaLaTLTkTLOaTKTlTlTzaTzTczcTcacTcLTLTacacacaETlaTaLTLTOTLTOkTkTmTOaOTaTaLTcTacTcOKUKwSaKTLaLaTakLTz
mwjg0_sx404,aTLTlTyTFacLaTaTLTEKzaTuaTLzTLTLaOaOULzLzaTaTLTLKFTacaOaTLTvLTLkTlaLTLOLTlaTcKaKTaKLTLTLTaFaKaLTzTzTcLaTc
mwjg0_sx44,TcTlTaKkKTLkazTLaTlTlTLKaKaKaTLTLTLTLTLTLTLTOLTLTkLTLTlaTzTLKTLTLTLOLOTLaLTLTLlczTcTFkavcTcaTHcULbT
fdhc0_si1559,TLTLTDTaLTlLTkTUTwLTaLwaTLaLaTaKTaUaKTbTLTaTuULSaTLTakTkvKaTaTLTLsLTLTLTLTLTukTKTaLTuzaTkTaLaTULwTaTLTLaLTLTKTFucLzTLTLTauTULl
fdhc0_si2189,cLTLTLTvLalTLTaTlTkTwKELwLwKUTULTlTlTLTLsgTLTkTkTazTUkTLTLTNTLTLwawaklTzaTLa
fdhc0_si929,aTLTlLaTakLblTLTLTLTkTaTLTLTFLaUaSTLTeTlLTLaTLTUvcLaKwLakTkTLTLTLUaTkKTkTLTLTLaUaLwTaSNaLlLlTLlTuKEcFTwbTb
fdhc0_sx119,abLTlLTaTaTLTLTalTKwKLuvLwKTLzTLTLaLOTUTlTLaTUcKUaTLlLTULwkTLKaTkTlaLaLwTaKaKTLTaLUKEuaKTkakTcDaTLaSLwTLTLTSTblTlLTlTaTlTlLlTLT
fdhc0_sx209,aLaLTLETETSTUaLTsTaLTUaOTbaLEaKlucLuKcLakwTkTLTkaTaTLaTawaUTDUlcaLlTLuwcEzackTLTaTuaKUaLTakKTzTazTLT
fdhc0_sx29,aLlTzLcLcLkaTLULTLcTlLlTlzTaKwTaLSTLTacaLTKTLUaLTLaOaTlLTULUakTakaTLTzbTLaLbTLTLT
fdhc0_sx299,cLaLaLTLTlLlLlLTUNaLNLvSTLSsTbTLTLOULaLTaTkTLaLUTLTLKLKcakTLTULTLaKckKcKaKUaTaLKTwKaFTkTkTLkLTKLcuKLKLaKLESLTLawcuaTkTLTaTbLlaLTLTlLTlTbTLTLTLTLT
fdhc0_sx389,TLkTaTLTkwKTkUTLTLvLTLTLTLTKaKkTLTLkTLTzTSTSaKawaKUKcLTazlLTUaTUSTaLTUaSTLTaLFLTkaTaTcaLTa
felc0_si1386,aTLTLvaLTKvTcaSLSUaSTUTLUFTasTkaTaTLaLTNSaSaSaTaLTkTUTzTzTLTLTLaSTLSTcaFTSwakTkTkaUOKUKyLwTUTkTLTLaTcLTLkLTLTkaLaLcaTakTaTkaLTkTLTKTUTUTaTLlTLTLTkTbSUSULTkTSNaTaNcaTabaTlTlLTlTLTaTlcTlacTcaTaTLTLzLlLT
felc0_si2016,TlTLTLlcLTLTUvcvslTUcKTuKIauSTFTkaKcKLSETLTLTLTaLaLaLaLaLTLTLkTKOTaLaKUSzcTLTLTzaLacKTwKaLKTzTLTaLTkakTaLTaTzTLTbTb
felc0_si756,clTlTLTavJTaTlblUaLlaFTUauawakKackcTLTLTLTaLTLaHaLTzTLTLTLTaJauacaTkTlTabJTcuLcwTlaLkTlaDaLKULTLTLTLTSTaLaLavawuwakKTaEOTacLcaKUaTaTawabaKTaKTKzTLTLaLTLTLTaTzT
felc0_sx126,TzTlTvKbaTcTaTaTaTakTLzKckTaLaLUTaTluKckLTFTFLakTkTLTLTLTLaTkHLzLTLTLTaKuaKaTklKaKEbTzTzTzLzTaTbTbacTbLTlTLTlTLTLlTLTlTLT
felc0_sx216,TLlcTaTLTLUTUuUEKwucKTLEULwEKTlTauKUKTLauLKFuKLKEKETuaLaKLTLTLTazaKEKzTzKTaTba
felc0_sx306,lLTlaTUaLTLaLTlTLFLcTLTLTUSTaSuKEKOTLTOTSTaLTauTKTaTLTLaTkTkaTaKTuwzwETzTlLTLTzTzaTaLTaLTLTz
felc0_sx36,lLlLTlLTlTlLTauvwuKucaklaTaTUKuKTLTLFaTlaKTLacuSuwuTlLTUuKaTLTLFcFLTcTLUakTLTLzLTckTkOTLTaTLTawKLTLaKTLTaLTkUkKkUTUaLaTLsNlTLTELTLT
felc0_sx396,lTLTLlLTaTaLTaTLTsTUTvNSaLaTkaKFTaUTaSTSTSwTsLlTaTaLuwTUTwkKUTLTLTkTaTaUKUkaTkTKFKTaLTLzTLTLFcakaTLFLkTaLlLTauFKkTKEOTaLTzTLETEUKlLluFkEKUTaTLcTLTaTLTaTalTlT
fjlm0_si1043,TLTybJaTaTLTaTabacTaTlLTLULsbsbsbwaTaULcvclcacLlTbLbLTLcOHTLTLTaklLlLTaLTabKkTkHTalTclalTlaIzlTlTlTyTaLTLvLNwTalkybTsJTLucvcLKUTUObLTlzblLTLba
fjlm0_si1673,lLTLackLULKTasUblLSLTaLcLwbLTlLcLvclclTLbakKaLTLTLlLyOTcsLuKTUILTacaSeSsLDyaTaTKTaTaLkTaUTkTaLTaSlLTvlvcaTLTLTLFLaTLTlT
fjlm0_si2303,TLaLTLTlLBTvLSTlbTLlLTULKUaTaTLTLULTaTUcsLTLTLuKTaTKbavKaTbLcLaLTauLKLvElTlTLTLTaKabTUaUaTlLlLlTLaLlTLTaTaTaLTLlTLTLTLTacacLTLTLUawTLTlTLTLUawlTETJaKaLTLTaTbTl
fjlm0_sx143,aLTLlbTLlaTcOTLTLlTaLTLTITLaTaTOTlLTcNacTlcLJaLaTacTLTlTaTvavlvaTUTkUkKUElkcTlzTzTFTaSaSaUaUakTaLaULaLaTLaLcLFLFKUlTlTlTLTlTlTlcLaLaLTlTLlTLT
fjlm0_sx233,TlTLlTaTacaTLvlKUTULSacSsuaTlTlTLaDULaTLcvwKUTUaLaSuaTvNvLNceTcSLvLaTLTLzLTLTaUTLacacLaJTlbLbLTaTUTULvLcecsLbET
fjlm0_sx323,bTLaTacTLTLaKTKLTUKLcTLTaTalTavaLUTeLcakOTOTUaTaNaLUTEcEsLbLlzLTauauacacTkTkULvSTaTlLTLaTaTa
fjlm0_sx413,TbLTzLaTULUTLlLbLUvLvSeLTlTlzTLTuKTSLTeTLTSalTaILTLaeaSaTUleTaTacLcLcTULSLTLTzTazaTLKUTaTaTlTlTlTOakUwULTLTlTlTlLcLTFLTaTlTLTlTaTaUTUaTLTlTl
fjlm0_sx53,lTLTLlLlavLeTaTaTaTaTlTLTaTLUTaIUcTlTaLvLavTbaKlTlTlDlLcLakOETaUcUuakKLUaUaUaSsLTaFTLUaLsLbLTcTLTaTLvcLsLTLacaTaOsusbuKuczczETlTaT
fmgd0_si1564,TbTlTaLaFaKTkLkTaTsTaTLTKTUkTLTLaUTcaKTaTkaOaKaTLTLTSLaecaTawyTaKkaKTLTOTlTLTacaHOkOTlTaLTaLTaTackcakcaKkKTsFKawTaTaTlTLTLvOLTLFaTLTaTaFaKcLaTawaTETkEUTbT
fmgd0_si2194,TaTLTLcLvcaclvSaTLTkTaTLacLcwFwaLaLTaTsSTLTkTkTlTzuKTlLTFTUaKakaTLTKTOUSTlTLTsSaSTaLKkFkaTakaLTLakaKUKaTKkTLTLTaKaKcIcLIaTLTLuJTcakauaKaTLTFLTLaLKTaTLaeTaOTkULSsSsTlTLTLl
fmgd0_si934,lLTLcLaTLTLaKaKUcaKaTaTlzLTaTOLTLTaTaTaKaKwTLTLTLTLTOacklLTLauaTswTaTaLaTaTSbTLaOsyaSTaTLOUTlTLTLTLTsTbTSTUTUTU
fmgd0_sx124,TzTLTyaTaFLTLaLTaTsTUTLaTaTlLlHTLTvlLTsTacabaKTveDakTLTaLFLcwTlTlbTlTbTSlyblTlTlTLTlTLTlLTlLTlTlLTLTLTlbTLTHlElTLTLTLTLTl
fmgd0_sx214,TLTLaKUKwKUFaGbUaTUTaKLTuTaTUTSKUKTLTLTLlTlTKaKTaLaTkauKaTaTaLkTkTkOTlazaEHaLlLlTLTaTUTwsTaTaTLTlLlLlLTLaLaLTb
fmgd0_sx304,zSTLTvLvawaTbTLTlTLaKcaTbaTaNasLTLaKkTaTKTaTLTLTLaLaTLTLTLlLTLaTaTaTauTuTLOaLaKacakFcacwcwaOTlabTbLb
fmgd0_sx34,baTbTzTlTblLTLkaKUKTsTaTLTaTLaKacUKIKcKasTLTOaDTsTaTavNeTFDaTLTaLlLlLTLTLbaTbTlLTbT
fmgd0_sx394,abaLcLTLTLaTFLTLaTaLaLTLaLTOaTasazTLTLUaFKaKTsSTNasSsbTLTaTLzLTcaczKTaTascscscsTsTKglKETbT
fmld0_si2185,TLalLTLTvNlalLTlLlTacackTlTaLUakKkTaLTakTkLaFagkaTKaTaOKacTwaFkTLTLTakTUTLcLacaTITLaTFULTKaLKUaTaLTLTaTUTLTLKTKEHakOTLaTlTaFaLTLTLT
fmld0_si822,TlLFTaTLTacakTacKkTaTlLaSkTaSawFkTvaSaTbUaLTLaOLsSTLbLaLaKaTakawaTLKDTLTaTaTLTLTaTaTlULaOaTkOTLaTLzacakaLDTaTlLTUTLakFTkTkTLTLTaTLaukukTaTa
fmld0_si925,TlFTLaKTaTaSTOLTOTUTkakTLTaTcaTacaTakTLTaLacKUaTlLaTOKLwaTwLaTaLaTlLTlTcTaTaTkTLT
fmld0_sx115,TaLzTLTaTauLTaSuEcEcKFkakTaLTaSTaTaTLlTaSTaTackKTaTUvwKSwkTLTzaLaKaKOUaKbLTLaT
fmld0_sx205,bTLTLaKUlcKTKkTaTaLawakTazaTLlTaTkKacLwKawTaTzLTaKTSTaTaTaTlTaTaTuSTuKaTLTLaskaTaTSTFOaLackacLcaTaTLcTaTaT
fmld0_sx25,TLTLzTLTaLULTwLKTaTkacaKTaLwaTlLTFuSKTLTFTLkgTkaSaSaUaTwLaLaLTlcUTzTzT
fmld0_sx295,TLHLTcaLTaTLaTUlFcTLazywzLzLEKcTLTaTblLaEOasOsaTLsUakTauSaLaeaFkDaULaLTzaTaSNaNLaSaTaTLTLTaLTkUTUaKaT
fmld0_sx385,TLTlLTLlaTSTlUbTacLUacLcTlcakTaLlLlaTauaKLUcKTLaFkTlTLTFaTlLaTLaTLUkTkLaOTLazaKwTbuaTkaT
fnlp0_si1308,TaTaLaLTLTLaTLaLTLTlLTLTvTlLTLTLcaTSTaTkHTLTLaTacTLaLlLcLkTcFlaTFOlLTLlTLTLacaTlLacaLTaLsTaOaTOTlTLaTLUblLlFLTaTcacTkTLTLTaTacTcLTaTaTLvLlaTlLaTackKTKLTLaTFlaLTbSbucTaTaTLTlTcaTLaTaLTbTlLlkTLHLkakTcLTLTLTl
fnlp0_si1938,TacTLTclTaLkcTaTacaTavTaTLTkLTLlTlTzTlLEKFckTLTaLaOaOTcTlaLTkTacTOTlLlaTLTakTaLTLkLTaTaTlLaLFKFcKcFacFaTLTasa
fnlp0_si678,aLaLaLTLbLlTlTLTaTLaLKTLacTcTLTLTLTaTIlUTaTLTlcLTLTLTavlTUTLlLlLacaLTLaTakLTLTaTLlTaT
fnlp0_sx138,lTLTLTlLTLTLaLaLlLlaTLaLTlTzaTaLTacTlTclTlLTcavLTLTLTlTlTlLFcvTLTaTlLlLlLlTLTlTlLcTLTlLlLTLTcaTLHLkTlTaLTlTlLazaTlLaLaUTlTLTLHDT
fnlp0_sx228,TaLTLTlLaTaLTLTLTLOTvLlTlaLaTcaFTvTLTlLlLUFUTcTaTHTLcLTaTlLTaTOaLTaTLTlblLTLTaTFTLTLTLT
fnlp0_sx318,TLTlLTLTaTLmLHLaLTLTLTUbLTLcaTlTlTaTLTlULlTSFUlUTaTLTLUTaTLTLlLcaLaTacTLTLcvcFLTlTLlTLlacScLkTLHlTLlTLTLTLTaLaLacaLaTLTLbTLlLlTLTlLlTlLT
fnlp0_sx408,TLTLTLTaTkcaTkUTaLkTLTLlTlTcaTcalclLlaLaTkTLaLaLTkTaTaTaTaTaTaTLaTLTLTLTaTLTLUblTaLTlLsFTLlLlLTLlLlLFaLaLa
fnlp0_sx48,TlLTlLcLlLlLyTaLaLaLTLaLaLlTLTlTabKaTaTLTlTkuTLTaTaTaTlTkaTaTSTcTcacacUaUcKTsTOTaTLTLOTLTLTaTacTUaTLTLaLTLTHOkUTlacTLTLTLTlTa
fpas0_si1272,lLTLTaUvKwLEUTLcauTcaTlLUacaTLTkakaTLTLclaLcTcaTaLaTLTkTzklTaLSULaLaLlLTLTLTLTazTaTLT
fpas0_si2204,TFLaTaJTasTLTlLTaTaTcwcuIKTwTaLTUaclTLcSaKUckakKaKLKzLTLTaTlLaLUaUakTsakTLTLvczczKEcEUKUkLkKcuwaTacaLKkKkTLlLTakaKcaKLTaFTaLTlTlLlTLlTaTaTLaTLTaTaTaTLTl
fpas0_si944,alTLTaTUTaTlTLTlLcavauLuacTlTLUOaSbucacTakUaTkTaKwcbuwKakTHcTLTLTcNaOTLUaUaUTaSaOTLUaTLa
fpas0_sx134,zTlTLlaLTLTLcTcKaJwTcaTaTLaTLTlcaUaTacTcKcaUcaTLTakTaTLlTLOTKaKkTaTLlLTLTzTLTlaTaTkawUTUEwkcTLTaLaTawOaSTLTaTUTa
fpas0_sx224,TLTLTcTLTaTaLKUTKTvTETLTvSLaUkUTlTacuaTlTlTLTzLT
fpas0_sx314,TlLaTLTLTlLTLTLTvLlTlTLULcLcLwuwcUauUuKaTacaTLTcwacTlTLTLTckcakTaTvUcULTaTaTkTkTLTcalvcFTzTLTLacJawcaLlLcTLacaTakaTLTbT
fpas0_sx404,TlLTLcaLKuaTkcaJcawTLTLTLaSaTlaTkUckwcwTUaLvLvTaTaTLTakTaLTlOFDaUKTKTlaLcaLaTbLTbTFLT
fpas0_sx44,lTyTLKcTLTLaLTcvTLUKlaTLaOaTLavLTkTaTakTLUaTaTLclLTLTUTLTLwLTLTlLTlzTbLavcLacaLTaHTlTlDTlTLbT
fpkt0_si1538,TlLTLTLaTaTaLUwaTLTLTLTLzauaTaTaTlTLTLcaTlTaUcaSTlTLTlTLTaTUTcTaLTlTlLzLacKcTblaTaTLTLalTaTaTLTvLclcacTbT
fpkt0_si2168,TLTaTLTLTelTaLTLTaTvTlTaLTauaTLTvLcKIcKcSLTaHLkTLTaT
fpkt0_si908,TLTLTcLUvLTLTLUKlLvLuLTUTlTaTaTUuLuLTckcaTaKLauTkTLaTLavJLTualTcElTaTcTaTaTLTzTLTbTbT
fpkt0_sx188,TLlTLTazEKvLlKuETLTaTaucacbaTacTavTLcTalTaTLsaTLTLaTlTLTaTbacTLaTcaT
fpkt0_sx278,lULlTlTaTLTLTaOTlTlTLaTITLvlTaTlTLTLaTlLTlTLTLTavclLlULlTLTvLlaLFLaTLvLTLTLTLTlTuaTLaTLlLaTacvLcacLTcKTLTlLTzFaTaTlLaTLTcalcvbTUaTLT
fpkt0_sx368,TzLTFvcLvcLaLTLTLTEaTaTuTLTLcaTlTLlUaTvUTkTDTcTaTkTaTLKTlLTakTavlITsTaLaTaTJTaLaLcTmTLTLaTLTckTaTaT
fpkt0_sx8,TaTzTLcackULUTLaTaULTvlLcaUTUTlLTlwTLacLvuaLacTLTaLTaclzlLTaLTITLcvTeTLaTaTUlLTlTLaFTLTLTLTaLTLT
fpkt0_sx98,TLTFTlaTLTLaTLlLTLTFaTaTaTlTalaLaLcIaTLTavLclaTaTaLTLakTaTLTLlTkvTLTLTFaTLcLaTkaT
mbpm0_si1577,TLTlTLlLTaTaFkUcLlLlLTlTUFUFcKkTaUaUTlUTUKcTcacaTcSUKTLTLvlKFLTLTFakacLTLTcTLaLaLaLaLT
mbpm0_si1584,aLTLTLacacaKkwTLTcaTLcSclLFUFUKFTLTLFaOTlTLTlTFTLcHaLaLaTLTFULFcLcKLUKLKFTlTaTacTKTLTlblblLFkaKTLlLTLaTkHaFaFaTkFLzLTLcUaTLaTLcFTcLlLTLTLacaOUvLTaTaKTcaTcakTaTLlaTKkclFlLTl
mbpm0_si947,lLTlLTLTlaTLTLaLTLTLlLTLTOLOcLTaTaLcKLHLHLaTLlFczkTlTaTlTLFkLaTUalTLHklkOuKFkTLTzUKFUKNUcLKlUaLcTaFlTaTlTFlTLTLFTLTlLTLTcTcLcLTLTcT
mbpm0_sx137,lLTLTLTcFLTLzTaTLaTacLTLTLTLTLTaTLTkTaTaTaLaTaTFTcaTbLaTaScLaKalLlLlTLaTaLaUcLlczLacTlTLTLTacFcSLTacvclTlTaFLaFaUcFksTlcacTmaTaAcDaTlLaULTHTcaTkTaLNaNaLTLTLT
mbpm0_sx227,TlTLaLaOLTclLaLczlLTLTLcmckTkacLTLaTLcKsTlaLTKkTLzazUcKTcLcLaTaTaTckTzHzlzlTl
mbpm0_sx317,aLTLbaLTLaOLTbaLTLaTaUckTacacaOaUTlAKFLcLKLakTOTalOTaTLacLvHTlLazaTLmHTkTacaLAcLKczKT
mbpm0_sx407,aLTLaTLlcUkKTLTLTlTLTakclULTLTLUvKTlzTLTLFaTLaNLcaTLcLaLTaTLcLcLcKLTlTlTFTcLaLaLULKFKTlTLTUFKFTlLuFaLacTaLkTzaT
mbpm0_sx47,lLlLzbTsTETLlLKLaLaFzcKLlTLFTLTLkcLKLcLcKLaOaLTaTLTLzlzLUTLkTaLTLaFkFcKTLaLUacFTLaLaFUFaKkTFzcTacHckTcaLTlTFLcTLc
mcmj0_si1094,TLlLOTaFacHTHLaTvLOLOLOTLTlTLTkTlaTaTakTmLFlLTcTLlLaTaObaLzTaLTcaLaOTOTlczcTcFaTaLzaTLTzTaTLaTaTLTlTLsTvTLaTaLTLTLzTLTLTbLsTbT
mcmj0_si464,TlTLTLszLOaLTlLTLTaTLTLzLaLaLbaLakTLTcTFcTaLacacTLaLTOaTLTaUaTaTLaLTalaTaTaTaTLTLTsTLTaTLzLTLTLTLTaKUaKETlLTaTLTLTLTaTaTaTOTOLaTacTaThLTaTaLaT
mcmj0_si602,TLTaLTcaLaTULcTLTLTcTLlTFLTkTacacTHTLTLlLTLaTackTaTaTaKaTaTLTaTakTaTcFaTaLTkTlzkTLTLaTOTLTcacTOaTLTLTLakaTLTHaLa
mcmj0_sx104,TsOaOTLTlLzTaTacLTLkTaOaTLckakaTLTLaTLTaTckTcTOEDaOTaTLkckcLaLaLlTLTLlLlT
mcmj0_sx14,TLTLTLTaTLTLTLTLTacLcLTLTlaTaTakTOakaHkTaTaTaTvaTLTacTLcHTkTaTaTaTaLTLaTaTaTaTLyTbTLTlbTlT
mcmj0_sx194,TLTLakOTOaTLTLvOTLTLTHlcTHaHacTLaHOTkvLTLTLFTvTaTaTaTcTkaTLTLT
mcmj0_sx284,TlLblTLlTLlLTlTLTLTLTLTLaTkcTSTaLcTaTLaOaTLTLaTLTaTkTcTakaTaTLTlTLTzTLTLTcLTLaTlTLTFLTLFTmTmTkvNLNFLlaLTaTaLaLFaTaTaKTSLTlTzTkTUbTLsaTlTlTlT
mcmj0_sx374,TLKTblTlbLaTLTLTaTcaTaTUazLzTaKaTaLTaLTLTLTaTLTLTLTLTaTcaTLTLTaTakcTLaTaLTLsT
mdab0_si1039,aTLTLcLTkTlsaLTcacacuaLTavJLTLTLTzFkaFzFcLcTLTLFTaTLTLTLTLTLTlLzaLacvcuFTEcLacTaLaLaLTLTLTLlLTaNaNTLaLaTkTlbDTLTFayOvyLOTkTaTLFTOauFKLTLakTLTLTLFzT
mdab0_si1669,TLTlTLTaOmOTLaLTLFaFcTcacTcTkUTaTvsLOUaFcKTLTcKTOkcaTKTLlUacacacTlLlTLTLFaKczaKTLTaLTLTLcacTcaz
mdab0_si2299,acaTLTLacLsTLaLaKLTOSsLTLavcKTLTLTFaKaFckTcTcLKTLTlTSaTLUaKFcacKTLTLlLlLaTaTaTcaTLFcLcLTbaT
mdab0_sx139,TaTLOFkaTsLauauKaTcKvTKOaLaSkOKuKcKELTLTLOFOFcKTLTaLUTaTLTLTLaTLTlLTacaTaTaTLTacTLaOcaTaTl
mdab0_sx229,acazTzbcaTaTackKTLaTvLvLOTLTLTacacaTaTaLlLvcaTcLackTlLaTaT
mdab0_sx319,aLaLTLTLaLaUaTLaOTOsLaTacSsSTzbLKTacKFKUcTOLTLTLTOTaLTcOlzTLTLTOTOTLlLTOcLcTaTaTacakcaTLTaLaTaTc
mdab0_sx409,cLTlLTLTOaLaTOaTvOLTLTLTaTaLTLTLaUvLvaTaTauzcaLTNTOvOTaKaTaucavLTLTLaTLTlbaTacaTalTLTOaTLTOcvLKTLTLTvLKTLTaUTLTaT
mdab0_sx49,TaLTLTaLakTkTlaLTcaKUcILcTLaTaTLFaKLKTlTFTcFaLcFTLTaTFkckaTSLvczKaKFKTLTaTvFcaLTaUaLaTaLTLT
mgrt0_si1450,lTLETETOTlTbaLTaTFTaTaLTlTaTLTLacakakckcaTrTaTFOTkFzTbTaTzazkFKLKFkTLTLTLcLTLTlcFTlLTKTkHTETOFTDaLkaLTLTlTLaTlOlTlTaLTvlTOTlTOLTlNTLTLlTazLTLcaTLTETbTLTLTFcFTLTLJTLTLTLlTlLTaTkaTLaLaTLTJDaLaT
mgrt0_si2080,lLaLTlLTLaLcFcakTUlaFaTaTLTbLJlTLTaTaTKTsDaTcTacTLTlaTLTaTLTLaLTaLa
mgrt0_si820,TEbTLaFLFLTLaLTlTaLTaTaLcyczcFTcTLaLTLTLcTaTakaLTLTETOlOaLTLTaTaTFcTcTLaLTLvlFlaTaFacaLTLTLTFTcTlTFTFLaTaTaTaTaTaTaTaTclTlaTFLFITcaLTlTLFTlTaTakacLcTlkaLTaTLTUucFaTaLTaTlLlLaLTLaTaTalTaFcLcTaTcavczcaTLTlLlLTLcFTHTcTaTac
mgrt0_sx10,cTcSaSaSakaTaTaTaTLaLOTasacTLTLaLFKFkFaTaLHaTaFKaTcLcaTLkTLTLUaTaTaTaLTHTlLTLTLTLaLlTlLTLaTLTaLaT
mgrt0_sx100,TcaTcaFkckTaTDaFlFTLaOTLTLaLackFkFlLaTLclclTcTlFLTlTaTcaczczcLclcFcTcTaFcaTLTLTlLlTlTLlFLbaTLTLTcFLlLFLTLcFclcaLHTLTLTLTaTkTLTLTLTLTLTLTLTaLTLTLTLTLTLTLTLTLTlTLTlTlTlTlTlTlLTlTlT
mgrt0_sx190,TlLTLTLTLTLTFcHTHcTlTOTaTalauKFlcETlTFulLlclLFLaFkTcTLTavkLaLTaLTLvTlFLFcFczcFUkakLFlaLazLazaTzTa
mgrt0_sx280,TclTbTLbTaTLTLTaOTlcFcaTLTLTakTLTlLTFTcTFcTlLlTFcaTkaLaDavTLTzTLkLTlTaLaLaTLaTLa
mgrt0_sx370,TaTsOaFTLaLaLaLTkTOszlTclcLTLaTlLaTacaLTLKaKFKcTvlvlszbavcKacTLclcTETETbvlLcLTalFLaLTlcLlLTLTFTaOlLTazLTLaLcaTLaFaFTLaLaLa
mjdh0_si1354,laTLTLlzLTlTLTLTaclLlcLaLaDcaTOLOaTalTLTLTcTcLTLTLaLczlLFcalcLcLcTLcFcTULTLcLOuaTlLTLFLFcLaTLcLcuzTaTLTcucaclTlFcFLTLaFLczcLOTLaTLTaOTaLTLTcLFcFTcTFTaLTLTaKTlTcTLlLFcFcTKTCcLcLTFTFcTcacacaTaTacTalaTLTbTLTLlTaTlLlTLTlT
mjdh0_si1984,TLlTLTLTFLFTcLckLzTcaTlLTLTlTFaLaTaTUcTcTcauKhUacaTalT
mjdh0_si724,TLTLTLlLTaLOLTlaTOLTLTLFLTLcmaLTcTczFTLTcaLTLTLFczTcLTLaTLTlcLTLTcKkTcTcLTlzFaLTLOLTaLaLaLT
mjdh0_sx184,aTaTLaOTzTylTLTLTLKTLTlLFLkTLTaTaTUcTcLaAlLTLKclLcaLcFTcaLTaKLaTaTLaLTvlTLTLTFTFTaFacacTaT
mjdh0_sx274,TLTLTblFTOFKTaTcOLTLFTFLTOTLTaLaLcacKzTOaUKTLcaTLTLTlTOLOcacLOLlLFLkLTaLaTFLcLULzLzcakTSNLaNaLaLTaTaTbTlTlTlTlTl
mjdh0_sx364,TLTlTLvLclLTOLTLaLTLlLazacTLTLczcFTLTLTaTlaTalLczLTLTLTFTcTuTuwFTLcTLTLTFaLacTcTcLElTlTaTlLUlcaLaLlLlTLaUKcKTcKTlTaLaTaTlTLTOTLTLTvLTLTFTLalTlTcFLcTFKTlacLTaTazacHlLlclaTaTLTLT
mjdh0_sx4,TLlTbTLcTcTOLTLaLTkaTaLkLuLTmkTacLzLHUTcaTLaTLTLlaLaTaFOkcTczcaTLTLOaTzbcvaFLTLTazTaTkaLTLa
mjdh0_sx94,caLTlTLTLTOTLlcTLOLFLlLTLcLcLzcTlTzLacTLTKLcLcLTalTLTLTLlTaLcLcFcLcTLTLaTOlLlTLFLTFcTLTLTLTlzTlTLTlTlT
mjln0_si1449,THOlLTlLTOTLTLTLTOTaTLTlLlLTLTcacvaHTaTaKlLaTlTLcaLTcLHLHvaLFcFaKTLTaTaTlTLTlcTLTHcTaTcTlTlTFcTacTLHTlTLTaTLUTOKOLcFKcTEubEaTLTLaLHOlbLTLTLTFcvcLTaTaTLTLTlTLTaTaT
mjln0_si2079,blTLTLTaTaTkLTLzLcTcLFzTlTLTaTaTLTLTacTaLTLTLTlTl
mjln0_si819,lLODaTaLHLHLHzTcTFaTLTLTETLaTOTLTaLaTcLcFTLcTlLlTlTLTHLTLHcTLTLFLvHLlcTLTLaTlTcLTaTckTlTDLlLaTlalbTbcabLbLTLFLcKFcTaTaLTFTLTFTlLOTlFTavOKTlTLTLaT
mjln0_sx189,TcLTaFubaTlTLTaLTLTLTcFaLFaTLTLTaTaULlLTLTLacTaTaTLcFTLTOTlTLTOTlFTLcTcLFLTLTHlTlTaTlT
mjln0_sx279,TlTlbLaLaTLKLTLFTkTLTLFKFIFETFDFcFaTOLOTacTvcTLczucTyLTLaTLTcvTLTalTLacaTaLTaTLTaTlLlLTaLlTLTlTlLTaTHlTOTFcvcvlLcTcTLTLTlLaLalT
mjln0_sx369,TlTlTLcTcTETDbTLTLTOLTLaTkTcFLcTaLTFlcFcFcTaTOLOLaTUcLTLTcaTHaTLT
mjln0_sx9,TlTlLaLTFcvTcLcTLFOTLTLcLcvcLFTOTLTLcLcLcFcLcLaLTbT
mjln0_sx99,TaTlLOTaOkTLTLTczLTLTLFTLTLFacTcTaTLcaTLTLTOTaTLTaLFclcFTaTaTacLlFKaTLlTFTlLTLTLTcTb
mjmp0_si1535,TlLalTaTLaTLlalLaLTLTaTKvKLcTLcFaKTkTLTLaTlTLTlFTLTLOaOLlaLaLTLaTkTaLaLTaLTLTaTaLTUKcKlULFLaTLa
mjmp0_si1791,aLTLlblLTLTLacFckKFcFOLFKTkTkakaTLTLFcTlLslzazaKkTkTLaUKcKakTLTLTLTLlLlTLTaLTNTLaNLNLNaLlTlTvOlTalcLcTFckTaOacakTaTaTakaLSTsLTkaTlLTLaLakTaTsTaTUacKLaLavLTLTLTLTLTLaTLTcTLkTLOTLOLTalaT
mjmp0_si905,TlLlTLTOTLaTLTLcFcawkzUTUOTITLaTaLOLaTkTLaTLaTLaTlLTLTLTaTLaLaTLFaKcLTLFLFKTLTLTLTLvcFcFkFLkLTLc
mjmp0_sx185,aLTLaTLaTvDJLFsOLTLOLFaFaKTzkLkFaTaTauluwackTaLTcKaTauKaKcaTLTLcTzLFTEcTLTaTa
mjmp0_sx275,TLlLTLTLbLavcLaTaOLvOTOTLTakFcLKaKTkLcazakcakTaOaLzazcakTaTkaTaFTNLTaTLaLaLaLkLTaTLaFuSLcLFKaTaTaTLaLkTakLa
mjmp0_sx365,TLTaLTkaTaLTLkaTUTLTwTaTkTaTaTLcaFlLTaTLaLaTLaTUTlLaTLTaTLTULbuTuabaTaTaLkFkFTkTLakaTbaLaLkTkLTaLalLacTKLTaLTbalaLTLFKkTLlTLaLaTLTkKaLzLaTaTLaTaTLUaLa
mjmp0_sx5,TLTlLTLTLTOLaTLTlLTLaTLTaLaTkTaTLTkTLTKLEl
mjmp0_sx95,TLlaTLaTkTKETEacLKTFLkLakTLaLTkTkakKkKaTUaTLaTLTaLcLackTaTLkTkTalTLTLkakLTaTaLaTabuTakakackTLTLTaKaTaTaUKUKFcLlFTLTLTFacTLFaLTLTH
mklt0_si1213,TyblTybLKaKLzLzcFzsOTaLsLaTlFlFLakcaTlLTElTLTaLuLaKacKackTlLTLFLTLaTcTLFKSuKwaKTcLcaKUEUKUkKLKTLTcTc
mklt0_si1843,cTLTlLTLTLTaOTczFcFaLTkTaTaTaLTaLaKLkKkUTkUkaUSkcaTaTLaTkTLkckTaTLaTaTlLkaTackauaSUKaKwKTaSTLTcaTsTaTKaTaEbwaSHvTcacTalaLTaTSzUKUasbaka
mklt0_si583,TlLTLbLTaLacTLTaTavLTaSaULvLOLaTLFLackKaTFcFTaTLFaTaTSTuTaTaKUTUTKTLTLTlLTaFaTaTaLakLaTLTaLTLTlLT
mklt0_sx133,lFLTLTLaTbTFLTkakUlLcFaLTaLaTLaTbTavTacaTaLacwKTzTaTacTaTauKFcFckcTlLlLlLFLaLTaTaTkTacTaTaTaTaTa
mklt0_sx223,TlcTLTLaTUaFTKOTFcacTLaLacKaTLTacTKTLSacTkFkTLOaTakwckawkaKakTgTaTFTFTFlFLTaLTaLTlT
mklt0_sx313,TaTaTkaTKUKTLTLaKaUKTaTaTLTLacakTkakKTcLTLUTuKTaEaFawKaKTKacKTaTLlLFcLTLTaLacakTakTaTUsSLKaUKFKFKFKLbTKTzTLTbTzTzTlTlTlcTaTz
mklt0_sx403,TLaTkSaFSLSackTaTaTkTaTaTLaKTulTlTlTFTakTlTlTlLFTkTKazKaKkwKacaTLTLDaLlaLakzTckTlTLTLFcKTszTLTaKkacKcTlTKcTKETLlTcTaTcTlT
mklt0_sx43,TLTLlcTLaTLcFcacLcLaTLaLaLaTaLaSaTwcKwuKLSaTLTLTKFcKTaLTaLluTsacaOaTaTaTLaTOaTLTLaTa
mlll0_si1363,aTaTaTLTacTKTLTLTzTLTaTsTcTLaLTLTLTLTLTLTaTLTaFcLTLaTaTaTLTaTcaTLTlTaTLTaTaTaTaTcLIczcITLcFkFaLaTLTlTLTFaLaTLcFzckKaTacaLkLTLTLTLTaTULKTlFlcTLTLTLTLTLTLTLTLTLTLTLT
mlll0_si1993,TlLTlTLTLTaTLTLlTLTLTaTaTLTLTLTKaKLKTLTLaLIkaTLTLTLTLTLTLTLTLTLlTLTlTLTLTLT
mlll0_si733,TlTlTLTLTLTLaTaTLTLTLTaTaTzTzTaOTEKLaSKTKacKcaTlaLTaLKLcKwTaTLTLTLaTLUcLackJlTauTLaTaTLTkTLTLTFLTFTLTLzacacaTLTLTLTLTLT
mlll0_sx103,TaTLTLTaTacTLaLcTaTOTUKEKTLTLTauaFcLaTabauOKaLTLTLTKTaTLFkUETLTlTLT
mlll0_sx13,aTLTcKcaLSLUSLacKaKLaKaTaTkTKaLaTLTaTlTLTLTLTLTLTLT
mlll0_sx193,TlLTlTLULTaTaTlTcTLcIcvcTLaLTKsLalLKaFaKLzKcTKckKaLFzcIcLTLlcvLTLULTvLTauKLacTLlTlLFTETbLFaFLTLTLTLT
mlll0_sx283,TlTcSzTLTLTLTLTaTakaTLTaLFTLKaLTaTLaTaTlLTOsakTaTaTKsLTcaTzuaTaTaSTaLlLTaTkTFTaTaKcUKcaTKcTFacaTLTaLTLTaTLTLacLcLFLFT
mlll0_sx373,TaTLaLTlTzITITcKTKTOLsaUzlcTcaTUTaKaKaTKLaLckKkTaOaTlTLTacaTLaTLTaTaLOUuTLaLTacKTLTLclFET
mlnt0_si1574,lTLTbTbTlczEGakOTlTzTcFaOcJkaLkazazEOUTcazEOEOHaLEalScLcSbzaTaLvOsOTaLOTaLazszagauauOTlTOLTLaOzEOTaTULUTaTaTOLsLKzaETLTLTaTLOTaOTlLaTlTFakEkwaEaLTaTlLaHaLaLaOLOLTLlTaLaLTaLTalTlLTlcLTlzlLT
mlnt0_si1902,alTLOTFTaTLlauKLuKLzTLTLaLTOTLTOUswbuzuvcSzcaczTaOETLcLlLlLTOLaLaTlTaTbl
mlnt0_si642,lTzTUTaTOLOaLTlLTaLzaTLzTLcTaTLaTlLTLTLOsOTLTaLTzTaTFawEaLTLTkcackaJaTLlTLTazLzczLzLTLzLTLTOLOLaHaHTcaLzazkETzazwTLTlaTbTbTwEawTgTLTaTaTLTLaLaLkTLOLTLaLl
mlnt0_sx102,TalTLlTblTlaTLTLTaLcazTLlLTLTLTLTLKaTLTLTFzLclcLcaTLTLTLTLTOTaTaLzLTlLTLlTlTlFTOTLauwKaSLTHTLTOTLTlOLaLlLTLTFTlLlLTazaSaEzETaTLTaLTsOTaLaLTaTLaLlLzlLaTLTlazLlT
mlnt0_sx12,aTaLlLkvhzszbzcvzaLzaTzEazTLzaLTLazcaHaHLTaTOaTOLzTLzSaSaTawOEFOazSwacTaOaTLTLTLTs
mlnt0_sx192,TLlTLTLTLlFcLTLTLaTzTazLELEazTLaLbTLzLTLkTlLTazczaEbzaKEbEKwacaLTLaTLTLTLTLaOKTaOLlLaLTOLOLaLkla
mlnt0_sx282,aTLTlaLOTLaLTaLkOhTLTLTLacacaOLTlTaTaOTDaTOazaTLTlTLTOTLaLaEaETsOazkELOzaTOacaTLTLlLTLTLOKsvzKTlLOazakazaLTLTLTLaLT
mlnt0_sx372,TlLTLTLTOTLTkDzEakaLOLauakEDsDaLTsTaLTLTLTaLTkOkOTLTSTLzwyOTswaOTkTaOsyLaLzLTaTlcaTackODsDsDuaLTLTLTlTzTlTlLlaOTzaLTLOTOasTsLTLl
mnjm0_si1580,lLlTLTaTaLcTcaTLTLTFTaTlTFaKLaUKcaTsTLaKcLTLTOlTLTlaLTLTLFOTLlLaTacLKUFGwLTLTkTaLOLaKLTLTETbTbTbETETa
mnjm0_si2210,aLTlTLTlEcazTLaTkTcTKLzacuaDaTackTaLaTaKTzTLaLucwKTLcLazaTLTKzT
mnjm0_si950,aLTLlaLTaKTFuaKTLcLaTcLTaFLOTLlaTaTcSacKcTKTLTLTLOTcKaLasTLTaLuwKuKuKFkcTlLaLTaTOLTLTOacTLTLTLTLaKTvLbaUaLScLTaTcTLaFacaKFTaTLcuSLOTaFKLzLTacacTLacTLTLTaTzLmLTLzFcTlTLTLKLaTaTaTaKLTUTucTkOTcFTcacaTNTaLTLT
mnjm0_sx140,TLTlTLaLTmLaHLzLcUKUKuLacaLcaTLTLaLELwuaUKaKwkTcLzLTLlcazLTaTzTzwKTLTaTacLcLTaTaTkTkTaTLaLFLFLkcTckTcTcackTKkTLT
mnjm0_sx230,TLTLTLTaKFKLKLucKcLcTcHkHcvLcTLaTLTLTLTHTsazTUaKUKLaLcKTaLaLcFLEzEKLaLOTlLNlLcKuLuKauFKTKTaLaLaTOTLTLFTz
mnjm0_sx320,TlLlTLTlTaTLacaTckTlTlTLTFKLTcacaHLTcKLaLaBTaOLzLTLTsTaTkTaUKaKcLaTaTakTckTlTlzTLTFTaTcTSLScLcUaLTLlaTULTOaTacKTzTlLFKOTUTLFTzTc
mnjm0_sx410,TLTlTLTcLaTckaOkTLlLuKaLTLTLTLakTLTaTLTLFLkTckLcszTbLTOTOTLTLaLaTzLaTcTOTlTLlLFTLaTLTcSaSLcaLaTLOLTLs
mnjm0_sx50,lTlLcaTLKaTKLTLTLFaLTaKULULTLFaTaTLTaTLTLlTaLacUTLTULKcaTOTLTaLaTaKFKcTLlLTlaLaUKaLaLTaTLTLTLOTLTLOkHTLlczclFKaLkTaTLTlTcTcTcTLaFvSLcOcLczTzTbzT
mpam0_si1189,TbLaLTLaLlLaTvNDaOHTaTaTLOcaTakcaKTKLTalcuJlklTcaTLaKaTbTaLcLTOkTkckTaTLTkTLTLTsT
mpam0_si1819,TlTLTLTaOTkhkcacaKOTOTKTaKzaTlTLTbLOaTaTaLuvLulvEcETvTksLTkSTLTkaKaLacTITsTLTLTLTlTaDTkTkaTUacLTLTLTLaLacaLaLaKLKTLTababSza
mpam0_si1961,aTLlazTKTaKLTkvTLTLTlTlaLzTlaTaTlTLaLTaTlFLTlLULlNTLTNLcucTlLTlTbLbuaTaTLaTLTaTaTasaLTaTLlaTaTLcULKaTKcvaTLkczaTLTaTaTlTLTazLTcTavaTeUaKTlTlLlNLaLaTaubaKaKTuaTaTa
mpam0_sx109,aTlLTalLFLFTLTLTLTbTUTOcTkTlTaTLTLOTalLTLaTLTaTaTaTlLaTckOLTabTacLcacLTaUTlTLTLlTaTkUlsUaTFTlTLTLaTLTacaTaTaTzTET
mpam0_sx19,aHTlLaOTLvLacvTLsTsJTaTLTLTLTLFcacaclcTalTcaTaTOTLcaTLaTKLDaTaTaTLTlTLTLwaTaTsJTlLTLTLaLT
mpam0_sx199,TLlLTLTLlTLcTsaLcTcTLcTasaTcvLaNLaTaOmcaTaTcLcavOHkHkTaTkTkTkTalTUTlLzLTcTLTcFaTHkLTLOTaTaTaTaTOTaTaTLTacaTLTLlTlTLaTFTaTlTlTlTlTUTaTa
mpam0_sx289,aTbLaLTLkcacTaTOTaTlLauaTaTLTLTaKcuLKLKTlLTLTLlLOaTakakaTacaLTlTlLlTLTLTaLScScTKLTFLTaTkLaTawTkTa
mpam0_sx379,TLTLTLTkTLTaTLOLTLTLFaTaLaKaTaTvkTLTaKaKTLaTaTLwTacKETLTzLacLkTcaTLaLalazLTuFTKTaTaTaTLaLTFLTLTaLTa
mtas1_si1473,aTaLlLlTLOTvaLTaTcTLcLFcHBLvTaTaTaTlaTclcFlclFzTaLTFLFLTLTLFLcTLvLTOaLaLcLca
mtas1_si2098,alaTLTLaOTlLlTOTaLTaSaLaNLTcvaSTLTalabTacvTkTLcvKlFcFTLTLTkTLTaLacHLTLTcULUlvlcTLTLaLFcaTkaLTcaTLFaSvcTLaLTaSLTLaTaLa
mtas1_si838,aLTLTcLTLTauazaTaTlLFaLvTLlFTalTlTLTcTDaScaLcLSLcFaKaTLTlTalTaTackTcaTLkLkHkacTkcFKcTzEaUHlLkTLBa
mtas1_sx118,aLTLlacaTlaLazLzaLaLEbTlLFaTvckaTHSaTHlcTcLTLTcKTLTvavcsTavTUzaTaTaTOTLcTETlTlLTFLTcLTcTcaKcuSLvaLvFcTHkTHaTSzLlavcTcTLcLcLcla
mtas1_sx208,TcLTkTaTaLcLcFaFcTKTEaFlLcHlTLFLaTkUTOETvDFcFaKkFkcKTlTavLaLFcTLFcFcFlLcLaTacLTlTLTaTLTlFTaTakcaLcLlLTLaTLFLTclclFTcaTLcaTaFaOaTOvTaTcTLTLFzcTaTa
mtas1_sx28,TLOLTlzaTaTLOTcaLvTLTLTkcaTaTHkcacLaLaTLzFckcTaTLcFLTlTlFcFzLTLzTLyLvTaTFLTkckLTcLTFTFLTcT
mtas1_sx298,TlTLTkcLcTakKTacTkTkckFcTKTELuFDzaLaFckckFTaTkHLTalaNLNLNLTLTaclLlclLTacTFlOTLaTNLTvkvacFaTaTaTaOTaTaTLTkTcLTbLalTLcaLcLTLaLa
mtas1_sx388,TLTlTazaTaKaTaLkTaLTaTLTaLlTLlLlLTLTcTaTLcLTLTlFakaksLTakLTLcFkTkcTackTkcLckTOTOkaTcTcTaTaTacLTOLTLalazacvTHTLcbaTLOLTmkTlaTaTaTamLTvTLlclklLklLFLFLFTFcT
mtls0_si1370,alaTyTcaTsScLckTLaLaTLlaLaLaTaTaTLTLaTakTlTLzLacKUKwaLaTsTakKTLTaTLaUcUKaKLUaTUkOLTOTaUKcKLKOTaTlLTFakaTOTaKTaTaLaTaLTaTUcaSTcaNaOTkcuwakTaTLaTLTLTLaNaNcTlLlaTaTLaLaSsULTLOkzkTkTa
mtls0_si2000,aTaTlcSLsFaTaSlLTNcLOaFTcTaTaTFTlLaTaTaTcaTOTaNaLUaLsLaLUSsLsLULULSTacLsLTLTLakTaTaLaLaLaLOTkUTaUTLTlT
mtls0_si740,TLHlLTLTaLTaTKUTawKkTLTaLTLaUKawTalLaLaTaTLTclLTLaTLlLaKcTLUaSaLzLbLzLzwTwFwawawawKETLTLTaT
mtls0_sx110,TaLTLlkTkFTLKEOTaKTLzLcTcTcLTakTcLaLTaTOaKaLTLTaTaLTaLaTaTLTLTLTLTLalLFLaKaKaTcuEFaKaLTaLTLTLacTLTLTazacaKUwcaTasLakTaLTlTFLTLzTLTlLTLT
mtls0_sx20,aTLTlaLTLOacaTcakaOaTaTskzcLcTaTLaLzcaTlTaTaTFLaTvTLTNacaTaTcScKckTkKSKSOTaTauwKwTuTuaTaGTaTETLTLTLTlTLlTlLT
mtls0_sx200,TlacaTacacaKkTaTaLTaTLakLTLTLacacucLwKTOTalLTLTcaTaUKTLacKaKTaTBLTaTKTaLaOTblaLcLOLaHTLlLTLFaLTLT
mtls0_sx290,aTLaLTaTLTLlTzTcauTLNaUsaOLaLacacaTaTlLTLzbaTLTLaTcacFaTaTaTaTLTaTzaKOTaTaTLcTaLaTkTcLalTcLcaTlzKackaTalLlFLKaLaLaLTLTaLaTLOuKaKaLaLkaTaTLT
mtls0_sx380,TLlaTcacaKLaTaSUTLalLacamkTHacNLOTOacKkKkTaTLaLTLaTLaTlUlLaLaTLlLTUTLTLaTLOacazaLaTlTLaOaTaLTaOLTLTl
mwbt0_si1553,TLTlaTaTLaUcvcFcFKTacLFcFKcFclFckTFlFTlTFTalFcLlcFlFkTkTvlcFTaLFaTFcTlTFKUFkaTLlTLTLTLFcFcakTavcETaLUFcKETlFcluLlcFklcTcTLkakaTavaFkFTcTLTLFcFUaKaTacUkSkaTKTcaTlLTFwaKazTaSa
mwbt0_si2183,THaEbLbJLlLTcTcEwzTLTLTLFTFacacOTLaTLcaKTUaNaNavLaLeUeacKczLzTaTLTLTLTLTclTlLTlTlTlLFlTa
mwbt0_si923,TLTLTETLTaTFLTcFTaTaTOTcTLTLTLakTkTUkTlTlTaFacUklTaLcTacFecTSLcFcaFcKTlFTlFKcByLclcUcOcaLcaFcKLTLvaKLKaLaSaUalUclTkT
mwbt0_sx113,TLTFaTLvlKFlLlLlTLTFaFTFTLTlclcaFlkKTSaJsDaFcKTLvTUlUlcFcFcFLTkTaTkTLFlTaTcTaTaTLaSvLaTaTaTKLsDFaFcvkLTLTaLaLTLTLa
mwbt0_sx203,aTLFLcFaczTlTacLFKTlLFcvclFTaTlTcFcDTclcKTaTbzazTakvLaTLFaFlLcFcTaTLelNUaTLTkLKTlLaTcFKaLTaLcLTaKTaTasaz
mwbt0_sx23,TaTzTLOFzEOFacFTlLFTOaTLaTLFTacTLaTLTLTlcFcaETlLTFLcaLTwKwlKvKcLeTNlvcvcFclcTlLluvLaLTLSzKLKcFDlTlTULvLKcklaTlLTFKTFTLTLT
mwbt0_sx293,TLTLlcFLaTKTFTLTlTlTLaFaTvOTLaTcTlTLTLTlLcLaTcFaTaTaOTaLaTLTaTUTLTacaczLcTlbTLTLSLcaLaLuKTLTaTlLcacKTaTlLlTzTFcKcUaTlclcLlTLTcTcKcKBLNUTalTlTleaNalaT
mwbt0_sx383,TFTLTLTFaTaTaTLTbLTaTaLaTLTuKLTLTaKDaTaNaTaTaTkcTlTcTLTFcTaTacaTLTaTLlTaTucvLrLETaKULALTkTkLSLTSkTaTaTLKTaTLKcTkaKkLKULaKaOTaKcTcKcacacLblzT
mwew0_si1361,lTlTLTLvLcTLTaLlLTLTcaTcTLTLTlLTLTLTLFLTvLOHvLvTlLcLcszTauTLTLTuTaFvaLcLcaTaFLkTkLkaTLTLTLaT
mwew0_si1991,cLvcLacakTFlULKLaFKTLTLOLTlLvcLcTLacTLTLTLTLTLFcLTLTOTOTLaTLTbaTLTaKTLTaFTLvOLlOLTLTLTUTLTLTLTaTLTLTLTLaOTLlcLcLlclclzFLbLzTlTl
mwew0_si731,aLakLlTFLkKFTlaTlaTOaOTHLTLTLcTaTHTOTOaFLFkTOTcTLaTaTaTFcTcaTaTLTlLasTlbl
mwew0_sx101,TbabLTLTLTLTHOTLaLHTLlLlTOTcLTzaTLaLkHTacLTHOHTlTaOLkTaLlTLaTLKTLTLTLTLTLTLTLavLzLczcFlcKTFTaLaLTLTLTFLzTcTcacacTFcTlTlT
mwew0_sx11,TaTaTOTvLTLcacLTcTaTHTHlHlHTcFLUlUFLFaLaLaLT
mwew0_sx191,albaTbLlTUcaTOlFcKLcLcFzTlTaTaLTLTLcLTLTLUbaLTOTOTOTLTLOTLFLFTcvcTLTcacTLTLFcTcT
mwew0_sx281,TFTbTKscLvcTaTavTLTLaLzTLTHLHaUTcTLlLTcacLcFOHOTLaLTLTLaLkLkUTcacaOalTOTOTlTaTLTLlLTuvcTLTaTaTacTaTaLTaTLaLHaLTackTaTLTaTSTa
mwew0_sx371,acaTacaLaFTkTULTLTaTLaFcLaTsTLTLFLFcKTlTLOTOTOTlHLOLaFTaFKFlTLTaTLTaTaTcaTaLaTsDEsJLDOTOclTLTvTOczTLTLTLaclTHTsaTLTLTFLFacTlT
