id,phone_sequence
fadg0_si1279,HhHIrLAJUJUrHcarIrDbeaBaBLMvrDnwLMwQtLtJ
fadg0_si1909,HLtvnbnbLtAKwnwnwPwLuywDULDwPBlwPBPwUJUMIrFBUJLlHhkwLQvDyULtlwUDKiKr
fadg0_si649,lLTuwLJNtJlJcnFQtQtHIrUJtKIrICDCBFBgbLlhlhwnLtKTyDwLMJMJMHywcQLNtULHAHIrLlHlcwUJwncDIrIrUJLHlhknLHMtAtIrvuvrIrIFBwLABywymrLtKiAKbnbcLH
fadg0_sx109,iJKyUJtJBcnLvLMwDLJLHIrgyEDECEvCIrIgbgwELABLvBaDwcbDUJLMywLMJBacFcFcLHw
fadg0_sx19,cvlFHFBwFPcDCDnDncDCDLUJFBQSrIrLAvwnDeaBaBtwDEDELhmhysytJBcDwUJwyED
fadg0_sx199,ULBTuynDEyDLziKiKiMwFBLmukIrIrwDyzKwmrwPcQChBFSIywLmwLAJLlhcFGIrKrLMwLAuwEDLMvMAvCnsLzwUJLMAUwUyUJwFwUJLJ
fadg0_sx289,SDSwnLlkwrLHJIrgsLtMJLAuFBamKwUJUMJUwrQLQhQIwPwrIryTyUJltMJcBnDLDJyBbgmB
fadg0_sx379,HvAvbnbDEDLkuywQlDUJLtMIrIagrLmkwyEDyBaBgcFtJUwDJUJaBaDBLHlMrUJLMznbswDUJU
faks0_si1573,MizLKLsLAwUJLAibaLALMcFwcDPyaFSFUJLlMwmDcnDGDbwyvbsgwLkhmurLknwnDwUJLhyTPrmCmwPQtSBLhBFPFPBPFLMJULSarPSaIrDwDyDLKiMKbcaLkhwyLy
faks0_si2203,JLJLlkwrQIyPUJcwswJUJtQrIwOLlhlkwUJLHhagsLtJwyEyELAtBFPFBwDKzKLDBDnbeBFLB
faks0_si943,MALyKtLALHIrLkhcaLAKiKiwPwnwnDCwsytJtaBFBtAtarILhBFSBaFBScnLAJLlhwLHMHAMsyKzKwBDwDLJU
faks0_sx133,JULJLJLHLHAvyLMJUcrIywUJBcarLAHMwDyEywDIyEDywDywyLtrLABASBwLABaBaAaADwDlLiKiKUJLM
faks0_sx223,JLJLMLHABSBcwQLlcwcLhBwcLiMiMKrLhHaBagaLMAMsywLhBFaSGBwDwDBwDLuHrIagbrKiKLJ
faks0_sx313,JLULtLALyLAHIaLlLJtJtagcnLtJtJtJtJtaGIrBnDgUJwDwsyDEDBhcLhagaALAJLhHhcBFBtLtaIywsLuAMeaFBSBSgbgeBLv
faks0_sx403,ALArSarILuHIrIrFcLDLAHLAMPDwywyUJUJnwcwUJUcQLQtQhBFBFbaFBSBSByDyUJLAHArLMJUwDwywLhBgageaBLJcBwUJ
faks0_sx43,kMnvbnFBFBFBQlBFrFPBGBywLHAyLHcBFBaSBarIaADAtNtltNlcDwALAJLALAHLHBwPLkwLlkMk
fcal1_si1403,iLAMJLvMLMkLvbAwFBSBSaSBaFceBSFSBswUJtlMsbnDLDmkwnLhlwcLHwHvbsyUJKMwDLDUJgbLuAHwLAuaBLhHSBagbEDnwngUJUJDCsbDbnQtJtnbUJUJwLlJbnbnbFeaBaQtLtLB
fcal1_si2033,lShSPwLhkwywLABaBJBFBtJKbsbsbsEDELkwLULHMIrIFSBGsnwQJLMcFaSIywBgbgLJLHltlswnsnwJN
fcal1_si773,lSBDBcnmbFaFBaLHIagacLzbngnLALHMIagwJUBFBygsLtQtIrwJbnrQIrFBLhlnbswUJUJUJ
fcal1_sx143,lLlwUJNJwnbCcDkwPwLzwywDwnQtIrULhkysLlucBJLAuyrIrwLkhlnbnDvbsvbDBFBaFcB
fcal1_sx233,AvAagbFcSBsybnwDPtIyPSBbsbsysLDlDysDwJMbsysDLlMnbswEDEDLD
fcal1_sx323,lHlwtJtJtaILQCLHIrQDCnbmDnwLQlwnDLtHMtIrICICrISIagbQmQswDEDEDeFeFagcwDLMJUMvargrgCbwDCDLD
fcal1_sx413,HLHkbnbnbtJLDByUJULSBymuwyKUJULDwsyvQlcLHtHLvBSBSBywDLDLkJUJLHAMaIrtLlLCDCbLKzKLMzKrwrJLArLrLM
fcal1_sx53,MuyECwsDnwUJMwLhHFBFBCQBwcwLAMAvbnLhmyTyBsnrIysyLHAMwDLMvbsyEDLDJnbDLDShBJU
fcmh0_si1454,vgHgcaIQIswLzJzUPBcFBSBsyLlLClhwCswDLzMvagnLiJKyTyPwUJLMLHSrQLhQInrIywJLAHAvacaCLHwUwKwDwUJUcncNtNLtLHBaBgynbUJLizKzwrsrwJUJ
fcmh0_si2084,lLhBcagmncnLhbmbnLMyPCQCywCDCDLklMsbnDLD
fcmh0_si824,JLJnknQhQhaFBFQtrCDwUJUnICIrwgsLzKwDLkgebgwUJMswsyEDyvbnwDUJagswDLHAHInLHIrIsKwDLkMUMzArPywLlHyLDCwnbnsngDmywsytbgbgLKzKMrIrwJUJUJ
fcmh0_sx104,AvAvTuyUJLMlMJFBFaFBcLhklkeagwCPCLQLDQLHrIrcaChcLhnsyLAQur
fcmh0_sx14,HhyULtLHtHtaIrntLlsrwUJUJLlUJUwUJUJwLJUJUsnbnIcCrLlIhyLvQvyTPBPsnrQIytaLCyncBaerer
fcmh0_sx194,HlhnwsysywDKzFBGgGgsnwcLSLSBgnDIegbeagacLkwywswsKMzwnDEDLD
fcmh0_sx284,izKzbnbtMJLlHlHbcagacgLDyTyPBPcagagILuvTDPyPLkMuwDQLtLtlMtsnswLQhHrIFcaQLhwJUJwgDLziKiwLtMKTyPyLziziLHQHIrLizKwJUJ
fcmh0_sx374,izaDBDLlAMtHlByDUDJUJUJMLwJwKJKznBcFBaBtlAsnsKiKJLtaGInFBnwnLmQlwDEwDLD
fdac1_si1474,vAMbgbnUJLAybDbwDCnbMbQDyDvwyvyUJbLDwCLlCDLhBwDwUtJtLDCBaLMkMuwUJLMJbsyUJLUJLJLJUJ
fdac1_si2104,AvHaeacCrtQtMbaevegegvegbvtKAvTyLtJtJtNJeagaLbHsysLlLCBgbgbwKJKJKJKJKJLkwFcLhQFSBgnJwsyvyAyAyLyLyLyLbLmDICFaBaBgvbvbJLHLHUJ
fdac1_si844,tlJhHeaegacgcwUJLMbLMULlDCDlwnbLAvaFaFBcFctQtMtMswUJKJKJKMncDwUJsywUJUwULiMiKsyPwQMLMALHbvbvbLHLMAMsysLAJLHlHbDLAJncncFQDbnbLDLiKJKtKMKtcFaSaBaBLtHlHwsLAJLHhHhuwsbeaIywncDLMJ
fdac1_sx124,HaegacaLUJLzwLMiJLCDCDCnsmwncLHLMHAuyPmrILhuhyPBPFmcFQtaBFBD
fdac1_sx214,HlncncCBagacCDwyEPyDPDLkuwFBaBavaAcDlnwnUJUJLlHhcgbgsnwnLDkwFcSBbLCLcLuABnbwJUncDlwCDcLkMwLHAwkwnwnDlnwUJbegvegacaDLUJ
fdac1_sx304,MiJKJiKwyLMJLMbeagvMbgLDLDHAywysyEDwUJUJKICIbegbDyDlnctrsrwJLHMbegvMbDwCUlwncLSCSCDSaBgaDwDLkM
fdac1_sx34,MkMnbeBFCBEDBULCDLzMzwPwLiKibeByUJLMuzKswnsmyLzkMysKUJKJKiwnwUJ
fdac1_sx394,MAbeMeaBJwybwnDCPCDCbsyLJLULDCLhaeaFDwUJUwDywDLMKMyKtJtJLAMIaeaDED
fdms0_si1218,HvHaFBcLJCDCBaIrFBQtIrLMkMIDSBFBagagDyDvTywDwDLHvbsDKMKwDUJU
fdms0_si1502,AyuwcBQBSBwULDkbvbgwELDlUBabgLAJBgLHvAvbsDbsDLMAHLDvswLkAsytLHSBgswLMKMywLHlhwLHhcsFsLAswLhCSDebegcaLCLzKwJwLHvbr
fdms0_si1848,SByLAywDLkwbabegsLMiMJUJKwyPywPCQLhuCSByULAyCDLkhkgabgaeBgLAHIDyBLHvAyLHB
fdms0_sx138,lLIlCDClwLABcDwUJwLHAvnsbUJUKLDCDCrJLlMukywcBJcwDwLAJAJULHhwnDJUJwDtLJLHmIrtvAuyTDwDLk
fdms0_sx228,MwvQvyTywLHLtSBaSBSwDLkyLHcFBQBIrwCBlcLlHMLvtycyTyTywnwnDKiMwDLy
fdms0_sx318,HkULJSBywUJUJLMlMwsLlCcgcaLHlwLMvAsDmnwnwcUJUcbcbDLhlhlhyKtSBctIFagagcbJLzU
fdms0_sx408,vgagHgLmkIacLhlwJBcLhSBSBgwbLlHwnbngbvecCgDvbQlcwDkMwDwbDtJLiKJKwbsyEDCDLDKzKLz
fdms0_sx48,lDLuAIbnDCDcDLQkrIbeaDCLAuAuIPIyPDvDrISbLHIBEDByDBTywDyLHvAbsEvDywLHMvAbgwLJUJU
fdrw0_si1283,lClwmCwyEDysDwKiKMkncFcBcaLMUNJwnwLlwDQCsnsDyBgbgbLMAvwPywLmDmwysyKkcncbatLtaBagbgbaLlMlwyLMAsyUQICIbgabLHhMcLlBynwbLMtJtJtagrILrLJLMLMUM
fdrw0_si1423,kCLhbecLDLULkMkMuyFBFagDvyLkMAkMkAebgbgmvDbcbcbaLMJMUJwLhHcBagaeFBeBrB
fdrw0_si653,vKJiKJiziKzwFBywyLmwswJMwUwnwQIDmybeagBcnLmwySBSByaBwLlDeaeBgswLULziJKJULJ
fdrw0_sx113,vLHbDcncbJtJLAywPBcgnbevbaLDLQLhLMkwDwDbwDLDHELwsUJLAHuPwLzAtKtIsyTywLhnbeHacFtMLALALALyLtALJtJLJLrLU
fdrw0_sx203,lHlwLrLAvacUJUBsgsysybnDlwLmQhkwLhHQIcaLHAuBwsyLvHbLHlwKJKiKzwFBagacvr
fdrw0_sx23,lMlwPwUMyDCyUJwsUJKiKMwDUMJMtvAMvaCwDeagsDULDCaBQcFBcrJtUBsy
fdrw0_sx293,HAHAtBysyJLlMvbsyLlMlwUJLMnrsnmyLlMAbsnwLhuhcLALAJAvJagacaLMUMwLQlwLAHAtQlCwysyDnwUJUJtnQDCwsycEy
fdrw0_sx383,MlHwLAaLHMHwLAHLtQtISIyEDbsbwsKiKbCLHMASPBwmDmeabmeBFBSBaFaSarIgBsEvbnbnDveFBQIagacLHA
fedw0_si1084,DlLkhlkbnLHLHMAswsyDBSCBywyPDCkPLlkluCDCbsyLhyLhkcFBFLNtLtJtaCDCbgsUJKJKMiJzknbDvkraLAcaFacQLQlDCLnsysyUKJKzbsyLtLtBaFBDCDLDtHSByswsLiMiJLkLMnecacLhsKwsysyLJLlJMyQhatLt
fedw0_si1653,vAvAysyEyUtJLgHhcaeaFBLAtJwFPcLlwDUMwBDBsgy
fedw0_si1714,HMAKATAynrFwJtMASIaSIcFPBaFagaLAHALMLSlSBSBwLmDyDcFBaCBCkBcFBsyJKtJLJLMzwbngwLhlhwsysywnD
fedw0_sx184,lhswLMAbLJBPCyTybeaeaBaLaBSBGsULUJMJLvMAvIrIyLMJUJLlDCagIgAgLsAuyvyTyrwJLJ
fedw0_sx274,ABwncbnLvtLHLHSBSBSBcFcJwPFPBcFBLULHhcagaLhlhkwnBcQLBhBcLAiKzywrIywnwJLlDcrJagcagLiJzKzKz
fedw0_sx364,lkmMyLMzMzknbnbDULJMvAMvbegegegaebaCmPFPBIwsyLsLTsysEDEwLHAvMvMaeaCDBactJULABaFaBSBgDwDUJBagagabmnswLCDLSlBSBswLlhwLCLhHtaIsyLMkbecaDgwDLkwLHmhbcmCsysyUzLKUKUvyLmkwysywDLBDtJUwUtJLMkwnLCcCLHAvaSagagaAbLMU
fedw0_sx4,lLCLAJKzKbsysPDCDnbsyLyALAbnrgrIsDyECDCBaFaSaFaCPCDCgngDswywDLhabgeaeFBSaIrLAuywsLDvCaBFagIrIgrLMHLMLA
fedw0_sx94,lLSuwyTDyDbeageaeDBDLBLJLzrwJUBcacaLULAaCDCcagDyPwDyLUyULMAvAybvbDwDLmkwysysbsnsnswgwJLiMiKIrIyLULMLtJLJ
fgjd0_si1179,BSaSBcagLwKiJiMzncLlwysyUwLtLtMsnbsnwLAJUJLDlClhy
fgjd0_si549,lwysysyJMJLvHLHIFaFQSuIrnwDJUJUJLmwDLkMtwUJcegwDUJLADlywsLAJbnLtLrMkMwrwDJUJlnDQtQLDLhagIrIsgsKMcLAaALAvBaBabgbnJUJMtIrDJUJULHMLyDyLJLMJLJLSaBFBaSBGsysy
fgjd0_si818,HhIcFCDJUJUJMnwswEDFcDLAvHIarLABSBwDLULiJLAMIrIGwDwUJUJLMDCDwLJLHMHAHSaIFBsyLyLsbsnwDBLMAMAMswrDwSFBLMAMKuwLQIrKtLtHtBcngbnLlnlnwNnLAatcaBaLMiKwJrarIDIwgLAJUJwsnwLlDeBFBFBJUJ
fgjd0_sx189,MJwUJLMzKrIrIaFGswswysnrIytIageaBFIrFBgsmywsLMJMwDCIgbeveaLmkDkwnsnwLJLJUJ
fgjd0_sx279,beBaFBFBtJMnwUwLlLlDlkwFBFBcLMysysLMPBSrLAacBScwLHMbncJUJUJwQLHurQChwswswsyKwDwUJUDneFBLBLSaSrwLlClwysyLy
fgjd0_sx369,AhHacDLDLHvAMsywLHIrmnbnFQBSCwUlcBwLQmyEBPDCDmrCPCDSDSyEyTDrIFBaBFBUJU
fgjd0_sx9,vAHSIGsrISaSIrIrIryTyPBFQHvBSaBaBSBySrIrIBFSBbsysy
fgjd0_sx99,lwPDmswLmkuwsywQCQBFBFUJUcwUJBcagsnLmusySBSCwUJLHhHsDJLJMJMnencDvLvMvHagbnrIrarLAyUJUJ
fjem0_si1264,MHMybnwDLUlJNMlwUNUJUJBaBaLHMTwDsyLzLMLSlwcNJtNtJtJtJBacDLhQSrwUJLHhBFcLHAuwDwQtQtrwJlJBCPlPLDLCUtJtLJ
fjem0_si1894,HICcgbntgacmQlwrLQImywsbnwDTyDEywDCDCagaLtAvATywrJwLAtJtUJLKyTywUJlwLulQucaeaeBFB
fjem0_si634,vLHvATvybnrymTvywswDUwtJLAaAvASBGgsgLltMHtIrUJtLSBSBswLNUJtIMwQtDtULSBSByLlwPQnrIsywsyDynwQDCDLhagmwywEDbnbnwrDmnwDQLDCDCDyEDwnwQtJtJIJcDtNJtJtLSBagsDwDcPvcDtJLJ
fjem0_sx184,NQluwLAMAHAvbcLJLCDCDybeaBaeaBaBGswgwUJMJUMHIrLULJULDCagwDsDsywswDLCLUJ
fjem0_sx274,ALALAtBFcLtSBSBwUJUJMUPwPwLztLlHhcagnDLQlcPFBwcLAKzwIrIywtJUtLCDCctJtJBagagFwcwLUKiJKJUJ
fjem0_sx364,lmMyLiJMJzncnDLkMUMHvagnDCPCSBysyLbyEDEDLAuacFcCDCBSBaDtJLAvAHaecFBaBgcwDNUJtJcagmPwLQkCSBwLNtJUJtlwPLhHtHInbswyLlkMukbegDvbngFmsysyvyLvmvysEDErcwDLUJlclcJtJLklHkwcPCPDCLHveagrLvLr
fjem0_sx4,MiMJMzwsysDyDCwswLArIrbnwDCDCaSGgarICDCgbDysywLhcgagFBSaSrIrILATyTwyEDCHcCcrvCeCagrLDrLC
fjem0_sx94,THTkyecDEDCUtJLtMzMrUJtBPBCBFcQLAHAvaDCDCwDLzMJAvAybvbnwDLukuybnwJtJLziKMIyLMJ
fjmg0_si1181,HIaLHIrPBsyJUJUJLMkwLMHIsnwUNJlMwDCDLhcBFncLMHMysLwswywUMUwnDbvbnbLAJUJBgnwLAyLsbMAywDUJUJLMzwrwCDbnbDwLbnbnDmIwDBgvHgHbgDCbLlwLDyLED
fjmg0_si1811,HIgsbnbDUJMwnwbMLBgsyTywULhBSBagrLhrIbngDwrKJbnLhlHIbDbEJtJLlMHJBcDJBJBJBnGwysy
fjmg0_si551,wLwmMswsywUJMlwDCbcLklMnwrnrLvnbnbcDCDnbDbebeagaLMtMAvwJtJLMHhHysLMiJMHMvevageaAaBcLhlknwnbLtLtJtaBaLHMtMLw
fjmg0_sx101,MAywEDkwrPCBcagrILuDPLUJiKiAiynFBcLuTuTywnwDEDLMAkwnLALAIrInsyLlMkwnwrLHLJAvAvabgbDJMiIrIsbDJtLtAtIrIrLAaAaBvLvAvaBcaDLhkhkbsyDLJ
fjmg0_sx11,vHzvAvAywQLBFBUzLracaBgbeaBaLghagrIrIsbnrFBagIvgvHvHrt
fjmg0_sx191,lLlSBuwsUtJLHuArIagvaBLtaeacaDyLvAbAbLMAJMyUJUJMbnsyKJKJKJAbyDyDUJMwnwLDSBSBagDLMJUJ
fjmg0_sx281,AaABSAHaSaSaGrGryELMAiKMIrIsKJKJiJLHMtBbgswLDLuHAMvHvbsgbgLuAShwtJLlLhlwyLzizLAhHaBaJLtAIrIrLvAbegAaAeaAagrDrDJtJU
fjmg0_sx371,AuhIagDEyDybvbveaCDCcbsEDbagaLDLhwsyLQhlkwLhwbnbUtJLMHvCvgvaeIaDLtIrLhkwywUtJUJLDnwDJULCagIrwLziTrwLJUJUJLJ
fjsj0_si1484,lMnrIaBUJFBaBgaDnwnJLULlMJUJUwysLuArwUnbnQtMLAMrLMKMAMAIsyPsPywyLJUNJtJ
fjsj0_si2114,JULMswsyLyCELDhwsyKJLwUJNwnbnwLDLlDwDwDSBcncLDCybnMLlMlnwULlMJcagwUJUJ
fjsj0_si854,vTwLHAMAIrwLzwDPEwLkMbnwLmMbnbnbnLUJKUKwUJUJcagwULlMwnsrLhwnwDmDwtMtMncLUJUJUMU
fjsj0_sx134,ALAyUJUJwLuQIrIrIywLzKsbswDyTyPICrIswnrwrDcagJUJLSCDCcgwnwDLUAJLUwUJUJLQHlnwDLmwDQDCcgsbDCDsysyLy
fjsj0_sx224,HLHvtvbcngwLuAwDUKzTrwgLzTrIsbnwLlLUJUJUJUJcMULJ
fjsj0_sx314,TwJtUMJLlhlhHyLhlhlhBFBFBSaSIrcCESQSaIwLzMzUKzwnwDyrIbnwnwUJNlnwrIQISwLhyEDnbnFswDyLJtSaIrBSBFBJtNsnsnr
fjsj0_sx404,lSLharLhrwrDLHAwswLhHIrnDBSBSBsysywUwDmwPLhwsLELhHhcFcacDcLHAtBaBcgrgDr
fjsj0_sx44,lhnbnJUNLAlwcLhacLAHAHALDCDLhysELDTDyDwybsnsrLuMkMwvMsyELJUJUJLHStSBaIrLMwMvHLwLy
fkms0_si1490,HLHAvbcacLlMJUcwLSBaFcncUJIagaIgwLMLHAvbnbcLMJwLSwcwUJLMzncDcJLAMU
fkms0_si2120,vAvywLHvHBagcwUJLMJULlCDChlnwDCDwDbnmLmwLkLhnrQrwyUyNtMnsgwDCDSDIcgsnwsKwnLHwLlAuwUcSnrcLhHlcwDCD
fkms0_si860,luyPUlwPBQLMtJtBFBPwLkwLPwULlBlwywQDUJUJwQUznbnbLUJUJUJUDUJUwUJULlcwFBFBcwUJUwPwUwUJULkMwnwDBgbneaQtvAwJUJU
fkms0_sx140,bnLurLABLMiKtIFcBaLHAIagacaLAJaIrLhAcgrwDCDyLQlwDPByLMkwUJLizMzKwLQhwLmuwLDE
fkms0_sx230,AHcBcgeBcBwyCEPESBSBsyvTyrLlCLhcFBFcrmLmQISIgsKJKJULJBrBagwcUJUJLAahaBnLnsnrcwJUJLUJULJ
fkms0_sx320,lwDCDwyrcUJUwDmwDLuagagaLuAwDCswDceacaLhwySBSBwtlMJMwDcFSaFLQLAuwyEDSDLlDkwUJLMUwDLJU
fkms0_sx410,ASIrsIwLDLhcaFgagwUJtIrQKizLDlClClwFBFaLAHAyLiJKMLSyLwAuAwsyECSBaBaGwIDwDEDCLCLC
fkms0_sx50,MAvbcgmInUJLNMzJIatlHwgLALAngnLtQHAwnDBCceacaCDCwLDLAHAMbcaLHhnbgsgLAJUJLDLDSDlwLHlBcaLlhcLHBFBar
fmah0_si1289,bcnbtMtJIgsyLCBCSCwLkTyTyULJUJtUnLkMkLvsbsGarDrEr
fmah0_si1919,bLnbnbnrQIyPwLCwswPQlDCwryUJUMyELCmCnsyUJtJsysLDECmkmkwnDCDnbUJUJwJUJtJMtMnrIrInDmDIBwsyDEDCDcBFaSBGsyUlUJUwy
fmah0_si659,vAuwywUJUJtJtMAswswUJLAMAzIyEywPBFBUJMAwSFwFwUBUcFBcFrBDCDLvAHTyaFsmyLMiMJULDCwbnsFsELDCwrUJUJULUAUtKISnFgnLkHhHwcLCDCDrCaFBFUJLJUJwywUQUlJUknFcDLvDvAvyUJLzKPsysyswDSDbswLl
fmah0_sx119,lMwDLDCwnFUtJMLAaBaFBwJMJtPywLAMKIbgLAMHIrwrLHkQSCSBwPLtAtHBbwswDwFLHvHvaeBLzKzy
fmah0_sx209,CIagaeDLHAhAFBLAvaFeFBcnrLhlwLhnanFnsLBmDIrCDCBaBFBSBwUtMJLAvAHIrIFGsGbaFgCBDLDLUJLJ
fmah0_sx29,vLvbecaLQCLcDLuAInbsgsgLklkuwyLHAwswLAMuAwLHAbFsnLHwnwDtMLHMHwLMAMtMvbsmsnsnwDUJUJLJLJ
fmah0_sx299,MLJUJUKUBaGsnmCyEyECLHAbAHIsyELCwUJcwLHaLhHuDwPmnrIagbgmnwrCrIrcCDCveaeFeBFBFBSByByDLD
fmah0_sx389,HLHhHaFGswncrgrcDCDwnwLkhksysyLvAvbarJUtwDCDwyrIyPwPLCcFcLAHAMHvbIrwgLAMAMHyJtJBegbagDLDwy
fmml0_si1040,lSCDcagagcnLkhlnbDECnEsEPyPwUJUJUwLmsAnwECDCDLknbnanFeBFBcLDUwJLwEDvbnwDCwnLMAJLzMKMKswnwyEBCBywDLkhsyEDLzwnwJBcaDLAKrCrDry
fmml0_si1670,HvebaLlLDcFcLhwPwJLUDnDwJMvJvbcnFcQIwyDyKvAKAvATAynbrLJaregrDcwJLlhsgLHLvMvMbgcaLbTsECywBSBgsyvy
fmml0_si2300,CagcDCcLQlnsFBSBwUJULlwJgnLmkwsDrKJUJceartLtaBAwrLAMAMwnsrsybeacvabrAJwLkhwsy
fmml0_sx140,vbnDPrLALAvAaFBLMiAiMIrFBcLHagaDmbnrnbLAJUMJvbnarIbDCBsyLDlDwQBUcBsywLkMCwUJLAiMzKwLkhlwysLTzwswLkc
fmml0_sx230,lHvcBCBcaeFBmyPSBsnsyvynrbrbrLHLHMlhwaLmLrLIbabebvJKJKJKJiKcIvMBMarIgbgcwUJUJUJHaBgBgmbebryKJLJULUMk
fmml0_sx320,DLwEDCDbnrnJMnwDCnwDLhHnbncgcLSDCLCwbwEDenagraLDLDLhlhyTyBICBwLQltwBDBSBaFcaLALAKByEDBFDLkwJLAMJUnwDwDLJLJ
fmml0_sx410,AHAInswLDLHgharIgsDJMJKtrIrDKiLDaeraIaBDLAyLvLTuyLziziMizJLASByLHwLkMkbsbsewECBSagIrgDvbByBvLB
fmml0_sx50,AMvHvbcFgFnJLMKbabeaDbatvswnLHvMbnLHwHbDcgecaDCBcwnLHMHvbcLHvHnbLHLAMLJLJCDCwDLAmMrBrIrbLlMcLHAaBar
fnmr0_si1399,DLlncwcUJwUJUJagswsmsyPQIwFBGwswsLUAJNUwJLMwULwblbJUJNUwLHbDLkUMwLMJMywyLHbFQaIrIgCDwcDCLhcacecBcFcLlwnwLuAaBaCICarIrgsyKJKJiJwcDcFCnbnbDCLDED
fnmr0_si2029,vLbsbwEDCDnecFcLMJMlcQABcLAcAaLAvbsEDbnwDLQHMwswyvwUJtQtSaFaGsyJM
fnmr0_si769,ALULMJUFBwUJagwLkMKMwLkMIbgnwFScUQtlAHLtSBnQmLBMaDJzKUKrLurLhBaBaFBaFBvrLrLA
fnmr0_sx139,luwLhagDyLlQFBcFBFBScUJUJLHNUMtBabJUJcDCDSFSBgwyJwLziziKIPSsnwnmywLlCDClDwbnwnDLlQlwDtKrwFaIrarIr
fnmr0_sx229,QagIsyPQPCcLAwyEDCDEQtaraIagICwPCLHkvABgBgwDCDcnDLMJALMJ
fnmr0_sx319,vLHbcLCLkhuwLDLAMAunbFcLMJULAtAvAagwgLlklBwysysyLbMHbICLChaFBcLDHQAtJtJtMiIrwPQlQlwtIagbCPsIyneagrILCPC
fnmr0_sx409,lDywyLAMAysyEDCJUJLlhwnCDCDCwswsLJiJKJLSCDCagLlcBysECLDAvHvAIrwyJwUJUJLMurIrIyEyLEQtQLDQHQIrIgCDLECDJULJTukwyBctJUJLtJBsywyCyv
fnmr0_sx49,rJAvNlwLMJtMAtaBaIcgBagwLywLAacacICDCcQCLMHMJHtISBaQtLHANLlMlMsbnsyLyEHChScBLBCvbcLtiKJMncwcLhcBsysyEyE
frew0_si1030,HlIySDSDShyLkwQtaIabnrLAvIrbnrLHrLrLJUJUJ
frew0_si1280,lwUJiKJzyIrIFBLMrJKJKtKJzceacDCFScLQLHtHMHIrQuhIagbgrIaBCSaBJUMUbnbnLJBwyLtLtaBaBcgbcaLvLHtAIrLkAMAMnLKLJKJKzwLwcwD
frew0_si1910,DvMHyByBlwQLkwDCPLhIyLJLtIwLlwcDCDCcgbgDIsyDBLkHAMvAvncbcLHlcwDhwy
frew0_sx110,lwLhnwJUJMJBnGwmwBSBarIDwJUJLJUJwUJMAHBaBCLQkQhwnLALJAJLtMtKIrcLHIaLvHSBCLCDLJUJU
frew0_sx20,JLJUziKzPyPSaFBSaISrPrLtLtBywsUJULUJMwySBFBSBDnFBQCSIarIaBaBaBLUJU
frew0_sx200,SIrnaeaBtQJLAHAwDLMKMIFBLhlcwUJLHMJcacaLtBtSBaLizLtLMIDwDUlwcLhBGywswLiziJKrLJULULU
frew0_sx290,lwUJLthIrFDKJKLKtKIrIrwULtLMwLMwLkMzLTmrBwywDCDFLHtLSaSaICwLkMuwLtIrLAIrUJULlHlnwLlMluwyLChagr
frew0_sx380,SBIgnLiMJiKrarIrIrLzMDICDnDmyLtIrwrUJwLMLAuarILhQlhwswLizJiJLULJ
fsem0_si1198,lLMLwzAyvTPwUBUvBagwDyJUJLHhcageagCgrwBEDEvEyLy
fsem0_si1828,bgnsUKJUJrBywyLlBvAQHswsyUJwnwLmDyvTvTyLhkhswLMJUBwPyLHhHhBnswLUJBcBcUJUJKJziKuFrFBysnwFDEDyQLtHMnwDLQHQtSBSBwFLQDnDyTyUKtKtMiKIrLkhuhagB
fsem0_si568,HiHvbceFrIagsywFPwULNHwLMAbnryKzJcFUJLMJcaBvrDcwbLAvIrIrncwUJKJLUzkULchcacrcDCBagngcDSBagcabLDlBcnLDBMcaryr
fsem0_sx118,AMAMKcFCLhcagngDICrFacSCSBCwsyEDELAHIrsrwmwPBbnwDLMJUJUJMJwrFeBaIrLMLHhBFBaB
fsem0_sx208,SICSIacDLUJtJwnbnwLCDLhSagacQlUlwLHaCDnwDwLJMJLMwnwLUJUJLlUJwUJUJLMiIrIrIrsLzkMATyUJUJ
fsem0_sx28,MLKLHnsbwLkhlnwswLklcarILMAtJtMcFPSBIngDLkMzbnecearcCDmDCwrDQLHMHMbnbabgeacDJ
fsem0_sx298,vgAIcaLIumuIwnQmlQmcrncDrcaLCLhagwLQlDlBSyUJUKTKPwPyPwUJtwcDPLmlmyPBFQrLzizizMvaFagrwLMAMJLJUJ
fsem0_sx388,vHvHrIagnwLmDyvbnbDwyDwLbHbnFsPsyLMAJtMASBcDmnFrQrwLkMlwcLhHhHIrnrFISCnwLAMIrLJLHInrLUKJUzKrLiziMAMvbnswESEDUzwUJUJLJ
majc0_si1946,HlcrPICBIBIacbcJBcDFPEwLHIacLhBFCQScULChBagbDCDnFCDCyEDEDyJhaBaBaBtLtJLMHMJ
majc0_si2095,CuCgbLQkuwbnbLDLkwswmwLlLlCDPCDECyAyvTyPCPClmwswQLMJPwLuMrsLmuwsysyLzKM
majc0_si835,JLJnsnsnFBFBcULSBDCcwDLzMiKwLlwUJLlMlwFwFBLDCDcnbJwJlnryEyEyLyLHlhHwnmwLlMJNlwLlkwtrDLChlCLhIgbnbDLhDuwJwnsFUJDCwDLziKPwnwn
majc0_sx115,lybnCLCBcCPDyLhkhkwLHAtHMAswLJLJwyLAIacaLhHAHFBcnJUJLaHaBcLuSBcBcBacLvH
majc0_sx205,HClClwcFBcLMAMnrwLHAIrJUJcCDIbeBarIrLAMAJLHAlHMrcnLALMkurwLMtAPFBFcLhlBsnsLunFQIrCICcwDCmcrFSaIrImrKJKJiJ
majc0_sx25,HataSaFBDCBwCDCBCBaBGsnrUJUJUHBFQLCDwFBsywCDrbrnrIrKJ
majc0_sx295,HlhwsyJtLAtbnarIaBFBLAcFcCmCwUJLMtIcCSaIaBaBLvLvLvbgbQarIgsEDCDLKtMtIrLClDyLmwsEmDwnwLHMtIwsPywPwLDALcLr
majc0_sx385,vlMwywUKiKFBFLhQrtJcnFBLHMHLBLsMlnbnmnwUwtwLSIrLhrcLAnwbDrDLr
mbdg0_si1463,SwLAvsbnwnDCvceBSaSBngrQIBQIrICbLAJMwCBagwUJwLiUJwLAMJzLHnbnwnLMuwLhkwPQIcaegsyTywCD
mbdg0_si2093,vHyvuywlwnDcatrIrLmuvwyDUwcncBCcCDCwbJLMkwDClDwcDLmlcwclcSBngnLlwrLSwLMiMKLtCBwUJUJUJtLhcAagcDwDLlwPDCDPDPUTywywnbUJLMwrwLEy
mbdg0_si833,HLSlcBnsnbnwbJLHIrJKJBcDCDCBSBJwnwFBUBJKUJULHCwDLKiKAwnb
mbdg0_sx113,rLAlcCBcbcJLAkwsPQmrIrnbncbcLQLkwLDCwgDwJUJLAuCPwLuHtIwyLurLhbnLALrLr
mbdg0_sx203,MlwLAvaJUBSByDbwDLDlwLmwLhrIcLHLSBSBywLMlAwKraIrLA
mbdg0_sx23,lcBcwULDCyPyUwsKMwCDCUJtHAHarICcaDCDCDCcagsULCarIrLQCQhcBSBFJLBw
mbdg0_sx293,MLyLtLtLHtABSByUKJMJLMJMJMsLANtlwJLMkrIrIyLMAswcLhBLHABavHaMLlMlclLlwLAHAtByEDyTrKJKiKtLMrCsysy
mbdg0_sx383,HlwLAaIcIrLlLHAwLAHAtvNABsyDEDrKAwbCcCLHtHtlwPCPDLmuararLhHhaSIrIybnwbDCcaSFBSIrIagcLD
mbns0_si1220,lswyaBJBFSBacaDCBcDysywLHIrbnJLlMlMyKzKzwDUJUJMwLvAKMTPTwrLUMTMwy
mbns0_si1850,lcOQLuAuPwLDlDCaIrFcOLMyTPCIacLhBaSGsrsgwyr
mbns0_si590,lHIrwLzPwUJLMJcAcDBFBUJUJcDCDtKMsnrwswUJUBcIacCLlhlcCFJLAMaeaeCcDCcncbcLNULHlwcLUcQLQtQHIrQCIrcLtALAHIaeIaBcJwywyDEDEDLJ
mbns0_sx140,lHbsgsLuCrLuAcFBLMiMitIFcBLHvIaeDcLAJarIrIacagcDyPQCwPDCDByLklklwUJLAMKIPwLhwLMwLl
mbns0_sx230,lhcBageByPSBsyvywrLHlHcmLmIbKCFaFBSaBSBagagwUBaBSBGBGbgnbnrLJUJ
mbns0_sx320,HlwDmwyrJwDPBwLuysagagagagabLhSDCwyswDcacacLHhHyPyScwcLlMwPwDCSaBFLAHwyEDEDEDLkMHwUJLMUcwDLJ
mbns0_sx410,AInswLDLhcagwUJtIrnrKzKMLlDwDwPFcLATyLiJtLSyLlMwsywDCDbaIDwyEDwDE
mbns0_sx50,AbLmwJLtKIaCJtwswLuATyLAkwDcaCwLAbnbcLlLhlhnbLAJAJULMDlwLuABcwbLlcLHSBFBSaQIr
mbwm0_si1304,wTwPSCPwUJUzJwLAJLHlHhcFBFPDwUJLzMUPBcvaeaeaeFacQLhHhcBFcBacJULDLkhyLuwnbnKiJKLziKwmnsrsr
mbwm0_si1934,vLBLSBSGsrsUmPwFBFSaeBFBc
mbwm0_si674,lcCLlwJwUJULCDClwPwUJLlHhHknsnLHMvQwmPrLAMlAnsnwLHwLAiJLlHuIrysbnwDCDLMJUJLJLlMnrLQIyPyPSacDPwUJLlMcLhywLHrLrLMlMlwUJLHMvlwD
mbwm0_sx134,MwUJKJKJnwCLQhrwDzwbgwDwyESLSrCDCcgnKJLvCcacDLJULUJwUJLlHlkbnbwDLDwDCgbwcCwyLE
mbwm0_sx224,vMvHbFcQLumwyPLmyKrwDCDEDLkmrwDCLMJ
mbwm0_sx314,tJtJLHAywLHhHhBSrCSaIrLziKzbnbnwDrwKJlrLuhywLDCDwnmFwDysyLDLMtMAIrSFnFBFBtr
mbwm0_sx404,HharLCLhrDCPEPELHkDvHvHsywLHrIrwDNBHcBSByLDUJwcDCDlDlwcCLhkwyLDLhcnagaDCtQcarar
mbwm0_sx44,HhHbJLMAwLHtQFaFLALAMwDLhmywDwDrLAMAwyvMQHswmCyEDLJiJLHhHAHtarIrIrLv
mcsh0_si1549,TDTyFaBFJKzwmwFcFQBSBcwLmDBCyLkPBcgcnLMwLDLrLt
mcsh0_si2179,CSCgbCcQlmwrDmnrQrISBSaLMJtLCDCswsyvAMwD
mcsh0_si919,AacgacacLQlywJUJKJKtBFBsyPlmwcLCLhIgsLQhcBLHvIsnrvbnULDCDwDywnwLzncnJziLCSCSCcLziJKJLMwcDCsLyLMwPQlwPrDwPyPUJwLzMzMzPSPSGsKzKwDLJU
mcsh0_sx109,vKzKyKJKJKtSBncLMkMwDJiJLhrIaIgsyEDwnvrInsyELAaFSaFCDlBwUJKJLMHuyLMJKMtSGSBaFBFBLHc
mcsh0_sx19,vaFhFBFDSBFPFCcFDCBcFcCQDwJKJUFQBISrLAMnDFaBatMcDLuhytBSBnwcDCDwUJzMzwyDyvyMLMk
mcsh0_sx199,TyncDSPEPCDtLiKiMwFQImQrDKzMwPmwQCQCQCSaGSGsmLmysysLMiMKJLhHhFPSPywKzrLAMPLAMwDLDLMsyLzvzywUJKJLJzwvlUwUyUwPmDlwUJ
mcsh0_sx289,SncQlQlcrLHtIPtLCLuBacBFBSBagabKzKzwPwUzUznrQIrIsyTPyPUJltAHcBFSBcwDJUJybecbmDaFSFBvHBLJBaA
mcsh0_sx379,wLHsbncDCSEDELmTuysPQwUKzLvuvQICIgsQmywDBSBgcncnJUwDJUcaFcFDLtNtlcBrUzLzyDyUJKJMkMk
mdlf0_si1583,tISGScCDJiKtIbgmgnILABFSBPwUcFDCbDScUrIrcLAMIcsPCSCwDLkmwsyKiKzrwrwrCDCLC
mdlf0_si2213,JLJcFCECLCSBcnLmyScQtDyvDcFBFQBagsJUJUJUwPwPUJU
mdlf0_si953,lvLHvmtwUJLlMlcaIrnwDUwQMvIbnLMJMvPCIyPUwPDCPUJtrIrcLHIrJwPwUJLUTMwyDUJaFSaFBFDwDkDwnrDIQmcnwJLlJMwLumwywPsyKwDCDCDCDLJUJ
mdlf0_sx143,lcwJbeacDCDCDcFQLzMzwDmrQtIrUzLhTPCPBJULAMAuwyrwLkhlhybrbDLHMtFSaFB
mdlf0_sx233,vLvLtMAHageFBSGsbwDyJtIyPSswDCyDBwUJbswDQDtJnrwrDEDEyE
mdlf0_sx323,lLCLkhklcFctaeFcLHAIrQInwDwDLklwnFcCtIFDCvaeFaFaIagnwQmyDFaICDtHMeagrCDCLECE
mdlf0_sx413,lMbtMvtvysyKJULSyLmTyKDymwcBLHtJHBABaSGBswDLJULAMarIrtJIPCbLtiLMrKJLAHMrLr
mdlf0_sx53,yTyPQlwDmwUJcCDCLhBcDQBQhBLAMnbnrwyPBSnrIyLAMvwDLMsyDUJUJLlJcFcDCLSCSBSFBSBJU
mdls0_si1628,MltlwUJULlCgsvwbnQmQBngwLzMiKrvTywDUQtaSaFcQDLHMAMvwswCQSCwnmwDmcLlUJUJcFaFLuHSBSBsy
mdls0_si2258,TyPBnwnDmacCvCaIsyPSLSaIDmyTyBcBLQt
mdls0_si998,lzuwnLlHsyLNtMtJIagbnQLtLlJtMaBamBDbwbD
mdls0_sx188,tLvLvQAuBFBatNtQNtcFrIagbnJMyncDCBwnFBwsmnLmlmwsLMAJLHlwnDLJUJcwLAMAMbebeveavea
mdls0_sx278,HMuwPQtIFcFcFmBcsrsyswULHAMnJLMwsyLzKMAysLAMnsyKzLSBSBysyIPQCIyLkMJNJtMcBSBSaBJMJLtKMKyLzKzIyarImIBcB
mdls0_sx368,SHBFaGsGwsJMLMAMacatJLlMUwsPQDmysymTywywLhHBgbgLuHBcacBcFcFcFNtJMJLMULhyLHMAcDCLHMtlMByPwyDByBynBwLHwnwycLHM
mdls0_sx8,vSASgsybnBaFSaIsyFBFBFLSBSrIrJcwFBGBsybagbmeacaDCQDQLJ
mdls0_sx98,AzbnbnJlJlwLASBnbnbnJKJKLizKMwDwtJQcDmBybLUJMir
mdvc0_si2174,ALvgvAaCvHvLgAvtKiKMbnacmnFaLHJLrLrLvAvAyUJwnsngLDkLkerLr
mdvc0_si2196,vHcLHIrtIbgbsKMwDcncLhHIaDCDCDCmywUJMUJLuAuwLDwnsEsDbnwEDCcLAMAvMbcDCDCwgUDCagbgDcSBSBcUJUcwcDLAMwLhyJLDsyUJLMwnbnbnbnbLHMLDLD
mdvc0_si936,vHFBSBagDwysyEDwbDAaBQDBlwLMJKtMyJUJLlCDCsyLMnsLAMAsyTyrIaIaICSFSaSaIr
mdvc0_sx126,vHcaIrmrtMwKMicFBSaBSBSISbwDwLMvHcFBaBSBcLzwDLDkUMJUMrLmywUJUJtIrISIywywFB
mdvc0_sx216,tlJcwJLDCaBLhBFSBGgwLHlcwcLMcSaIaICaBaDCDkcgaDvavavcFBFcBLA
mdvc0_sx306,HcnaLiKMTwFcUJUJcwDwcQtKTyPSPBLSPBFLhyLAvcgBaBCDPDLzizKAybnbDaeaIBLJLJ
mdvc0_sx36,aAFaBSBwLQlwcCBaBFBJLMJwLAtaBLHBFsKJyUBHaHaImInwJLULlcLMAbsEDLHaLHAMTukyPSBnsnrIrLmwyA
mdvc0_sx396,lNJwtMtwswKMLlHhMyLuybDcLMtJcByLMtIbgbDbgnLASBSBSycaBaDlcwcJUJrIrtcwJwcwcQUlLlwJULCBaBFBsysLAiy
mers0_si1019,hQbncCPCmPDLlmyPwLMwPLQhwLAMvIbrbCDLuMIrIyLvSHSIrtIrLMzKPTPwcULHMAFcFLCIrCDCLUJUJUJU
mers0_si1649,wmwLMJctIcaICIbeacmLmhwsyzAyLvLvTyTywDbeaegeaFB
mers0_si497,lMlwUJLHhHtBSgGgsLlwUBSaSaSgecCDCLiJLlHlcLHMecaLlwJLHlMcFBaSBagsgLHlwLiKizywFBFBSBkzrPrwcCDLkDkLrLwLbwAbsbnbCDLkmrarIrLknwLAIrLkhwnwQhbgbLMJUwrgDcD
mers0_sx119,lcwCDCwrwJLAtIaFBLASFcwUzIrIrywLMAIbnLtLlMwLHwLScLtJcDCcCLHaBaBcLzkzy
mers0_sx209,CuCLCIgaLAtFBLuAvAHtaFBSBSBcIFwrwLlHlwcLhnLkIrCDmSaBaBDBDLHCBSBcQLAHtIrIrIrgbrbeIFgaCDCLULJUAUA
mers0_sx29,vkMbcLhDwLuQIrswLHMkwLHMHMHwLAMAwcLHAMbraLAwcLHLHkMAwLHMvAMnsPwFcFCDJUJU
mers0_sx299,iKizKwsPmIwsDPyLuArAIrIswCPCDCDwLvwUwLHMHaLHhHhwFBFSIarIracamagmICrcCuhBSaCDCvrveFBFaFBFaSGSBsyELD
mers0_sx389,lCQhmsbegecDwcLhwswLuyvyvbeaIaJLTlLyTuDwnDnrIrIwcCLCFaFBFLALAMAvHMbwcaLMIyLUJMJMnbgbgbgwLkwkrkLk
mgjf0_si1901,tLlMtMLvmtAhFSaIrIQCrDLQHIyUJUJLHtBGsLmMwLAtHIabcQJAMJLMwLCmIPQwyDywswrQLSBgLuALBSIsrwLJUJ
mgjf0_si641,JLJLtLAcLtAtHBcncQIrcBSBgBGgwLMJaFBCDJtIrAcFQcrBSBwLASaFaSaGaIrswEyLvELDLtMAMKIrIbgbngLzyLJaBCDELJLQlHQcFBFQmQcBLMPCDCDInFBcLQMirQCrbmnrwrLMLyLyM
mgjf0_si776,MwDagcabLiMIagGIsyTCaIrDLJMTPyLMbgsLMvLAMDLD
mgjf0_sx101,MLtLtLtLtLMAwDrCmImrIrDwDLDziKPywFCLMwDEDELkMnLHArIyswLkMrLABgbJKJKIrCDJKJziKtIrIaBvaBcmDwnsyJUJU
mgjf0_sx11,vTySaFBagbeBaIsnrcBagbrwrLD
mgjf0_sx191,SwUtNJMULMKIaBaBtNtcFcDmDybnLvAiwPyUzUPwsKADUwcQLSaSaSaIDrJMJ
mgjf0_sx281,HMLtLAtIyswDLiMiMKMHIrwrwrKyKLHBsLHMAMbsnLuALSHSwLtLHhHysLzMLHthSaBJtIrIbeaeSaIrKJUM
mgjf0_sx371,MLtLrLrLSIbsgLDCDbeaCsDmbnabcbcLHhHyLmwLhQnJLJMbagcCrLtHrLhwPwUMUwUJLvICIrLkzrLJKJKJUJ
mglb0_si1534,DwUwLhwLAMAwnFcUcLCcgcgbcJtBaFBQBQcDCHCBgwbDCncnUJLNlJlJwcLlwvsvnrnrLuIrFcUcCBgbKtMtwsyJ
mglb0_si2164,MwsLAwnwQTywUJUJcacFBJtNLNltNlnbwD
mglb0_si904,vLvTyLlHhHvywLmkwsyvwswLkwyCLuAIbnbLkwUJrInrFIrIFcLuAMAIAbLAJLAwywywCwDLkzkwLzvTyTyPFcLukuybnDCLhcBFBFBFB
mglb0_sx184,lLlhwLAMnbnLJMJLCDybeaBaBaBSwywUJUJMUMHrLiMULHhagsyTywrIrgwUJUJU
mglb0_sx274,AcASBwcQtLSBPcUJwPwLMLHhcFBlBFBcLzTwrIywPwUJULQhcJcacacgcaDvgwrKzKAKizk
mglb0_sx364,vTyLziKwDLkMtJcgbgbwnCBywDLyLAMAnwcCBaBcJLAuhFBcDLUJcmrwLrPSLQScLQlMIwcLhIrswLlMkncaDcQDCwsyTvTyPyTyEDEUJwUJULJMJcDLhHaIrIrLHLk
mglb0_sx4,izywysysEDCDCwsyrDCSaFcCLChCBgcDLDwywLhcFcSaSILMAvAwyECDCDveaIgrwLkw
mglb0_sx94,yTLTywcDwJLJUJwPUQBFcFBtLAuacaCwCDLCLULAMAMwbwDLkyUJLizKMIyLJMJUJ
mgwt0_si1539,tLtJtJwswJLJLHvAvHaFBDCSFQCLkHvwbnwnCDCDbUyKUKJLhlHnbsbsLvuTrLztLSBSaIararIrLkMwz
mgwt0_si2169,JUvJLvMLvLvLvLHlcLMJLMHwsnrULUzLhlhwswUJwLtLtLtMyLiKizIabeaIswEDCDCBgLuAuIrIsysyELDLkuMIbIbagacDCLAJUJLHvbvmvrILmkurIagaDCDLvuAvrIrPFDFacCDLCLD
mgwt0_si909,HMJUJLHMAMAcCDCDLHaFBFBJMKrIyPTrIyLHMvbgbnrIrCwnDLDkwnwLHJwLAtJLsAlAyLtIagbgbgbLQlwPBDwPwPcDCDUJUaBaDCDCgIrvaIgsUJUJcDLE
mgwt0_sx189,HLMkMwUJLAMIrIFBsywnbnwQLQIyKtJtJtagbeaeIrIywsmQwBwsmwLHMHcCagbLuagamwnwLJLJA
mgwt0_sx279,vwLbebeBcwUJUwUJUwcLhlwBwLMAvyLMDSrLSBSwLHAHMbaegaCLiJwPwcLhlHAwrwrQltlwsKzKzwDLtLNLtLtLTDhDwswUDcFBcLAwLSrIrwLlwyswysyvy
mgwt0_sx369,ClSCDLhbagaeaDLCcCLHMHvsywLhHrIrLmlwFcFBLtHwcLlklcFBwQhyECDCIwPcCDCDCLDTyrIaBLJULULJ
mgwt0_sx9,JLtLtLtLtLlSBSBSvSrnrIrSarIryPwPcSBSBSBgbeBcSFLSByPSCrIFSBsy
mgwt0_sx99,CDymywsyQcBaJUJcgbmySwULhwsyJLHMaDabvgbnrIbrILAyUJUJUJLA
mjar0_si1988,vHaBFUwUJLMIgLMATyPBQtBaBSrQtMtKsnrCLC
mjar0_si2247,SLSwyLAtMDwJcwcDCPByTwrKswnwcCLP
mjar0_si728,HcHAaBFcLJtJtyswbaLHBUJUJcwPrDyDwJUMrIFcLHMtMtIrILMAtaBFBFBQLCnbnbDnwQLJLJLtLHMrIswDyDneceCPCvCDIvCwDywELASFSBFBFB
mjar0_sx188,vABSaSatMUrIgwUlUNlywncDCPBcCwnLDlwLlkwmwngLzMALhHcbCDtJwLAHAMvaeFaBcCDCw
mjar0_sx278,HMwtIrIrIrwcLQlQlOwrIswUJzLHlHIrwJLMukyKzKzKMysAyAyvTywLHAsyKzwDCBswsTrIyLJcSBSaBJMULAMkMIyLzizizTwrDcFBE
mjar0_sx368,HhchaIysUJUJLAebeagbJMJLMHwDyDyDLkwswLCLhBgbLAcFBFcULMkwLhyLlMcCELDLHtJtNMsyBynBwLkuywnbnwnDyPw
mjar0_sx8,SBSgsyTycBrSrIyFQIrJKzwBsybgsLDncFeCDCDLUJ
mjar0_sx98,AMuznbJlwLALAHSGIKiMwDtAtIFCDyDybnwDLJKrwCQ
mjfc0_si1033,lDwtJtLlkMarLAMwsywECDLlklwywSwLQhkBPwUzUJMIrLr
mjfc0_si1663,vLvTlTwyLNLtJnaFcaLDwvATyKUJKJMJMFaFcLHvAnFBtwsUKJUJwvmnmvmFcSBwDCDmwFcaFBLB
mjfc0_si2293,lcFPBPwcULtISrJKiJzLHIcnrKLSByLlwcBSBacDUJcwLmLmchaIaFBFcFcLlwrwILuhIrIcFICDCDcCQLJKJLJSBgagabLtLlMnbLQHhuBcaeFacmrwDwJLMJtJM
mjfc0_sx133,HAHuTywLMiMrIywUzUBrLAMvCwDCDCDQvyEDywLDLtIrLAQISwrLSaBFcLzKz
mjfc0_sx223,HAHAHIQlcLhkhkcLhScLiMtKIrLhHBaLMQlwswLhBwDwLurIacLziziKiAyK
mjfc0_sx313,iMAMAKIacaLtHtHBgnQLNtLtSaFrCQDKMwDCSDcLhaBaLMzLHtcQtIaSIryLukarFaFBFBLBSLALCLC
mjfc0_sx403,rAuIrSarLhHIrLQLADcDtJMwJKJcwPcQaBaSaBFDBSBysyKiJLAkMAIrLzJKUDCwDCLhSBcFBFJUKUDlwUJUJU
mjfc0_sx43,lAlhncFBcLkhkBPByLHAwyLQHhBarIaBtIwDCwELiJLABPwLkmPDLD
mjsw0_si1010,HlwJFcLAaBacFLBwQlnLiJKJMcLSCFaBagnrQvQIyPwJlJcatvagrILDkwbnwDmcFcFJLAhHrICwDQLvhuysDLuAJbabgswJLMLJMJMyLkhuwy
mjsw0_si1640,vAvaecLkwsLCSBwDPDLzaBFByEDCwnegwcDCLC
mjsw0_si2270,lLMlMagcLAJLMklMwPwLJcDLMlMwyELkMcFSBcDUwLTyDTLuyFBCBLB
mjsw0_sx110,lwLhkhlnbnbnbnJLtSBSBswmDcBarIDwJLlJwJaBCQtUJLHlnbLAMKLAMArwrLHMtHIecaCDLChBFCDCLJ
mjsw0_sx20,KiKTyPSBaFSBaBaICPCLtUJtJtByJyPSBSBcDcFBFaBFDQvtvIrIrIaBUJ
mjsw0_sx200,AIbaBtLAwDLMtAtIFBcUcJLMlMkJaLHhHhBSBgabLHitcFCDCDCcLhByLziKiMrDrLKUJUJU
mjsw0_sx290,lwJLHrIrKAirwJzKLtHIwLMwLAkPBywDCtJtBSaICwLMwQtIrLHIrJLlHlnbnsnwbLMwQNLhHhagagbrgr
mjsw0_sx380,SBgLiMiAMinrLziMCcgwDmysLtKwrwJnbLzMLAkuybgnILChIwLziKLMHtLtLAHLDLkLMLtnLHw
mmdb1_si1625,vukyLCwyELJAMJLhyPDBcDELuAMcFcFLQtLtHIrLmLDLCLhB
mmdb1_si2255,vTyUJUJBaFaCQCDrIragcgagBcaLDLDkwbDbmabgsUJLMHAHMQHSHSaSFaIrLkwLhlhmnLuCrmIrPDBCcCQLCJUJUcLCLtLQNMtMwLtNLAMyEDLtMyLmPyBSBsbsyw
mmdb1_si995,DbnbnbnswLkMwtIrLDLkMcgwDJUJMwyUJUMrLklwULACByLANHBcLmBcLDCLuABSHBSnsnrnrFrcBymrLDLDTDwnbwnDLDCwUJIaFarIFcLkAuwDPcwcJLMAJLALMLkLwLvcLDLrDLD
mmdb1_sx185,MyLzwLhBagswDCDyLAarILmImIrIGsymymwaBFLQIrIFBacBaBaBUJUJUJ
mmdb1_sx275,AJMAJULAlMyLtQtHSaSIrIFcLCLDLhIsLICcnILwLAwnKICmDIrKJMLSBcmrvrvrbLbLrDLvLr
mmdb1_sx365,lwyLAMncDCcDCwLAMAMncwLMkMwPwUJtNMwLkMkwDELAaAaBaIrIrLmnbnbnLAkcDCLHhHSBSBwLHQtIrwrQLlMISyagbeaBeIarLUJUJUJ
mmdb1_sx5,lLiMKyTyPwUJLlHNlwDrPwLmlwDcBgBDysybybDbDPecacCDCDLr
mmdb1_sx95,TyLuABFaBcBDwcwUJUwLDCbDeFBwDLTtysmrwJUKiKbnLALAMIabcacLlDHhwyLtABcILQICcncLHLMbcbgbcbnFBUJUJUJU
mmdm2_si1452,HASHFBLiMIrywyLtLHIyPyUJUaFBFBLJcFQLQmwyIrIysLlmysyKwDELMbnbcJtHLtCcLHcLHAHFBLMtHIyvyvHvnwLhlhlwDLABASASGsLMJwLAJnbncbcJLtHtB
mmdm2_si1555,ltcglgwJLJCBlyLHAyPQHhSaSGsysyJwLStAwncDwLJMJMrLkwEwyr
mmdm2_si2082,vLAMTrLhSaGIFBswDEDCDCDLDInFBLATAusvbsyEyELsTyTyPyLDr
mmdm2_sx102,AJLhHcwKJtcBcFLMbJLJBtHAHSIaBILrJUzMtIrnJUJATPCPvHacbJULzPUJUJMtICECEBLAwLCDwcercLHLHIrLJLJLJUJUJ
mmdm2_sx12,HSBFCIacFLCPDCSrIryTyFBFBwcBy
mmdm2_sx192,JMJLMIavbLlLJrIrImCmCcFQtbKwDlwJKMAyTrPTr
mmdm2_sx282,lwLMIPwLUNJtJtJtrIyLtHtIrLuAIacacLMLAMHFCDCDwEDSwELSDIcnLkMIrDrULHMAPwLNJtJtJcFBFBaeBcBCF
mmdm2_sx372,HltbngbLlLlkhcagsngLuIncDCDCswLAJnwcDLJULABaSFGBSBysybnbLAHLAMIrCScacILMiJLJcnLmy
mmjr0_si1648,twTwPFsUcUwUtitJMtLIrFBywLCaIrLDLCLhCFcLMbeaBaBFBLAtLScwJtJMLAvAaSGgGsnmswnwLhkhwQmcQHtQhBFBaLMLABCULHvlclcwUJLHhHBgBGgsywnDtLtHIacDCDCDLMJ
mmjr0_si2166,SCBSBCBaFcBLAtAMLAJUJUJMLDIyUMvarILMHLJLJtJtBaBaBcCDCtSBFBFSaBacUJMJ
mmjr0_si2278,DCLkuAzTzysLMsLAKJKJMwDCLtCtMvtatagbrLAyMHvbracaDPyUJLMwPwcLhknLQMHICrICDCLDJ
mmjr0_sx118,HMcCLHtagrCDCDCDCBaFBQlwywDCDPDCLukurIrIyDywDwCDCJLJLsHwbvbnbFBaILzMzcLSLhBaFBFBFBLB
mmjr0_sx208,lLhChIaCLDJMJMJbncLHhtagcmlQlcLHAHaDLDLNtMkDLDwLlDlwDCDUMLAuIrnbnLiKiKJLMlMwDwJKiLMtMIswLuTyKJLJtJ
mmjr0_sx28,CLhknsDyQlQlnbngLuAIaFarILHtIrSFSacDCPDLkuAuAvTnaBaDCDcCQLQLAiwnbnJtJUJ
mmjr0_sx298,HAtcvgwgLvkmQIbcLlMcwDCacaLHtagnDmyKzTzwIyPyUKUJMUJLMltMnwncCDCLzKyTywFQrLziKMtIFaIrLrLKiLMLA
mmjr0_sx388,vrAvrIrIrIsrsmvwnsbnwDbgsDLMAJUJUJLlDSEDCLvgDbnIQIrcLhcLhrbrIrICrbwnLMAIrLALAHLHIrIrIrKIrLAiKMtMwDnwDLzKzKwUJtJtJtJ
mmwh0_si1089,HaIrIgvebgbLlLKiJltlwswDEDwULMtHISIrIyQlwDESrIrKJKJLlMnbwDEDLED
mmwh0_si1301,MuyDLEJUJLAwDEDtBaIrCDwDwCDLHlHBHIaSaIrLuDELHIryPwLzKLHlwLMtSByDwLHIrwUlwDLlnwnDwtQtQJbcbgbLHhcBLMwysy
mmwh0_si459,vzytIrcLlnrLHIrLHAIcFPrDUJUJzLAIrIbgbLAJBcQlcDcDJUJUJLlHhlcnUJUJUcLtJtBagwLMJcBFBFBCEDLQtIrLMAJLuhrICcLHaBvAvaBaJUJLHlHcmLzhBaBJLU
mmwh0_sx189,MwUKiLMAIrIgIswnwrQIytaBaBaISIBrBswPwLMwcCgbngLSaHaBcmBFnLAJU
mmwh0_sx279,iMLUKJLvLbLbAvbaBcBJUJUJwUwcLhHlcnFBcLMKyLMcCPSELSrLHSwlnaFaeaJBLJiJTwPLHrLQlQlwPwrKzwDCDwUJULDwFcBFLSlSwSIwNLltlwLyLy
mmwh0_sx369,HthacaLHvsywLHIrLChICwFQtQtArwPBCBwcQwDCrcCDyTrIBFBFBJUJU
mmwh0_sx9,SIrISIyTyPSaFBSBSPDwPSBIrIrFSBSBSBbgbnbgywyDyLy
mmwh0_sx99,lCDCDwLkMyQCBJgsmyPSwrwUJLhwsysUKJLHManaBacDQvBvBagarIrIrLMAwDyLKJKJUJU
mpdf0_si1542,lwtJtJMyLhHSDSBSarIrIaIacCysKPrPwUJUJUJLwuAwywDCDCLDaDacQlTyPwUwJLzMwUJKiKIyLHMAr
mpdf0_si2172,JLJLAMIswEFLtNtMtMLHlhyLuATuywbnwnCLkMDwUwcLHLHLHAuHcaFcBLlHhwDCLkhkbeacCDLQmvDwUJiJLKiKbnmFcwJLJ
mpdf0_si912,TyPCwsbwnCsUKzPrwJnFBFtJwnCDCwbLASASaIrIyPwFcFCbnLAtBaSaSaIrIr
mpdf0_sx102,JLJLHhHngLKMcFBFLJLMbJLAtHSFSaSIwIwUJUJUJwUJULtInUJLAzATyTyPyLvAHacJLzUwLzwUJUKzKtIcCDCLAwLDCDbLhHCIrKJKJUJLU
mpdf0_sx12,lSwPFLIaLhkwDPSwSswnrIrIcrcFsyTyTnFBSBFBFBSBFBSByEy
mpdf0_sx192,JLMIaDvbcbLJtrIrIaBamcQtMnbLKwDCPCDCDIwJKJKiyTyryr
mpdf0_sx282,lwLMPyLtMJLtrsrwLtIrmIuIbeacnbLMlMAwLAcaecFQCSBSBScCDCDrIaLzwPwUKJLMPtLtNtLtKMInFBSaFaea
mpdf0_sx372,HlhknLlHlMncabgsnwLuIbncCswLAJnwDLUJaFCsbnLtLMIrCcLziKJKJLlMnFncnLmIyEy
mrcs0_si1223,lwrIwsLwLuAcPFcwcLiMiJLtHIvbncCDCBgwgLAIbncCLhlhwLJLJUJ
mrcs0_si1853,lHlDncbJLlwlwywywyPwLlwswnwnDwtJtJwLAIrLukyDwDnwbDwLQlQwywLHMlMwDJLziKvswsyEDUyUzkwDwLHAvwrnwnDcJUJUJULULwLvwywvbnwDLDTwPSwcDUMUrIagwDLHM
mrcs0_si593,lClwLAuybBcDLkMvbLtJtlMlwmywULlMecagswyEDcDwLJUJUJtLtIyLMkM
mrcs0_sx143,lwcwUJlcbvbegecDLDlwcwLzwDwbLtIrUzLHuhuyTyPyPLuSBUJLAuyrwLlHybQJvQAHBFBFcFLA
mrcs0_sx233,vgagbFcSBnsgsybnwDLHDtIySBswsLCDyEDwUJlbsECDCDQULtNtCNlnbswECHCwyPC
mrcs0_sx323,HlcNtaBacLHAIrPQwbnDvlwLlMwncCEtIrcCSaIgDQCDwyECDcacDCDLkMJMvHagagvDvCcDCvBr
mrcs0_sx413,lMlMnbvbtLSLCDyUJLSymyKJKLCDkywvuBLHSBSGBwLULUJULAagartLCnbLMiMiLMzMKirJULArLkMAM
mrcs0_sx53,TLTuyLQlkwDwcwJwcCLHBLQhBFcFLAMwnbngsLmyPBwnrywLAvHwDLlkMvsyEDwUJMwcDCLChBEBDUJUJU
mreb0_si1375,aHtBatJMnrDUQLHMaeCFDwLDLJLKLtMIrnrbJwcDLHASBSByswDwsLuAswLMAwyJUJMKrnbrgDrIswEDEDbLhlHcnaFQwLMvAnbwDLKwDaBSaSaImywCFLKtKrwDCrLD
mreb0_si2005,vLviAKAvTyDybngLlQkBDnbnbtJLAMrmywDEQChagbnBFBSBFGnwLltlMNQsgLAyELtLtMIrPCDCwnFsybarIrmySwLzMiKbnwLkHIFBFLvHIrwDLkMvarcC
mreb0_si745,HIgsnsFBQSQaILMAHnFwLJLMUMwPUzyPyQMIPSFaFBLB
mreb0_sx115,HlMlMybwnCDCDCPSBFCDPEDLkhwLHMHswLAJUJIywLAtIaLQtSBGFcwJULAataBaFLACABSBSaFB
mreb0_sx205,lCDFBSFcFcLMIrIrywLHtIrIrLJDrIeBFaIrLAJLHhnwLkMwLMIFLhnswsLuATnLQuCrmDmDFSaFIrLKJKJUJ
mreb0_sx25,aAIQSFsDBysCDCPBFGswnrwPUJLTSBSBaeFcQLtUtLCDCwsywyDmwnrJU
mreb0_sx295,wyLAMrIrarIFCLAeIFCDJLzHiLCICaIeFBLvLvbIQIarIswDELMKtIrmCmysmyEDywsywLMJMIwrPwrLvH
mreb0_sx385,vLwvlwyLKiKiMcFLQrtMnaeFBLlMnwUwLtwrwDSarILhIrIrFQLuAuwryDCw
mrjm4_si1489,vbecbCmLmhBCaBaJLAuAuPFPFSBaBcDLHCHkcCcCJbgDgDEyECDCDLr
mrjm4_si2119,lCDyDwDCUJUJLMwEDLMHkMPwLkwPwUJUcLHLJcCDvbcUzLhCwQCDCDCaFaFacBvBJLMJ
mrjm4_si859,HvHvsbsECDCDceagbDCDLHkMAwLDLMKMKMrLhwPwLAMrLHMLBcgbwDCDyTPyPyKzUzySaFrLHsybeaeaBtLtHtCIcFCcSLSarLrLArwDCLkHMAMwFGrgrIwLzMvMvebagrLKJKJLJ
mrjm4_sx139,HhcDCLhIacCLChFBFSBcJLHtItFUDCSwyJMJtJwLziKIPSGIywsPywLhQhCDTrwLQlCwryKiKrIrIaIarIrLr
mrjm4_sx229,HavCaIyrPFPQFcLzATyECDCDCQCtAtIrSaIrICLukhHAaSBSaCcwDCDCLkHLH
mrjm4_sx319,wvskysLhywLDLuwsFcFLmHLMagbLQMBybeChBFQLMJMKIrIPLlwcLtIarIaCrDvrIrLCLCLC
mrjm4_sx409,TuTyDLDUJLhHwDPCPwyKzKULlCagbDQLCBhyDEyECDLDLAMIyKJKJUMwPDPwUJKJKJLMIrwDLHLQCarIgrbILALATPyrcrFCPwJBIBrSwvyEyED
mrjm4_sx49,vbLHMtIaSaeagcgbmLmacaDCDCkcLHtAtIaFBaAMLMHMsnsycSPFBCgebncnFcQLKinwrLhByEyED
mrjr0_si1182,lhcnmnJLkMlMwQtIgwnDLKizKJKyTysywsLkwtAKATuTPyPFcLlhyTyPUJUkcagnwLkwywnwUJUJUJ
mrjr0_si1812,TwLMtMJMbrIvIgswnLmyTywULJDncFcLMJMJvgagbDPDLtCtJtJtLHBaIrIrLAtIrCwDsKiKMcDwDCLJUJKJUJ
mrjr0_si2313,HlSBcFBcLkMJKJKiwDCDmTrLrLAlMkuwLQuDwDwDUJUKAvTzyTyLzAMFaFBDlByPSagacDwLrLvbnbDCDCwULMHMIrIrvbnDrIyLkMwLDTyTyQwDLkMyPyPDLlhbebcLmLHhBSaSBgeB
mrjr0_sx102,JLJULlHhcnbJKJKJUcBLMtMvbnbnbJLtHBaIrIJcwUzyBIncbUJUJLAuTyTyPyvacaJLJKJwLzkzwPwUJtrcCDLAwLlDbebebcbcLHCICHIrwUJiJUJ
mrjr0_sx12,SBwnBFBSIaLChncDCQFSGsnrmbnsyTywnBwBysyLyLy
mrjr0_sx192,vJLMIacavbcbLMJLtMaILrLvbaeaDmDmDctMbgbKJKMwcDlcwcwUJKJKynrLr
mrjr0_sx282,lLlwLMiMiKyLNtLtMsnsnrImysyJtIrwLkgagcacLMJwLAMaBCBSBSBwgDLQIagaLkzMwrIrwUJLMywPysLMJtJMnBgaeaeaBaLHc
mrjr0_sx372,lDlHlhbcacLDLkbgbgbgLuIbwcCDCsgLAJwnbncDwUJUJULBABSaBDCBgvbtJtLAHMrLCBgcacLiMiKJLklMJcmBsy
mroa0_si1307,lwUJlwULDCDCDcFcDCwDUJLHUtLIacFLtJtMtJtLHCwswLKLKLCaFcLHlhwDLAMJLHwADwywyLyvuy
mroa0_si1970,lHwLALAMPcPByDyTyPwLkwDCDcQLtJIcFcBFLDBDLBLSBEBSkHrLlvCwDCDwCIyDyTyECLELHDLMAiyLDLAMTvTPLkTwLkMlQkcaFaIcDCDwPwUJDwPLALCDCcBFSBFCDwFBEJtJtLAISIrIrbgbeaFecLCLCvLC
mroa0_si677,MALCPCLHIvrcSLSBFBLAHtAIwPDULMAJMLCLhyDCDcFBFLCkPLlwPwPFBFJtLSarIrAcr
mroa0_sx137,AMHtrLkwKLCDCPFCFLABHBASarULHIrIrCFaFLHIPLCSBDQtLASIrIFacCDLCmIrIPyPLzMLHAlICrIrwDLKiKJ
mroa0_sx227,lwcLJMwFBLtJzTPTrLDwLwLAUMAucFLALSAhcULlNMJMlnFBaLKIPLQCr
mroa0_sx317,lHlMwLAIgbnrwCLhIrIwLhaFLkMTyPLzUJLHQHhIrPwrwLHtAIrwLkTyrCDaFBICPcFLQCLC
mroa0_sx407,HLJLHcBcgcgrBcnctJtJtJLlhkrwnsbnrwCLMJUJULHClHwCDUJwsyEywLtLSaFrLiAizKLDCDUJLCBaeFBUJUJLHaIacCDyPDE
mroa0_sx47,ALCaFBCDLKzJKiJiJLAtIaFBCDCSCywLkwPwUJUMABGgwLJLlncnLHALMHcFcDKLzyLrIPrLKJKJyLKyi
mrtk0_si1093,ScmnbnFCScwUJwFDCQCarIrLQhysyvsQuTwPwrAavaIrIrLkmwyUJebagwJUPyLQtLUM
mrtk0_si1723,lwvySwywDyPSIagswgwLkhywLkAMIrwntMLMwLDwswDtIrICDcFSaSr
mrtk0_si1750,HAuwLlywCnbJMUMrnsnwDCDJMcaFaFBtLHLHtIAwPUQlwrCnbsbnDcacCDClwJagbcLlwLAHAIgnICPCIrDwJMLMzrtLtMwyswywmrIrwr
mrtk0_sx103,AaIacCDCnbnwLCLQCwywPFQPUJUJtrILCnmwgLuAaFaFcJwUJLtMUJcDLJUJ
mrtk0_sx13,JLJLISISIyECyTrIaICICIwUJMvAvagagswUKzyPsLAvAwswbnrIrCDPD
mrtk0_sx193,SCASagagcLSCIagbgbgmrIaSaSIwFSwDyFaFaSBywyUzMTyPwUDCaFaFgFBgwD
mrtk0_sx283,HBgbnwDLHMHMAvIrDvDvDFmrarIwrDCrwUJUwsKUKJDLJUJMLtHIrIrICIFcLDLDLhIrJNJMJLlAwDLMtMtAtIrBvaFBaFBv
mrtk0_sx373,ALwCQhIaIrIrwDECDcaFcCQBSaBFSBwUMwPwUJwcQLHAHIrDrCUJwyLlHwyEwEQLHLAvMvnFnFBFBFaBHB
mrws1_si1130,KiKMwULlyPwLAJnFBarIrsysECLuaIrncQNMtwtLMQngrLrDCDcnFBaBFcLzTyTyPlwnwDCwSaIrCDCcFcJMUJUc
mrws1_si1496,HhnAnbQtLMrwCmQlnbgbnbLlLcLlhBagFrBrIBFcFcUJtLIcUrwLAJAJcaFBLMJcDLkADLBSBSBSGmyUMJUwy
mrws1_si500,lQrmamrCaraIacaLtlLMyPwJULCDwrCDLtHtJtcCsmywnbnbnwLAJtJcacCDCDmwswCDyLHIagagrIQIrmhagnwJMArswrIryCyLUJUMkM
mrws1_sx140,HgHAnbnrILuIrLAHaFBLMiMIrIrFBLHtMHIaIaecmSrncrLJtrIrIrCDCDCmyQwDCBywLkwUJMJKtHMtrLhyPyLmPswLDwkMLM
mrws1_sx230,SLAhcBagaeaeFBSyPyPSIswsyvDywrIrBLQLQhISIrwmIrnbnbtKLAtHaBFBaBagcnwDUQUBJBmaBSGnrLUAKJKJMUMUJD
mrws1_sx320,HMHkMwDCDCDwTwrJwDCwDLQAuagIrLCswCDCcacacLHhwyPSwUNwtvMwDCEDSaSaLAIwECDLkhuPwJLMUJwcUDcLJLJUJUJ
mrws1_sx410,AhuaHIrIrswLDLwLhagagncUJUJtIrnrKAKHLCDwFLAyLAMKAKMtLHISISIywLHMuwswyrCSaIrDCDCrCLC
mrws1_sx50,HAbgnJLAMIeatMtwILAyLAwDCDcFcCrLAMAcmgLclhbnLAJLCDCwDLhScSBcLHLJLHkcLHAHSFSar
mtaa0_si1285,JLtLtHtMNMwswncDByPLIngbnJKULDwyDEDLHvAaFcBLmBSBwPSLSaBFLhyDwncnJrIrsrswy
mtaa0_si1915,lhkwSPcwUJUNlQBwnsnFPmBwLzKiKiKzKzPyPSLSFLkAvbcbagagnbQtLMJMPywDBnagbLMHIrIyDcJUJUATywsyKwDEDLHlnsLuLAtHtIrIrLukuzywPwPQvLDcFcUJ
mtaa0_si596,hagBaDlwywyUJUJNlwyswytNtMCPwBswsLAMAwDCDCBFagagbgbgDkLy
mtaa0_sx115,HlMuPwnOnLwHnbncDBFBCDLhHkcLHMvAQMnwnLAJNtBwcwLAaLHBcUJUJUJUSaFBFBcLuAuABFBFcvBH
mtaa0_sx205,lSClwFBcLAMAMIrIywswLHIrJUDBnrBaFaIrLAJLHhBcLMwLMULMIPFcLCLhHQBwswLMuPBFBFQBCBDCwLhBSBcFrmIrLAJUJUJ
mtaa0_sx25,lLSBSBFDByPyPBFaGIsyPrIrJUJUJUMUDBFBFcQLlvDClwFBFBmywsDnbnrLJKJKJ
mtaa0_sx295,lhwtQMtMLAyMAMrIFBFOLAcCDJULCDCDCBaIFBFBLvMvHvHebgbncQHQrIrIrnswDtKzitIrIrDCDClBymyEDnwnLMJMPwrPcPLECFB
mtaa0_sx385,lwKUKJMJzcBaSaIrQtJBaBaFBLQIwnBFnwUPcQtMIrPwFLSrcFBLHtSBIBrFBLAuAuwCDt
mtdt0_si1994,JMcBPBFBtFBaBaBSByULCLhyPyPrUJKiKtKtSFcULlMwPwLuAuywLCyTywCDLhwnwLDCnsbswDTyPyLzPwUJLlhlncnDBaBFBSBSamDcLCBFBcBcBcLDmDysy
mtdt0_si2254,ABALBSHBSgbnFBSByvTyLmkwywLHMArnrcLQCIcDLklcPctBaGFBaBar
mtdt0_si994,vArJKJiJiLMcnLmyPwQtMvwUJULHMIrIyPyPSBFUyLHIrUJUwULMlMUcwcQCSCDSBsyLHIrKJKJKiJPwLkvDwywk
mtdt0_sx184,lhwLAswnbnLJULMCybeaBaBagGgsgswUJKJiMLvAtIrIrLiJiJLCagsyDTyTyPrUKiKiJUJU
mtdt0_sx274,ALASBPwcNtLtHSBFcUJwPcLHkMcLhBcBcBcFECICLzKzTwTrIyPwJULCcJcageagLKzKiK
mtdt0_sx364,TyLAizMzycDLkMtMvgnCBysyswDEwLAMcFcBCBaBaBaJUJLAaFBFcUJagmwLSCSwcLNLtHlHlcLCLhrIrIwLlhkhkwncFcFcFBcFQLQhwyvKvKvAvATymyEDJwPUJLlMcCLHAaIrLrLlLDLv
mtdt0_sx4,lDLDLzKzizywsyECsrmrDPrcCSGSaFCBagBgcmysyLhBgnFcSaIrcLAyEvarLkhwbDLvk
mtdt0_sx94,TnFDCFwJLMrPwUDLCQCBFQLAvaeBeCBwDELMAsybnwLmyPwKziLMtMtIrIryLJ
mteb0_si1133,TwuysyLHAiAMAwnbwDEQLHAHIrLzwbnLHABSBaFaIrsyEDKLziKLAHlHFBFBUJtItaSrwLULJnbeaeBtLtLJ
mteb0_si2064,vsyPSBSPwUJLAuAuywyLtLMswLhuhSBwtMbDFCBaFCsbsgsECDwLMwUcPcCPLvnbnbgDcbcLHAaFLCyPDcFcFBPBSBGmFsrtrISBScFCwsnsnmDwncFmlmswsDmyPSIrIsgsysyKJ
mteb0_si503,lCLkwywnrIrIyUyUcacJLAMzywryTynrnrLrQrIrswyJwy
mteb0_sx143,lwUJbeaCFcDLhmklwPwLzMzywnDcnQtIrUzLlCDLhkyTyPLlBPBJLAywswrwLukhybDBaBFBcFLHtLHU
mteb0_sx233,vLvaeFBSGsywDyLtMyPSBsLCyECDwUJUJbsgsEDCELJtJMnbgsyEDE
mteb0_sx323,lkctacaLDLyLHAQIrQmwnDwDLlDwnbwDCPLtHcFCrcFBIagmIysEDCDyeaDELMaeagagcCD
mteb0_sx413,kMkbtLMDyJSBSyLmyKJKLDyLklPBFBFLHtLHaFaSBywyLUJLABaILtLlHtCbgbLKiKiKLiMzMrUKJLMAtMr
mteb0_sx53,lLTyTyQCnwnDwJwcCQLhHBSaFBLAMnbnbngnLQIyPBPBsrsywLAwDkvMnsECDJwDCDLlhBFBJ
mthc0_si1015,vMbnsyTybnwDLHbgbgbgswKiMIraILQlQwmymcFBlBcrLKizKzyJtaIrKJUJLJDcUcFQHcSBSBagbnLNtJAMJLHMJtaBaLAtlwyLukMk
mthc0_si1645,JcLziKzJLAMacBLtLMKJcwCmPwQUcCyDESFcUJLAcDCELAMtAtBysyLlByDcDLzFcFJAJLiMJcJtagLMLJ
mthc0_si2275,wTwDLmkmcaBaBLklwcLhkcFLAtlQrIyKtMtMwKMwDLkmwnwDKwcLHAKmwswLtHMJ
mthc0_sx115,lywcCDCLhSBcCDCECECDEDLkywLHMtMnwrnwLAJLlJwywnwLAIacBLHBPFcJaBaBcLhSBFB
mthc0_sx205,CDCDwBGBcLMzMUMmnrGwLHrIrJKAJcDbebeBaBavBaIGwLAMJLhHlhcnLMuwLMIPSFLhwsyLuAuyFQIrQCwcDLMUcSaSaIrmrKAJLzJLJ
mthc0_sx25,SvFhaBFBFCByLDBFSaSFSIPywrUJAMHwBFLCDwBFBsynwnDbnrKJAJKJ
mthc0_sx295,lTwtMJLvAMAMnrnFSFaFBLAaFCDLJLJtiKtHgSaIFBFvHBLvLvLvbLtHtIrIgsyKJtJtIrLChymyEDybLMPcFB
mthc0_sx385,vHLvMwKiKFBLQLQkBrtJnFBLMJFwUwcwtJwcLSrcLhIFLHAuwDCHJ
mwjg0_si1124,HlHBlcnwLmlDQyLHAaASaFCLHkMAMvwDCyLlHwDECECSaFBItFBFBSBSByLtHtIrIrvwUJwDbeBcacJcwUJLUwcDCLHSaSaIwLSDwEDLHMLCBGBswgLlMlSwyDyECEDC
mwjg0_si1754,vTyUJnsnwngLyLHLlMuwyLAHtIrysyPUzUytLtHSBDSBLBLvHbabLtHtcBFBgBgagaecFcLC
mwjg0_si494,lhHwsLJtLBFBLBSwywLlhLBuByJLMALHtScCDvbcbLNLHtaeaFaIrFcBSBFaFcFCEFELAuIr
mwjg0_sx134,HMAyJMwncCLQIwDELzwynbgwDySFQrSrsywrLAItIcIwDcgwswJLDCBCBFcBCQDtJLMJwUJLHlMwnDLkwDChCBgsbnwnCDCwy
mwjg0_sx224,vLvAvAaecBFBLCLAPwLkhwyLTvTyDwyULKzTyIrwDLkIPrPIrIrwrDLDJLU
mwjg0_sx314,HshMwLHkuyLHlASBFCSaSwLiAiKznwDQDrIrnwcwUJUJLHlMwPSPSPcPcLuAyEDlwFwDyLtLtHtIFSBFaFaBtMQInr
mwjg0_sx404,HhAhaILhHhcLHhHhrIrDELHLHLHMAwvmsysLHIrwDvwEDLQHByTyPLUJwDLDkwQLtLlwLlhlHhaFacCDLtLtSagr
mwjg0_sx44,HghHhbJLAMkwcQLHaHAHaFaBLAvwDELhywywDwswyDkwLMAyMvswsywEDCDLJAJLSlSr
fdhc0_si1559,lLDLkhklywsyzPwBFByPyLQhmyUwcLhHIagcabgLAJUwDCIyswsrUmwLDkCSBwLmyPSCwUJLtlAywByEDCSwLlMswDnwnDUJUJUJneBFBUJtMLJ
fdhc0_si2189,CLTyUJUcFacLmDlcncDCBaFBFSyDUJLlMwLAkmwuwnQlwLhlnFwcUJUJKwyPwrywUJ
fdhc0_si929,lhlhswLMJnsnwLiMiLMAwswsUJUwULSrywDwcLHvbgegbgbJLJUwnsgwDTysPyUKzwPSBCBLB
fdhc0_sx119,lhwnDCwUJLAHBFcFSBSBwUJKtIywLMIbnDLMkuwrwLmkCSwLlwDcncLHBaBwnDLzKwyELvC
fdhc0_sx209,DCDCDCBcgwLuHAHMFcLABFBswLULhwLhnLkzrwrCDCQBaBScwLNLMcLAtIrGsbnbeagDUJU
fdhc0_sx29,vAvcFBLHAHcLAIrswLEyLkMkwLHukwLAulwcLHlHukDbnLhAHhwUwQUtLlHlHlwULMAvswswslmknFnBDBcwJ
fdhc0_sx299,MLiKzwsyECyEDLAHAMIyswyECDCwUlcLHBgacLhlHyDwPBrIaFagsgmnwnCDCBgbDvaBFBSBysyEDLDyDKyr
fdhc0_sx389,lDLhwsynFcDmDnwnLhwysyDyvbeaJUwDlwnrIrCcFcLULMACnDLMKIyUJUJcagbgsgLkMyk
felc0_si1386,MHwyEDCDPDSBysPywLzKLDwDLuHurPFrFrKtKtMywsKwDUDwUJUJLlMywDLkwUJLMIyLhagIrLHwnwDwUJULlnwUJwyTyTPDwDwnDmDwcBLShlSlwLlwUJwDHlcBDBDyTywswEDTvTvwD
felc0_si2016,vHkvyLQCBaFcDCDFUJMCIrFBFBLHMJULJLlwLhlcBFcBcLlMJLArAHvCacCDCBcDUJLMtMnbgecaLArALr
felc0_si756,DChwLMHAwryDwFBJUJLJUJrIrncDCwbDLcLDCBSBDwDLuAHcHBgbnsnsDsyDLyLDCSCSIrnwLkwDSBgsgLQmwSarcLhlHcrareCaQtLtU
felc0_sx126,AaAaIrImIPwQNtMwPwKJKBwDLkHMvHvDFBcLUzJKzwcDLUJwUJtQtIrICIyFBA
felc0_sx216,HlcwUJMLDCBaBFaBLhBSFBwgwLHQAHShcLkMkcPcSarCcDvDCvMvBFaBcLArA
felc0_sx306,gHcacLMiJiMJKJcwFPcUJwDEDtMtAyTPSBLhyLUHLrMvDcDCDLzMzwncDvrIFBFBtJ
felc0_sx36,HLHhaFBSBwLhwCBFBFUJLlUMcwLAvAvCBrFBCLHBUJKJMJULtBHaharmDncnJcwcLMvDwswDCLDHvHBveacLhlHwDwBsnrmwsyDyDy
felc0_sx396,HlwJtMAMuPwPwKiMtLHlhwLuywnwDLkMDMkcDBSBSByLHtHMHIrnwDLMHAMuwLAuAcABgynbDlcJUJrQHMCcCDUJcwcLlwcDJULCDCBaBFBcSBSBgsnswDLAMkLk
fjlm0_si1043,SwELDrcaJcJcLHMHAIrgnbcDUJUJwEPCBIBgyLlwJwLHIrIegFcLziJiJKJUJLMywLuSDreaBFBSaSBGgrLA
fjlm0_si1673,SBSBwDEDECDLHnMbnsyEPLHAvAvyLHtHcbeaeagagaLluLwyDwcLQBSBnsgGIysyDCDCDCDncFBcUlcwcLhlknbegbAcmDmvsLvTyTyTybnb
fjlm0_si2303,wLbysyDLJKiKcaBaFaGaGrLAwbswDLMwLhBarwDBAcLAaILQhrIFaBJLJtJtJIrIrgsysUJUJLJBgbngnbDKJLMAywywCPLCDr
fjlm0_sx143,MltwJwnbnrcDLlklwDwLiMzMKzywmwrQLJLJUJtJryKyLAMzysLAlcBJULAysywnrsrswLHlnbsbvbwcaLukHBgBFcFBc
fjlm0_sx233,vLvLvavaeBaGSBbnsywDCLtJtLJtIySLSBgsyLCPCyDPClwJbgsywyEBPCwLHMtMbgswDsyEPC
fjlm0_sx323,HwcUtJtJtJBaBaeaLALHIrUQUQywDwLlMywnwDCPLJLMJrICrIegacLmQChwyESDyFrarIacDLMJUMAMegarDC
fjlm0_sx413,HlhwywbnLtLtLbswyUJLCSBysmyswsUKJLULDLDwysysLmukwcBLHLSBaBywgLJAJULAFagagrtJLlIwCwnbgLMLJiJLMvIrKJULAHArnr
fjlm0_sx53,wsyPClwDwJwCDLStAcBLUhBFBLAvybnwLQhmywBsnrsrsyLyLAwDCDLMvMbgsyEPDLUJwDCPLChBFBJ
fmgd0_si1564,vbcgnULQklwDuQIrIyPSBwngULhnbebagDwnLCLhbgwUJUJLJDnbsLALuIrnBtNtKbDJUJUJwUJUkbvbDCDLCQhnwnrISaSrIrLhuhIsywUJwEDLHAvbgvMacBaB
fmgd0_si2194,vLDvyBbnbmLDLJtaFaBgbwDLMtMwyPBwJcFBgacaLtJLzuzTyBaLCALlgvyvhbwDCDCbeacmBwLkzTyeabaeaLShScwUJULABFaBagcaDCDCnwgDLDvyPCBIBwJLMIrIbnbDLDkmwswLu
fmgd0_si934,HgbnwcDQNtlnFraraImyUJUJwnbswLlhlnmIcnFBFBtJLMzrwUJbaIGsEsLtMtIagbCwDLHMAvarIrmDywLA
fmgd0_sx124,AvgavaLDLKLzwLAJLJCDCnswLmkwLHKzTyPCPDmwrHrargargILhkuTDPQkwPctBaBLA
fmgd0_sx214,lwCDCBaBgwaIDCDyELkwyPBcaCDUwJUJLHhagsnwnwrIrSBSsnbLDLCDScBlwJUJwnwDCDLQlwswnDyDwJUcarIgrwDLDLDLD
fmgd0_sx304,iKAyLJLlHMbegaLAMyDCEDEUJtIacaDCDCDlwntrJLHNMagagbCDnarIrSBaBaBrIrICD
fmgd0_sx34,MbecDLMkuPywLMizMiIMrIeBsysUJUJLlMurIrmyLklMsKwswswUJULJ
fmgd0_sx394,AMAvbeaJUJwybECDCbsyLAMAMLHhcaFeBFcCcDUJUJwDLlMJvyLMJLAtIrIaBaBLCLE
fmld0_si2185,KLiKyUJwLJiKrarILAtAJMwnwLlhDmDnFBLhHhQhaFSBwDwLUJwDLzKiKiMKIrIbwILJULDADSGIGnerICPDLhnbrnLAhALBIrILw
fmld0_si822,lDChcBcLDLMHrILuhnrLIAKMwDCmCnsLhywsEDELuAarAIyUJLhHIngLmybngLHMHMnbswDLDtQtbnsgLkwQLHIrILtHMHIrIyUJUJUwLlUlwUJLMAMIrLurLr
fmld0_si925,SlhQcFCvmyCDwULNUJUwDwLkuAMvrncJLAzMwLhkhwywUJUtLASBSBSagLzLkMkwLhaIrJKJLJLHwCQD
fmld0_sx115,HLAlBywDCDCByBcLDLklwLHMvmnwLAJLlwuywLArHIraIraLHhBSBcJcLSAaFaBScLuAuASBSBFB
fmld0_sx205,lhucFBSBcwLMArnrLHtIrJUJrDIDnrneFBarLAJLlhIrnLMwLMSPBSBFBFBLhsLukHkuncLQhrIwmDmaFarIrmrLALJLJU
fmld0_sx25,HhShSaFaFSCPBswQPBcBFaGsnrwUJLtBcQkwLCDlmlBsywDCDnwnDrDrwCrLJKJLJUJ
fmld0_sx295,ADTuwDQtMLAMurIrIFLHAhcAacCDwDUJLMHMHcrCaIaFBFBFCvCvCbnrLQhIrIsyEDLziKtIrLDCmyLmlmynwgDLMAwPCBLA
fmld0_sx385,HAHAvuwUJUJKiJFBmkQIrtwtLlHlMnFBLhlMJcwUJUwUtKMtlAwrLlSIrcrLhHIrIcFLAharLDlwLD
fnlp0_si1308,KLMwDELDLMlMJwsyPmwPwUJLHacacQJtJUcDLhBFcLMJwUJnLHMIPQSInbsyDyLTymywDBDBcnwDgyLMzMHMacacDLULvDHvAMAbnrILCnsyEDEDnbnDmnsyLtLtHtcQCDwgLULASByswyrInIcgLtLtlHnbwDLJUJLU
fnlp0_si1938,tlBhBcagnwmwLytLQSBwDLknwcUJUJLABcncwLiKJzwywPBFBcFLHtSagswsLMPwLklkwLkbwnFcCLCLHvABFBFrwr
fnlp0_si678,tJtJtMbncnFceacCQDCcngswgyUJMwDCIwywyLMHAwDLULJtJtJtwnwnLmuzwnrnrwrwLukM
fnlp0_sx138,HMLMHwLAtAtBcDUJUAwyLAMvncnUJtJMJwDCwrUJLlHwFcFLNLJtcDCDwysyJLlwDLUJUJtJMwQtLHAbnrtKtKMTybsbsbwbwDLD
fnlp0_sx228,lLHlwLQLzvzywLHMHvABacgBsgsyLlcFcLQlrPDCBncnwLtlAMlMybnbnDwJKJMwDwDEDLE
fnlp0_sx318,HJtMJBJBwswswytJtLMwsDSCDcDLlHwLMvbnswmwnwcUJtlJBcLhcBFtaFGaFQtIJIaeacDJLJUJ
fnlp0_sx408,HcagcLkzkMtQCcFagcLCLklkwUJUtJtJBFncFLCLHQBnswLlHlMbnmncnbgbvbncLDQCDwDyEDBncnDLQDUJLMJMKMznsyECELzMJKJUzJ
fnlp0_sx48,JLJLAuSBInCcLlnwrneacacLuAurPwPCvDrIbcacbcLCLhrIsyEyDwbwnwDCDLQHvbnmywysLAMvDbgnrsywLMJU
fpas0_si1272,lHhHSBSBFcarIQIrLMirIrIGnbnbBJLMizItrcrQtLtJcnwcwUwswLAJAJULU
fpas0_si2204,HIrmIPyJMUwPwPSaFCwDLAyrcQmQSaBFagBrLDLkAyTrIrsmDmnwcQtHBFBLhlBFncncCrLhHIrIaFBaBFcUJcBSaLAuAuywsyDUDUJLJUJwLAvLyA
fpas0_si944,AwyQlHvCcwtLtBarICICwrwUzCIncDLMUJwLhcrIrBISIrnwgDgCDCcwUJUJLtMyLHMHMAvbgsywsLHwyvy
fpas0_sx134,MwUJrPwCLQIrIrPDLQzwnDCmyByTrIrnrIrDgngwJCcCacDLJLJUJwUJLHlMbnDwCagswDCsysEyDy
fpas0_sx224,HvHvBcLuPQmwUzwywyrIrwDCDLhkmrwDwDLUJ
fpas0_sx314,wsyULMLHywLhHSBSaSrICQBaILzMzrIncncDrIrwJUJULJlOnrLhIywEDnecFcDysLztrISBaFBLtnsmnrCLCD
fpas0_sx404,HhSBaFaFaFrcLhrDCDLHvHvCbnswLHIrBFByUJwDkwcDLhwswLDLhcBaBcCLHtagar
fpas0_sx44,HhcncFUJUJLHuwLhBaFBcLuAwCLQhywDwnwDLvMzwLzMiMvywbsyEDyEDEyDJLhHhBaSaIr
fpkt0_si1538,MHAgwLAbnrwmLzizMLAIrCnIDKizLhSagsywDLJUJLMwCDCDaBgLMJLlHlMFcLkMiwEDryLlMuMwPQlQlwLDLShlcBFPCDCD
fpkt0_si2168,lhlswsLDCwswLAHkbnUJtJMULAHADyDEwDLtGaSarICPCDCwUJUJBFOcLDLuAPnsnwswnLDLDLD
fpkt0_si908,SyFaGSwgUJLlHlBcFceFSBSyPBuwLhkecagGnFcQScFwLNltNMcrIrLhHhPCPwLUJBaD
fpkt0_sx188,vAuPSBaBcLMkrIgcBgUtUtvlvycDSBwDCDCwmPwmwLAJLlhnwUJNMJwLAMDAvDbeF
fpkt0_sx278,AMzwtrIrwQlcnrIrDTmvTywUJLHIrwrUJLNiMyLziMAyswLAbsyUKzUPBDwECQIysUJlcSLSaBJLMzMIsyLzMzizrDcB
fpkt0_sx368,DBhBarIyKJUJUJLAMaFnJLMwDysLmwLDLDLhBagbgkwLukhHBFcwcULJMUwLhmyLAPcDLHtJtHtBwyPwLlByenFBFBwcLhlkbnwD
fpkt0_sx8,SBgsynFBFSaSIyFQIrUJwFBynebegnLkwDwUJUKJ
fpkt0_sx98,AHMAzynUJLMlwLAHSGngngDJKJKJKwDtJIJIcaCDsybnDcDLJrMrDrDLD
mbpm0_si1577,lLhIbecDmDagagnwUcagLhIbeFBClBcUJLlMBbKz
mbpm0_si1584,lCIhIrnrLALMrIrUJcaLtNwcDCPyLAMAzMrywUJULHLBhaLtMlwDLMncDLMwLkMnbnbnbnJLASGnwKLiziUwBDBDLUMULhlMwmyEDnIQIrLkmwnwnLDBPQ
mbpm0_si947,KLvLtKTyPCIrIFBGsnryrwUrwcLlHrLMnrnInLMrwLhcncUcFcmDBswgyEyCPBCwLQt
mbpm0_sx137,JLHMULJtLtLMAMIrLkwKzMwDLIrLAaAaSabIbIrJUzLHtItIcnBFBcLHIPQBtJtIrIgcDBDLhkmrIrsyswLkzkMzLAHuCnbrIrIrLzMAiKiz
mbpm0_sx227,TmwLkMcFBLtJtUtzTrLkwrwLAMcLAaASAcnQNQthQkbacacLiKiKrQIr
mbpm0_sx317,lMwLAMIbnwDLQhIrIrswLhacLyLukwLMJLIQmrywrLHIrmyTywDamcaCPF
mbpm0_sx407,SHBbtJLlMkHMnwnDLMJUcBDJwsECDbnwJtaSarIrJKiziKJwcFBLJUJLBCBgaeFBUcLHhHtBgBagacDPCBTywCLc
mbpm0_sx47,SBCBCBaCBCFPLJMiLMHtaBaDBSBSBswLkwUJBgnLAUtJtJbnbLhcLkMJbgcbcUKrKJUJ
mcmj0_si1094,HlCDCnbarILAwDywsyJUJLMAMvnwLHrIyPQkzTyPrDQUJUKzyULUICIgrLMrwLAaIFaBagIgwUJUJLHMtbgswUJLJLtCDCsybnFaInbnwrUJLMJwryrLAMw
mcmj0_si464,DlhChwCLHMtIaIcaJUJLAHMmbnbnrnrLMrnrtLAvnIgmIswsEDPCELhIbrLAJLHlHrIrbsbwDwsDLDCumwUwDrDELHMtAQtagcnbLUMwDbaSIDLtIrIrDsyPLTuInrIQIrDr
mcmj0_si602,HhHlhcwnLklMwUKziJrwrwLJMJrQrIryUKJtIQCaFcCmCDCbeFBQrIrvIrCDSIywLkHMrIFCDLAwnwLJUJMJtrcrCIsrwsLJnbnbneFIarDUQUwnDIywrCDbaIr
mcmj0_sx104,vyLyvDwyUJLlNMncFaFaFcIwLkMHMkagagrDCDPDLtHtICacILCLhInbnwrmLmIurLr
mcmj0_sx14,DHTwytIaIwLlMHMnrwUQUNQlQnrwUMrLurUrnbrCIryPQlzkzyTyrIrmIbnrQIuQIyLtHtHIaICDCwreraIbrcr
mcmj0_sx194,DSCDCQDmnswPDCDUzrIsnswrPwLSDSCSIgIrDagbarILkIwPrUKizwD
mcmj0_sx284,MizMzMKnbtMtLHMrILmIyTmTyIraIaIrTmTPmywPyDLtLtMtMnsnrQIrIrbrIQIrJwDLMKrwLKtKATzTIrPQLziKLHMtIrLizKIDrwJUJULy
mcmj0_sx374,MizMzMrIaImDCrcwDLAvDIsEsEwsUJUJUwLwJwKzKbaLtIrwKiKtIrIFQIrQIrDCLED
mdab0_si1039,vATuyvTzwFcJUDUCwncQIQIrIrvkPDCDLUJnFBFBatLlMlBnFsQmsysEyvsywLtHMHtBaFSLSBOLiKJLJMJLThyvsywsPwLAlSLSBwLMziJwQmlQBFcFcJMbFcgmFcJLJ
mdab0_si1669,HluwysyLAJtJcBGsmPwLkwDLklOFScnbLlMwgDCDPctBGgGrJncnFBtJtJ
mdab0_si2299,JcFDCULNMbgbgnwJMJMyLMAMtAFaScQUJtagbgmFBSBctJNLStCtBSBGgcnbtHtBaFBFBsnwUJUJLhysywgUtMeFBaFBSBDECED
mdab0_sx139,lcLhABacFcDLmuluBFBFBSBFcJUJLHNABFJUJULDSBGgswJwLMiMJtSwsmIPwLuQuywsClBwUJKizcarIrt
mdab0_sx229,chcSGsyBcFBELAwyEyPQtHtaFSFCLQLtHtStBaBSBnFDCSBPwcaLMJMHM
mdab0_sx319,lswLlhHwywyLuAuAuPwFaFBLPLAgtcagbDmnFBFBysysysncLQShBLHMJUcDlwtNtHtBaFCFSIynarILMkMkM
mdab0_sx409,TlThyLmyECwUJLHlhwPCmwnwLJzJKLCDBswmBSBysysLAHIyUJUwUJLHMIsGswLNtNJMHLtLICIgbnbLKtiMKtJBFcJSBSBGByM
mdab0_sx49,hbnLMJtMtSaFBgswnwLMcDCcJtAtaBaBFcNLlHlBcsySBFaBcaceBcQtKiMiMcLhSBSBsysyMwk
mgrt0_si1450,CLChCyLMJtJUJUJLlMwrsrmIyPwsysysyKzwDCDLHMvIrDacnJwncJwyEDLDvlDcnFcQcCLCDyLkMLMvHvMnFcDUzIyUJMwyPLkTyTyLKJLMwnwDLUtMwPyLmDywDCDwnwJLMwLuTysyKwDCD
mgrt0_si2080,vLvLvTyPBwLCDCDcegcagLHLHAKAwnrGsyTywcLhIyQtJLAwybsyJtJtJU
mgrt0_si820,CLhcgBvgngDLlnbnbnbgnDLkMJLJLASABScBcDCDCDtMwyPwBcUBncnaLcLlCDnbsbsngDgLDSHwnsnwDmwyLyLtHtHarUrJUcBUJULvAavBagvgagrwUJLzbwnbnwDCDCDIeFaBFBFBLJMLtNvbcDUwPcBDBSBnbnLMIwrwLALABFBtSFararIrJULlwUJUJUJ
mgrt0_sx10,BSFASacgvrvmIsyTwrLuAurIPGsysyLUJMvMvgvDvmgbgnrmrmQFcuQarmIuBPBCBFaFaSIrwLlUDcwDCDCDCDnbnwDLDLJMwyPywUJUJUJ
mgrt0_sx100,HMIrgcLkzuwsDLkMkMwQlncBAcCDBcncDCDCLCDLHLvASBSBcJUJLtHAtIrUJMyTyEDLMKMvuywPwPUJLJBFBFBFBsysy
mgrt0_sx190,JrwrQUJwLHABcBFBJUJBaDacLvbvcbcatKtKrIrIgbgbnDvbnbnbcDLlyTyTywFBsnFMBaBvB
mgrt0_sx280,lwyTPTPyBFBsywJUcUJUJMLtABFcUJMwcCIrIagagDgvcDLKUzKzKLKLMLk
mgrt0_sx370,lSCDLlwDlncDPDCLCDhCBwDUJUJtLHMISIaFBFBFcCPDCLCASIFBFBcULCSarcDCDcFBFaSBwgsyEyTyLziKiJLkMwnsnswnsy
mjdh0_si1354,SwLNMwDQkCcBaILkzMKIrUJKJcFKtKtKiMLJBJwUJLHMkcCBSHSaIgLQlwJLAHAMIrcLAtMLICIFDQctJtaBDLQLtMICDCaFBtJFcLzJcwPwJLHMcLCDCLJiJUJ
mjdh0_si1984,MlwDSGgmIDcaeagsyUJUJLlMwswSaIrA
mjdh0_si724,wMAMwLMzUJKJwUJKiLMIywDCDCBgDCIagwLtHBFBtJtJtbJLMwDCmLDCSaFBcCsgbsLkMwDLD
mjdh0_sx184,HlHwrLAMAvbLiJUJLhyTyTybeBSaSFSByKLzJMrLMLCcgGgIyTyTrwDKJUMJ
mjdh0_sx274,lJMJtlBNcFtHtSBDPJPCPULHhHcwQlQNcFQSBSwLMAizMTrIywJLCDcDJMJaBagabwKLKAMAMr
mjdh0_sx364,TyLziMvbcbcDLMvaecQCBCByEDLAHacCDCBaJLALAHaBSFScDLzJgagmPwcSwLNLHAMcLHhHhIywLlMsbegDmDcLtJMtwsrUvAyAvyEDLJwJLMHcDCDLDLHBaBarLH
mjdh0_sx4,AizTwsLDLCsTrDCDSaICSGgBmDCIysLhcagnIrSaILAwyEDLvDvAvaHaIrILkHkbkLkw
mjdh0_sx94,TlTDncCLDLzJLMkMPwUJLBFcFQtHtLAvAtHaBDCBwDLAyvbDLkDyTPyKJiLMAMAIrIryLMiJiJUJ
mjln0_si1449,MiMizAJKiyKtvMwsDLMAMKrwUJUzUMwDCDCrIswLmTyTyPwtJtMJLMkMwrPFBPFBFcUlwsysyKzKzMzwPDCDCDCrIrwcQDUlkzUagcwLlUlwDwCcFBcOLCLMnrwJMJrQrIrJwPwPUJ
mjln0_si2079,lnswsywLUJtJtJBgbLlQlwswrwrwrtJaegbgwJtJ
mjln0_si819,lCLklmswrtHtGaSIKJUwUcCDmDSaImIBsyLCPDCLhlhwDwDCFSBwnwLiMKMKwJUwLDTyLvbgbCDCPBnsnbntJtNwDmwDPDCDCcbgsECwUtLtMJwPwUcDCDC
mjln0_sx189,MLlkwyJLMIaPSGSsysymymwswQIyPytJtaeaICIrFBswsLmlkwLMtJMPCageamswUwDLUJLJU
mjln0_sx279,gbvbeaFcatJtJwDUQlwLhkwPBPDBmyLkMSarLHhHSwQbebeaLlJtMwPLhHhHrQmyPwKzKzwDPLvDvTvTwUCDwFcBESaIrUQkuUwyEyE
mjln0_sx369,HLhaCLCLHsyLHrmFQvQIwPLlhlcPFPQClmwPwyECyCPCPCwPwrIFBtJ
mjln0_sx9,SHSPrFcSaIrIryTySBaFBSCyPSarIrFSGsnswDE
mjln0_sx99,ClCDwLkukyQHBJtJcwJtJtJagnmySwUJUJULHlhwsyUJUJLHMacaDLvCvagnrIaILMATyKUJtJ
mjmp0_si1535,vAyvAvTyULiMtMbcDCQaFLQCBCBCcnbtJLHMJUMwswUMcLHMAvTyzKswLkzMtMsysnwFnBFB
mjmp0_si1791,vTDnbnFcLlcLmDCsbDSBwUDcagDbgbwLDLKtMKvnrcbecaDcDCDLHMLyLvizvTyPLQCSBagcDLkmrLQvbvbgbgGsyLmkmuysbLMbgsLknbnbnFncLlLHvSAwAwLNUJUJtwyUJLMIbIsyLDLDPKQzrvr
mjmp0_si905,vLvHwUBSarLQLlHhyLvTysbnwDLkzwJtJtJMJwLMJLMsyUMUMbntKtLMJcwLQkcJtLBcwcgwLD
mjmp0_sx185,MAvTywLzTPyPLhlkncgsgsysysDmDyLAaFarIrIsnFQHIrIrIBFaFBJtJtMJ
mjmp0_sx275,vLMJLMTyTyUQUQlQcSarILCLhIgsLyLHLICInswLAvMvbgsKzICwnrwKJKJMLASGsbngmnr
mjmp0_sx365,HlAMwLkMvnbDCwDCLAMAMnLMwUvQwsLMwDCLwCLuAvaSIrmumnbswLAMAMnbgrDCDLHAHSaSBwywgLvLtMtMwUNJLtMiMULMIybebaeaIrLJtKJ
mjmp0_sx5,KiKTywUJLUMJMbnbDmkmnrbrgQlwnwcDLDgCgyvsbvbDbwDCLC
mjmp0_sx95,AzTwyPLuvACSBagaDnbgnwUwnDCbebeBgwLkuTysywsLmMrwrKUKMKrwLAMAvbcbLHvQHwLAIaFQIcnLHMvbgbgbgbeFcBFBUHJ
mklt0_si1213,DChaeBFCLCDwgLMJLlHywrwrLJLJUJwUJtLJthaBFcFcLJwCDLtHtLSBSPrFrBaBgBgBagagacgBgcDUJUJ
mklt0_si1843,JKiKMzwyPSPBPyzmIsnmwyKtcaFBrIQrLhImwswmwLQLQSClmwnwgLMzizrPyUzJUwcDLlkmyPTrLQICIaeaQthBFSBLBScFcQHrLCcFSLSBLHaBIrcrICSCDbDr
mklt0_si583,SDlSDLhklHMywJLSPwLHAMvwCDJUJUJwLlAcwNtLltltQlnmkwLAMHLSBSByPwCDwDtKJLMbsDybwcnDQLM
mklt0_sx133,HMtDywLMJwrwrIyPrLUwPLAkAcwcCLkQmyLDCDTPyLtISaFrwrLAISswrLulABcwcrLKJiJKJzMJM
mklt0_sx223,HlBwLMlAucLhwLziKIcLhSBaBaLrLMmnsLuhSFSBcDLkwLukurIFaBaeagacgcaLiKzJzM
mklt0_sx313,ALuAHIuIaJtbgagbaebnQtLHSBFSaSBFCDCJUJcDClcLhaBaLJiJLSBtMtHLSaSILmTyLuPBcgbeaBacaQLA
mklt0_sx403,AvAhcFDSDSarILukMIwsFswQLHALCDJUwPwUJUJLJUJcQChSaFBDCBSByUJULAukMrLiJUJwCLhBFgFnrnFBFBUJcDLUJUJ
mklt0_sx43,HwMnFBLmuBPyPmQBmSPywLMHMHyLQthFSrIaIBaBtvcCDCwywLAJLAuASBSPLkhwPLhkHwM
mlll0_si1363,AJcQBQBwyUJUJLlHhwLAMAkwBsyKMwDJUJULlUCQDlLQhwsybnbwJcLmCQCwsbrIgbnLlMtLtLghaDQlBnrUKiMswJcQCBcmwLQCPwLDLhwsyLyTyPFPFwJ
mlll0_si1993,HMKtLMLMKMwLzKMyPSCSISIswLAwQcCDCLU
mlll0_si733,HiLKtLtLtLtLtLALMwPCPEaFEFQCQaFaBGswLHMvABacacDLKMKIrsEDmrILAHAvHCcsyEmywDLMwLDCDLCDmyLMJLMbnwnJlJlcC
mlll0_sx103,AaBaBwsnbswsLQCwyPBcDLJtrcCLCcnmwLABcJcwULMUcULDMJUJ
mlll0_sx13,JMLSByEyrIaICIwUJvHMvagswswUJUMwLAvysbnwLQCLC
mlll0_sx193,AMLtLtMLALAHLBSBaganbLhBaBgbLAaBaFBacFnFBFBFBLJLJLBSwLDTyaBFGFcDwUKMTPyPUDCBacgwDCDCE
mlll0_sx283,lMLJtJLMtLMHAHAHBswDMwLHvwrwrIrLvDmFcFwQmwQSaSarILhuAIrmwUJwsysyKMwDcUJLHCcFcOLHrIrQtJMLAMwDLKMKIFB
mlll0_sx373,gthcLhBaIysECDcaBCBCBaBwUwUJUJcQLHQtIrLkHJlBwywsLDHAMAyEDQDLHMvbnenBFB
mlnt0_si1574,HlHBagagswUJUJLSaSacCDCDrIQIraeaClcLhaFBFBcLhHcCDwnwDLMJScFBFBFBJUJUwsAvbwEDESBwLMiKJKvTyEDCaLMuwswswLHhHIaBgbaLHhHrIrsnbnbnwLMk
mlnt0_si1902,lcLhHcHvAaBJwEUwDyDELuAcBFaFcLhlcJrLmurIrgbnLMJ
mlnt0_si642,lklknrLHvAaIaLtJtAHrLMAwrPLJLMAbnbLHISCBgbgbDmvanrJULAwgbnbnLiKsbnrIrArvbDacaLHLAHaBCDCHtLtLHtIbgbgbnwDCDH
mlnt0_sx102,JLHlAHAwbwJKJKJIcIcLMAbJtJNLAtHarIrJwUwcQLIrnbrJLzizATPDrvAHvabAULMJwLzwUJtLNLAtraICrwrLAvlwLlCDbrbwbDLHrJUJLJU
mlnt0_sx12,SBaFSFSBIacLhwDCDCSrIrnsyTyscaeBFBFBFBClwnaFBFaBGBsysy
mlnt0_sx192,JLJMiJLMAMIrIaIrAvbLNLJLHAHrarAvaAaItLHtrIbKwCDCDLkuwywswKTyr
mlnt0_sx282,lwULMUJMcPcLHMLJNLNHlHryrtHrLAuAuybLMwLAvHAaCDEDCScDCELIabLkzkTrKJKLMPBFLHLlHMrnraBvBSeBareaLM
mlnt0_sx372,lLlMHlbsgwLhHhHbabgbgwLuIrICwsgLAJbwDLJUJLALJAvaBgbDEDSBysLlbLrtLAMkArCgabLMiJKJLHMAMbnbLmwy
mnjm0_si1580,vHLmwyznaBaBFGBswywyJMwsbwDLNtNtcnDvbeaQCBaDCsbwbDvwyLwLrtMwbwDvDbwcJLHAHaLHLALlnwgrLc
mnjm0_si2210,lCDlhcBaBIwLlAMAMIrIrDbcbLuAMIrIcacNJtLtHBacacLtJLJUJAcHBaSBgagarIrCIrhar
mnjm0_si950,sHbMbJBcaBacLJiJKLMwLlwmwnFBSBcULhwyeacDCLHvHvHaBaBcLMJLMlnwLJcDvbcmLDcFBSFDCDCysmncwcLMJMnctJBcBLQBcLMAtLAHwlsKwDEcLhBgbsbwDCDCbJtJlwLziLK
mnjm0_sx140,lHlbgmIrLAvAQaFBLMJKMFaFBLHAvIaIamIcacgLAJHaIrBIAIacDswywyPQcFBsywLlwcwJULJiMJKiMrwcLQmwmlwcLSDE
mnjm0_sx230,HtHaBaeaBwPSgbgsyvTyTwnrICLhcBrQrIbageabLJzUJMDCBagnwbwLJAavaBvgnrcDLtALJMJ
mnjm0_sx320,lcFDnbrncnUJcDcILAlAhacLHlIrvrkcLCLELCDCwnbnwDcacaLhHwPSPSFPFcFwNtJtJlneFCDSaLHAvMwEDLlJwcUNtJLtltlcDwLJLJLJLHMH
mnjm0_sx410,AuInsLDPLHhHhagLJtIcnLJKJtKLHlCDFBLATwysyLiMJLHSwywLHNMlnsbwCDCsaIDIgwE
mnjm0_sx50,ALAbcbmDmcbtJtJLAIMIaLtMtlnwLHAtlAlcbnbLAQAcDcaeDCBwgLAQHaeBcaLHbLlAJAJUJLlClwLuLASBgnbLJtcLHaFGaBIrIrIrLr
mpam0_si1189,HwyLztLtLtMATywyPFcLuIcDUIrLAMbacLrLAizMiIrmkPDCPLHlwCDQUwPwyKMwDCDCD
mpam0_si1819,vuTyTPmImIcLhkhuwUcagwUJMJUcBwLhBPyPSwLQtMHLScDCDCDyvzTPyQLzMLHaFaBaBaFBvBaBLA
mpam0_si1961,HlctJcncwLDCkuluwLMJtAIwLiJiKLMKMAMwUKMrLJUJUJCByPyPQtQMLMLtLmlwDytJaFcBLAMlkcLhIyLtkHALHhrIacaCwcUJUcacLhIarIrCLCH
mpam0_sx109,KLKiKyzUJKJMJLCBPFcLMwDCDUJUJLHlhIsywCDLkmrIcgwDLAFSaFcDCDwcwUJLzlMwyLzitLJMCSFLHLQLALr
mpam0_sx19,HSchcFCBCBcFPCPFCwcCUJFCDSFSaSrILAwDCIaBtcDELhDytAtBCwCDCDUwyPy
mpam0_sx199,TuwFCLiKMwFBLQIrwDCDLKLziKwPmrQSFaSaSIrPwLkmywPyLAKiJLHhFrPwrKUKzrwLMwLMAwDLkMlwPyPywLzwUJLlMkMwPCUPyPUJUPCDCwUJMUJM
mpam0_sx289,ScFQlkwcLHIrQtUtLAlAcFBagaBawKJwUrQryTPwUJtSBSBSBDwDUJMTymymyBanabacmaIFBLB
mpam0_sx379,HMHvbDnbnwcCPCLukuwQUkwULkHMIacQmlwDCQCSBcabnJUDCUcBFBFcCDLMHMHBrDrUJLlknPFswPwUJU
mtas1_si1473,TyTDFPFwmyLmvmkwQDncJtLtUMJLvLvAeacDmDysy
mtas1_si2098,vLvsTyLkuMzymsKiMtaFaSrILmLkhIrHAaIrLhBgbtMKtwswmnwDCPcCBCBFOcwLyLMzMznwnwnDnykrmArDCDFBSGByEPBy
mtas1_si838,wAsyELAHtIyJwyEDLMiKMwcLDLhcaFBaFBFBtLvDyPyDLHIacmBwyLDLkwQlQlmcFBFBLCLCDcLD
mtas1_sx118,kMAtcICLhagswsLCDCLULmLahaBQLklyECLuIyTywDJULwDmCBcBSBarILQMLHBFBSFBvLBLHB
mtas1_sx208,SHSIacaLDwJMbncbwLlLlLCLhgacLlcLHvAvacLDLkwLwywDLJULAybnLziKiJLALMJwJiJLMAMtIsyLkuTyUKJUJ
mtas1_sx28,lDLhnwsyLlDwnbLDyLuHraIrLrztrFBQBmScLDCwDLkuybnceBaBcCDCLPLlLhcFBFQtMtLAMuywbnbnbnbnbnJKJUJ
mtas1_sx298,vgMcbgnLQlIncDlwcDcacacaLCLhagnDmzkyKyPwUJlwPwDPLhymSFBQtIrLziKMIarLzAKAKLAMzLM
mtas1_sx388,rAHArIgsgsLmDkyvAsybnDrDwLwLwsyLJUJLALcLSLSBSBcDmDnFQIwrOcLlkwLhkHrnrQICnwLMAMKIrwLHIrnrKrwrLzKiKsyEDLzwUJU
mtls0_si1370,SwPCswgsUJtJtrnsPmnLvwJLHMrtIeFCrFCSwcUJUJLlLhkbagLHCDceFBPLJLMLlClhwnwLAltnbLzMLwAvyLQCIrLrtLzKzTyKJKJLAMAMIrIyLCDLCIwLl
mtls0_si2000,SCShwyLyiTyEDLuAuATywsmwswLhwywLtLtCISwLkhysyLuAyLyLvsysyKJKJMJsnwLHMHbsgsLKiKMwLUzHIlClCwswgy
mtls0_si740,AMkwPQScwUNlNlNtMNbeaLBLtLtLtsnbsbnwDLJLJtJtyLHMbswLCQhSBLBLAtvhaBaBaBcLNHtJU
mtls0_sx110,lwcLhcnbnbnwJMJLAtASGsnwLMcLICcarDwLwlwywgwJLMJwJBaFBLmClQSsnLJLHMuMrLHIrIacaBLHALAQacaFCDCDLJULJU
mtls0_sx20,KTySaIrFBSaFaSaIrQCrCLNtNLNJtAtKMlmyKJKJMySBFBCQSBcDlDcFBLBtIrIaBcBJ
mtls0_sx200,SIaeactLAIcwrDLHMIrFLlwJLAHhkaBeaBLlhHBSacacLKMLNtrDLDkcLHlMwPyPyLAizMKrLKLJU
mtls0_sx290,HlSwUJLhHhIrCQKrwrwJLHALkzKrwLHStlwrLtHtaIaFCLQLHkMIwLtLtLtItarLHIrUJKJLHltnrInLHkwcwQcQNLHhHhBIacDgDgrgrgr
mtls0_sx380,HSASagLMtaILzMziKCIrcwmDmyLNLtrJtJMncnwLiMLHAMkrarILhHhLHwLiKiM
mwbt0_si1553,vLvAMeFBGSFCQBFQlBcFBFBwFDmrIyPCDCBwsysyDLklkcacacwLhSDBncLkMwLhBcBGgwUJcFcDQBSFBCLkMBcFBUJUcDEPDvDBacLiKtKtMIrFSFcDEDEDJBacLhHtIrFcwUKJKJUJ
mwbt0_si2183,SLCLChSBFeFLJLJMJcFBtIcFwKMyDFcLALAJKJUJ
mwbt0_si923,MwLmCwmBywnswgLAJLtHhIrwLiJLlwUJLiMIwmwDEDEDLDSBFUwPDCwmnFnFQlBDcLmBcLhaFBFBFB
mwbt0_sx113,lLlwsyDCDCBcwJLAuwywBcmGsgbncLhHLkcDCDCDCDBFcDyPEDEDLlLvlmwUzLAuAmPwLktGaFGmyTywLhDBnbgcbwLALM
mwbt0_sx203,lHlwLAHAtAMJecacFULSBsywDLlwPwLkMUFcLCLhrIFcLHBsyvyvDkDLAlncFcLlMlMJwKUKwFGFaFaIrIrALA
mwbt0_sx23,lBFBUzKLTLTDwmyPUJUwKwPDEDUJUMvMHcegeFcDCcDBcacgswULABSCBgaegaeBFBFcUJKiJSBaBFGFBsy
mwbt0_sx293,HMUJLlSByUJLMJnsyLlwUJUJLkMzMzwPwPmyLMHMNswsLhcFcFLAtaBaeaFaQJtJMJLMJcwcPQlBwLAHAtBSByEDwDUJtJFcDCDCBsy
mwbt0_sx383,lwgLAMebaeaLhHIwLAHAHBSBymwrPUJUJULMKswmwbDweFcDLhHvASFPLmDBgabeaIaFSaIymyDcFcDLkMBFSFSIacacwLCLCLuHArv
mwew0_si1361,HaSLHFSBcFmwDwUJMtSaSBFcDJnLKLKtDwDCEDSPyPSCESBFcLAFcCDLDklBFBaFacmPDmrIrLrLrUJ
mwew0_si1991,BLSBSBacFcLNLtLtHhAwywLHBwEyEBFBELSIBFCDwUJLKMKrIPyLMJwDELAMAvnbcJLlNMAPCyECUwPDCnbncJULMJULMvlHwDyDbnwDmCwyECDCcCDChBFaB
mwew0_si731,lHlctLtvHNHyTyTPwUJLBswsmPrPLlwPLkwPFaFECELtHtMtMnFBFBcwcDED
mwew0_sx101,MwDmwLunrDPDKJiKMKwFLmuCIwDLklnsnwLukMrIwywLlMwrLABSBnwJKJMKIrPCDLKJiJtIaBDBaFcFLmhmlwswsyJ
mwew0_sx11,vLwyPBFSBSBaeBFaIrQIrwnrFBPBcagbnLvkwDLD
mwew0_sx191,SPwLzMzMiIPIFaBFBtSBaSFCDysbnswsLuAuAyPyUwsyKwDUlwPwcSySFScDLDJ
mwew0_sx281,AuSFaIywDELMiMitKtIwKizLHSBsywLMwnsLSwPwLkhyPLzLHhBFaBLJtIrIcaeFearIrDJUJUMU
mwew0_sx371,InswsLDbeFcCwsDbncncLlhwyLmkwLhlwnFcwJLHNlMbgbnwLtIrLhPUyULDPwUJLCPCPCrLzTPKUKJ
