id,phone_sequence
fadg0_si1279,lhIrnwLAJUgaIrDaBLMIrDwLMwnQt
fadg0_si1909,JLJtbLziKiKbnFPsFwLkuwDBPwcwUJLSIFBFBJLHwLDwyNtNlNwKr
fadg0_si649,wTwLJncncQtIrIrUJtIrCDCBFBgbLAwnwLQtvTywDwLMywQtQLNMHIrLHlwcUJwnDIrJLMnbnbLMtrvrSInFcwLABymrKnbnLH
fadg0_sx109,vJKyUJBwnLMknwcDJLMHIrgyEvIrIrgbELABaDcJLMyLMJBcFLH
fadg0_sx19,lTcBwPCDwnDncDCDLJFQSaSIPrLAbnwDaBtwDEDLhytBncDUwyE
fadg0_sx199,TnbnbDLziFBFlLkIrnDKwmwQBaFGSwyGmkwLAJLhcFcgIKrLMwLAwDLMsLzwJLMwUyUJUwcwUJ
fadg0_sx289,SwnwLlmlkrLHIyLtLAcBaLKwUJUrLQlrwryTyJLNtBnDJybB
fadg0_sx379,lvHvHsbsbDLkukuTwQCLJLMIagagLQmhmQyEBncnJwDJUJacaDLMrJLMnsUJ
faks0_si1573,NLvwJLAbgegLkMwcncDSFUJLMlMwswDcDvbsLunrLkwDwULhyPDwQtBLhBOcwBPBPOLMJULSaIrSaIrSDwDLKJKbCLhy
faks0_si2203,JLlwrQIyUJcBwUJtwOlcwJLMkagLJyDwELMtBwLKDcgegeCFBC
faks0_si943,JLHIrwLkacLAiKwDwDCsytaBFBtaILhBFSwOLAJLHlwLMHsKwDJUJ
faks0_sx133,JLlHvyLJnrywUJBcarIrLAwDEDSmyDEywDLtrLASwLABacDLiAiK
faks0_sx223,JLlLlHBcncDLlcLhBcOLMAMAMirCLhagaLAMsLhBaGwDlcwDLuarIrIagIK
faks0_sx313,uMuIaLJNtJtagLKJtaGaIrSDwUJwDEBcLhaLAJLHcBctaGIyLuaFBSebgeSF
faks0_sx403,vLvIurSaILukuIFLCLHAwUJnwnwJcQFBSBSBwyJLAarLMJcwDwDLkhBgeBQJwUJ
faks0_sx43,wnbvbnBlBrPSByLHyLHBaBaIaADatNcwDwLAJLABwyPLkwLk
fcal1_si1403,KLAMNLALAwbnwcSaBSsUNlwbDLkwLlwLHsKwDJgLAOwOLABLhBgDnwJLlDCbsbmDbnwntnbnJwLJnBt
fcal1_si2033,lOPOwOLhwLABaBaBJBQJKbsbDLkwNlNrIrFSBSBSsbnbJLMaIsBgLNlswnbnmnJ
fcal1_si773,SBnmcFaBaBLAHIagaLznLALMIgJBFBywLtQtIrJnQIFBLksbsUJ
fcal1_sx143,lwJwsbDLkwLznwDwLtIrULkyTPLucBJLAwywrLkswmsbDBagcBFBFLQ
fcal1_sx233,vagBSBnsywnDLQtIyPSbswQCDyDwJbnbsDELlnbsELE
fcal1_sx323,lwtJtaILHIrQbnmwnLlnbnCDLtIrCrIgmQswEDFcagcgDLMcagDCD
fcal1_sx413,lkbtLDCDyUJLSymwUJKLDswmcLHBSGsgDLJULAaItlCbLiLMiIrJLAararIrLM
fcal1_sx53,TwywymlwmDwUJwDLHBcwLAbLhyTwBysnrIysyLAwDLMsbsDJnbDLhBJ
fcmh0_si1454,gvcaIrFIswLzwBcFBsyLlwCsDLMvegLziKTyTPwUJLMSrQhQnrIywJLAacCLHwUwsKwDJUcQtQLHhHaBynJLMirwrwrJUJ
fcmh0_si2084,SlSBnmwLhHhbebmwLMyPQIwswCDLlsbCD
fcmh0_si824,JnQBtNtrIDUJUnQCsKLiwDLkeagJUJsEyvDwnwDUJUJgELHIbnLHIrIsKwDLzUMTIyPtNtyDCnDTwLtbLiziKIrIwJUJ
fcmh0_sx104,vyUJLMkFBFBFBcLkagCLQLtHrIcCcLhsLur
fcmh0_sx14,lwlhyLNtBaIrLNlnsIrUJLMwswJUwLJUJsnsbCLkLlIhIyQvQvyTPsnIQIytaIDCDCynBgcg
fcmh0_sx194,lwlhnsywDLDLzFGgwBSnDragBagLkwswKwDE
fcmh0_sx284,zbcbtNLlMkMeagabagmuyTPBaILuvTPwLkwDtQNtsLQhrcQLlhwJwDLDzwtLtLtTPLziLHIryLiwJUJ
fcmh0_sx374,AzagaDLAByDJUJUJwKaBtNswnKLtaGInBnLQLQmwE
fdac1_si1474,vgJLAywsybDgDCbDvwvyUJbLhkhBwDNLCgaLkMkMwJLMsbsJUJLJLJUJ
fdac1_si2104,vgeaJtLvtAvgbgvKAvTyJtJUJNneagaLwnslLcBbgJKJKJLkwcQaGnJwsyLwbnbDLBFBgbgbJLHM
fdac1_si844,tlbebegagcDUJLMbLlDnwnwLABaFBncQtswswKJKJwDUJwsywUwULzisysyPQLMLvbvbLHMlMysLAJLHhbCDLMJncnQbLicacaBLlHlbsLAJLHhnbnerIgywDLMJ
fdac1_sx124,ughgagaLJUzwLiMJiJLCsmkwLAHyPmlmrarILhyTyPBmwcQtaBaBLU
fdac1_sx214,lnCaDwyEDLkwBFBagvagacDlnJUJLHhgbsbLknwcSbLuBnwnwJwnDwDLkMwLwnwDlnwJgaDLQ
fdac1_sx304,JiKysLMJLMeagaLAwsyEwUJLKLICIbgamLDlcnctIsbJLMegDCDUlnQLSCaSacDU
fdac1_sx34,kbebBeBEBwDLzkzwPLzisbeByUJLMunsLmyLkuwswUKLKiwPwUJ
fdac1_sx394,AbeBJwybwCQCQCsLMJLCLChcaeaeFQvDQUJwDLMytJLMkIagaD
fdms0_si1218,lHFBcLJCPaIrcBQrLMkcSBnBgDvyCDwDLHvbKDU
fdms0_si1502,TwBcwUDnDbsmwLUabLMBwELHvbsDwsELADvbsLAstSBSBsLMywyLQLhwLHsLAwLDenagaDLDLzwJwLHMlMHvbr
fdms0_si1848,vSyLAwDLkagbegLMiyPICLCIuSyLAwDEDEDLukagBgLASIywBLHyLHBLB
fdms0_sx138,lwLABcDUwLAbnJLCDCrwJLhkBwBUJwDwDLAJULlwnwDJwQtNLHIrtvyPCD
fdms0_sx228,lkwvywLHSBGwDLkMcFBQrwDlcLNLNlNyTywnDKwDwLy
fdms0_sx318,lMHNByJLMwswLlDCcgcLAwLMsmwcnUbncbCLhytSaBtIagagaJLMk
fdms0_sx408,vgLkmIaILlwJncCLhSnsnLhbnbDCgvbQtQcwDMwDwnbtLiswsbsEsyDELKz
fdms0_sx48,luIbnDclQlkrbeaeCLuAuIwPvrIgbLHIwELDyEywDLHbsDvswsLAbgbLMNJUJ
fdrw0_si1283,lwmyEywDwKnBLMlnLlnwDQsmyTyFaGgbLMwmvymwyncFtBaBgbaLlMwLAsUwQgbebLHclLlBywnLiHtgILJLM
fdrw0_si1423,lLklkhbebaLkagDTyvTyLkhkagamcgecLHLMwLhBgFBSBFBLB
fdrw0_si653,JKwOFBSByLmQmwJwPwUwDQIyaeBgLmwySyTyTyaBwLDagaeBygLUzJzJiziJKU
fdrw0_sx113,vbnDCcnJLAwBbvbaLhlkcCwbDCDLwULAuywLuktIyvTwQLhbebeagtLMALJLJLN
fdrw0_sx203,lwLAagagUBSBnsvbnDlwLmkwLhIacLHLHBsyLvbnLlwKwFBFagacag
fdrw0_sx23,lwPFwUwUBDCyUwJKwDJvaDCwDagULDCaDBlBcBwJBsvy
fdrw0_sx293,lAlByJLMsLlwULMknrLmwyLMsnLhcLABagagLMwmklwLAByDwUJUJtnwDCsDy
fdrw0_sx383,lcwLAaLHMlcwLAISByDnwswKbCLHBPwmDcagacDaBSaSFaIrwysvbnDcBCIgagaLuALA
fedw0_si1084,khbnLlwsyDCPCwyCvQLHhlwCsLhyLhFcFtNtaIDCbsgJKnbcDwcLALagagacLQnsJKnbsLtaFaFBDEBLtQHSBywLiLkyncbcLmhlwsysKnsLMJyQaBt
fedw0_si1653,vwyswsyUJLhagaBLAJwOFPLlswDwUwBsyLyLB
fedw0_si1714,vKvAvywbwrUJLJLStSaSIncFlBPBaLALSLSwmDcaDBysJLMknbnLhlhysbnD
fedw0_sx184,lwlsLMAvbLNJBCyTyeaeaBLAaBSGsUJUJUvIarIryLMJLJCgLAyvTyTPywrULJiMUJ
fedw0_sx274,ABmBwnBCQtvtvSBwJwOPULhgaLhlkwcFQlkcLuziKyPTPwrIwJLlwDcrJgagagLizLzM
fedw0_sx364,lkwyLMzcbnbDLMvbgagCDCBPBsysLyLAbsDELAagaeaeBLDCBatJLABFBSBgDJagagaLmwsLSwLlwcwcLhaIsLhkbaDLkLDcgcmQmsKyvwyLmkwyDUDJwJLMkMkcCLHaBagLM
fedw0_sx4,lLkzbsEPDPCsLysnrIbsbsDLDECaGaDCcgDwswLCLhgeaSaIwLAywLDvagILMkvLA
fedw0_sx94,ClTDTaebDCEDLAJLMrwUJBFaBLQLAgagaDCcDEDwPLMAvwbDkuwysnsnUJLMiMiIwsyLsLMJ
fgjd0_si1179,SBnLKnClsyUwtNtlnbnLAJLCLly
fgjd0_si549,lwlwyJLtHIFLQLuLIrwDUJULUnwnDCDLQMwJgULlwywLAJnLHLMrIDJUJUlncncQLhgrIsKicBcLAvgvgbJLIrIrDrUJLHMHswyDLyJLNHBSBysy
fgjd0_si818,lhlhlcFBDEDJsDCDLAgarIrLrNLABSBwLziziLMIswDJLCwLMHaFaIBsywnwDLMAMsnDQDLMPSIwtLtBnLtMnwLnDMceFBLMAMiwJraIDwLAJswnsLkwDkcFaBJU
fgjd0_sx189,JMwUJLMiIrIaGswsnwnQIytageBQmIwBsmwLMwCDCQIgIbgageaLmknswnDLJU
fgjd0_sx279,gbeBeBLtJwUwcQLlwnFBcLMysLMwcPSrnrLHALAScwLNnbcBbUJwLHIrwQCQhwswswKwDwUDCnFBLBLBSaSaGIwLlsy
fgjd0_sx369,hchagagaLHsLHIrwmncFQwUkwcBwDQIyErIrCDSwyEraBUJUJU
fgjd0_sx9,vSIswrISIrIryTvyPQvQvBaBSySrIcBSsyLy
fgjd0_sx99,vlwyDCwLmkwsywQLQBJcUJgLmkySISwUJULHhHsUJLMrIcDCDvgrgarILAsyUJU
fjem0_si1264,kMlMywnwnDLJUlwUBaBLMwDwsLQLzkQLSlcNtNJgaDEDLuarUJLlhcFLAIwDrQtQtrJULSCPlCUJU
fjem0_si1894,hIacgbnbtJtgamlnILIwbDvPwcCDCagaLtvTywrwrJwLANLNlTyPwPUlwLkuecaeBFLB
fjem0_si634,vywrLvTwywQJLABSGsnsLHtIrtJLtSsJNtwQtQByLlwQnrIsysywCDLhagmwywQCvnwDmwnwDLDCywDwtJtlcwDJNtBagDwcDcDtJULU
fjem0_sx184,lwLAvbnLMJLlCybeBaSaBGJLvrLJlCagywrsbDLJUJ
fjem0_sx274,ABwnFcQtBSwJwyPwLNLlHhBgLlcBwOLMiKPwrIywtJLCctNtNBagwLzKtKUJ
fjem0_sx364,lwyLzizizncDLMHvagCBywbsDELuAcCSBagatJLAcFBgwDJNJcagmwLkLkSBwNJNlwLhHIbsLhkbebgDwgmywyvyLmwsELJLJcPwcwtJLMkMwcCDCLHvHagagagr
fjem0_sx4,zMAMiwsDsLrbgDCSaICcgDvysQLhgBSrIrIrLATwDCcvCgagrLr
fjem0_sx94,TwDTncDQtJNLNMrUJLBcFcFQLAvaCDCwEDLMAsbsbDLkywbnQJLMiIyLyLMLJUJ
fjmg0_si1181,HIaLHhOsrwyByTyUJULlkwLHIbnsbnUJNJwCLhFcLMkLMAwswUwcwDvbDLAMJBGgnDwDLMLAwsDUJLMrCbnsnmLbLbnbDmQmwDBgagLDCDCbLDwLDCD
fjmg0_si1811,lHIbsbUJwcDBDBaBnsvwULShSagagrILhrInbnbmwrKJnsnLhIbnbJNLMNkcJBysysEsEsysy
fjmg0_si551,swUJwCDCgbLlnrnsnbmQnwDbabaLMwJLMsysLiMbvgegaBaBLkswnLMtaBLBLHLM
fjmg0_sx101,lMAwDkwPCSQCbagarILDLUJivnFcLuwbwDLknLAIsnsLlknrLHAHABgbJKIbCDJLJtIrcLAIAaBvaBaLkbsgsyJ
fjmg0_sx11,vyDLSBFBacBgbeBaBLagacarIrIsbnrIBagargt
fjmg0_sx191,lSywyJULhMIagvaBtaegaeDyvbLMAyUJUJUJbsKwDUJwnwLSgDLMJ
fjmg0_sx281,aAvSaGaIGsyDEDLMIyswKJLHBbsgLkMbLukSwtLhwyLiLhHhAaeBtJLtIrgbgagIrJtJ
fjmg0_sx371,ISISIagmDbeCDCDCbsDagaDLhysLmlmwLhbnbJLMbgeaCDLtrLhwJLDnwnwUJLCaIrLzizirUJUJ
fjsj0_si1484,lnrIaBJUcnBagDnwJLMJyLAurUnbQtLMrLAMAIsJNJ
fjsj0_si2114,lJLMkMwsLEDhwyKDLJUnbnLCDlDwvBncLDCsybnbnLHMlMncFsFULlMkMagJ
fjsj0_si854,vTwDLMAMAMrLzwDLkMnwnbnLAJLKwUJUJUJcgULlkrnQLhwDwDtnwnLlLMJU
fjsj0_sx134,kuwUJUJwCDLDQCrswLDLzbsDPyIPrIsrLDagJLCDCcwDLJLMzlwJLhHlnDLukwDCcgsbDsy
fjsj0_sx224,vncncLuwDUzTzrIrwLzrIsbnDLMJMJUJUJU
fjsj0_sx314,vTwTwJLHkHyLhBFBLSrCSCSaIwGLzncnDrInbnJUJUlUMlwnQSwLhyDnbDwDyLktaIScnBtNtNwnr
fjsj0_sx404,khagaILhrLHsLQHInwDBSByUwDwCLhwLhcgaDLHBgr
fjsj0_sx44,lhbULAwcLhFacaLNLAMDChywDwnrILMsyELuAJLHtaBaIrIrLMAMk
fkms0_si1490,lMtIvbaILHMJcLSncUSrIagLMkLMHIvbLHJwLSwJLiMzMzncbJLM
fkms0_si2120,vywLHBagFUJLMkLlClnDwnbnLmwLkLlbnrQrwrLNnsnsDBDcgmgwKnwnwLHLlwUcSwnLHNwcD
fkms0_si860,lyPUwDBDMtAMBFsPLkwLlByQtJwQnbLJUwDJwUJLlwlcFBcwcwJrnwUJUJUJLUwMnDBngngngaBeBtNJ
fkms0_sx140,sbnbLurLABLMiMIBLHIagcacLAJaIrcDyTyQwDBysLkwJLMIwQhwmw
fkms0_sx230,wucBcgeBySsvTwrLlhcFLQSIbnsgKLDcaFBcgagULgahaBGSMnrJ
fkms0_sx320,lwDwyrIrcUJwnmwDLucaLuwCsDcacLDlySwLNJUnwnwDcBSaLvAwDLkwJLMwDJUJ
fkms0_sx410,AuSInsLhgUJUJtInKLCwnBLATyLiLcSwyLhMkwsCFaGaGDwEDELC
fkms0_sx50,kMAbgmwcwJLMIatNwLALsgnwnwLADcmDcacaCcLAgcLHhbLAJwLSDwLlBbnLlcLHBFar
fmah0_si1289,gwncJtJUIbsgsQICICSwLkvyUJngnbnLHLabsbsGar
fmah0_si1919,wnsnrIQIyCwsPQvCwJKyCDCbsUJNJwsDEDLQhQmwnsDnJNUlLNJsnBmByEDCDaBPSGsUy
fmah0_si659,vywUJsJLAMIysywUJsFUwcBDBcFBPDcPCDLvTyGsmyEyLMzMkMLCwsEDLSCwUJUJKIsnsLAkwLmDnbFeFeBUJwUnBeDvyJLMAwPyvwDwnw
fmah0_sx119,lkwCDwnUJLAagcgBFBSBwJwPyLAIbLAMIrLkzLQSwLtBwDwLHaBcwLkzy
fmah0_sx209,lCagaDLAaBcLAaBgrILhwLhsbnsbLmIrQCSBSaBSBwtNLAIbsgsGaBaFDLJUJLN
fmah0_sx29,vbLmLCDLuIsLhkwLHsLAwLHsLAwctLHwLMbsmQwnwswUJUJUJULU
fmah0_sx299,lLJAJKJngLCQwyELvAIsyChwUwLHaLHwyPDmynrIagmwCrDvaBSBcBSByEDLDLDLD
fmah0_sx389,wlsGybeDrnwrwLhkywsysLvbaJwLDwrIyCFcFcLAvbDLMAMtyJgageagLkwkLk
fmml0_si1040,lCSCDaGgLlwnwDESDwPsPswUJUJUwLwAwEDCLkaecBcBcBcLzwLAwcDbnwDwLAJLiMisQSByDLksbsDzrwJBcLAiKrIrIy
fmml0_si1670,AbebLSDnFnBcLhwJLwDbnwnJvnFQwyvyvywnrLagvbJLMswsLAbaLwbsDyBaBSgwbsbvy
fmml0_si2300,CgcCclnrISBwUJULHtwJgLmwrJvJcagBaBtSBwLAnIybyacgcJwLksy
fmml0_sx140,vbnsmIrLABaBLiAiMIrIFBFLNHagamwnLAJnbrIbDCyDCwDcBywDLkJLMiwLhywLmw
fmml0_sx230,lcBcgaBaFByBSPSPBbsvsvnrLblnwLSISIebKwcQMvagbgUcaIaBaSgbrKJULU
fmml0_sx320,SwDnrnbJwDwDLuhkegagLDLDCsbnDagaDLhlhyIBwLNtQtNwDBcBcgLAwyELkwJLMwDCDLMLJUJ
fmml0_sx410,uIsLhgJtrKLCDaeIBEeLALATwyLiLzLSyLuMkbsnsQCBCBagEvEbwyEB
fmml0_sx50,KzvLvAvbeSmSnwcJLMababtswLAbnLAHbwDcgcaCwLMHMbnLvbnbLAJLSDwDLukaragLlcLHaBar
fnmr0_si1399,lLlncnJwJgsmyIwByswLuUJwJLNMwMLwnbnbJwLAbnDLNUMwLkMzMywysyncgcbnFBQrIrIDwcCLhcagBCQLlwnbnwLuaBaeCraIgsKwCDcCBPCbDCDLD
fnmr0_si2029,vwbwnsDcncFLMcQcLHAaLAbDCswnwDLJMwswvwULtaGsKJ
fnmr0_si769,lJwncFBwJgLzMwLkIgScwUNUNBwnwmaDLJzKwrwrLurLhaFaFaBaBFvLrLI
fnmr0_sx139,lwLhgcDELEucBFBcnBFSBScUJLHBbnJcCQcFaBGywJwLiPSnsmwLDlCDwnbnwDlwKrarIr
fnmr0_sx229,agsTywmlPBcLAwyEtaICLhHBgDEDCcnDLMAJtJ
fnmr0_sx319,gagcLhywLuaFcLMLAgAgLkBysLAbCLCaFaBLkUktNtIwlwtNtagCyarIrLCLQ
fnmr0_sx409,ywywLAMsyECJLHwCswDLiLCgLBysEDELEukvIyJwUJLMrIrwyLtQIraIgDLJUALBMwBcJtBsysyv
fnmr0_sx49,lgnlwLMaBagaBgLAcCDcCLMSaBanBtLMAMLlklsnsvSBcBvbLtiKnwnLhcBsysysyEy
frew0_si1030,lhIyEDShSyLkwctgarILAInrLALArArLJLJ
frew0_si1280,lwJKwTIaBLMIrJKIcacDECScwLtQtIrQcgmIaCBSBcBcJNLMkMbnbnLzJBywLtBaBcgBLHIrLMAMnsnLMAJKwLDE
frew0_si1910,vywyBwQLkwCLhuIyLNtISwlLlwDCgbgwgsyDEQLQkAvAgcbCLQLlhlwLDwy
frew0_sx110,lwLhbnJULSGwnLmBrIrDmwUJLJwcwJMaBLQnwLAJLMiIrLHIaLhBcCLCLNUJUJ
frew0_sx20,JKiTPSaBSaIDLtByUJUJUwPSBcwDcFQBarIaBUJ
frew0_sx200,SIBtLAkADLkMSISBlcwcJNLlMagaILHBgagLivLtScDlcCLhBwyLiMrLJLJUJ
frew0_sx290,lwJLthIrFKIKrULtLMPwLATrBywCDLHtaSaICwLAMkwLtIrLHIrwJLHhnsnLlkwyPLNLlhChgagr
frew0_sx380,SnLziIrIaILzDCcnDmyLtrwUJLUJwLMLuAuaILhwLULiLJUJ
fsem0_si1198,lLKwnvwywUvgagagwDyLDJLhcgrIwEDEDE
fsem0_si1828,bvbgKJByLlvlwysyUJwnsLmLDyvyLkwLkMJBsyLlhlBnsnwLJcwJKIrGaGFByswDLQvtnsnLQlNHBysyLmLmhknwDswvytIrLhkhaga
fsem0_si568,cCcvbebCQrIegsvwUwLAMABebgKUcUJLMJcageavgDcwcLAIarIcUJKLMkLUcacDCBCBagDSBgagaLBcnbnQNLlNvcgarIrs
fsem0_sx118,MAIcCLDCcagDcaDQywsyDEDLuIrsmwywbnrDLMJUJwnrDrcBCBaIgILMLHhHhBaBaB
fsem0_sx208,SIaLUJnbnbnLCLhgagILUlwLHagaDwnwLNLNJLMuwnbnLzJLlJwJLMIsLkuyJ
fsem0_sx28,lHsLkhlnsLklkaILzQtNtMtSOBcPScncDLknbgeacDcwQLMubeaeDJLJ
fsem0_sx298,vavacLunlcrcDmDcaCLhagLlvyKwPsPUJUJNJwnwDLmlmywywBlQcrwrLiGagILkMJLMLJU
fsem0_sx388,vIrQIagmwvbDLMbnbsLuAMJLSwDnQrIrPwLlLNlwLhIrnrICnLMAIrLHInwKrLibnbswDLUzwUJ
majc0_si1946,lcCBIBIBcnJSBcDELHIaLhBCSBcULhBgDFBFCyECDJBaBJNLHM
majc0_si2095,CgLuknbLkwswmwLDCDEwEvTyPymIPlwnwQLMPOrLuInsmwnsLziKzK
majc0_si835,JnsnsnBULSBCcDLiKwLHlwUJUJLMwFBDcnJwJnrIrsysyLlcmwLNJNlNwLmLkwtrDLCLhIgsbCDLkcwtJnwFBQFUrDCDwDLiKwn
majc0_sx115,SlynwnCLhlBcCDLkwLHswLAJwyLAIaLHBFBnJLcaBcwLuBncFBvLv
majc0_sx205,CIlwcBwLMnrIrsLHrJwDrIbeBaIrLAJLHcnLHwLkMPFLhbsnsLucQCICcwDmrcraILmrJK
majc0_sx25,caFBCDBswDBFaGnrIrUwBcFQCDwnwFBywDrKJ
majc0_sx295,wtLAbneIaBLAcBmCLJLMcCgaIaBLvLvbQrInsDKtIrClymwyEwLHMwPyPwywQLr
majc0_sx385,vwUKnFBLklkrtnBLMLMlsnUwtwLSrLhrFLAcwD
mbdg0_si1463,SwLAsbnDCDvBSBnrQrCbLAJwCcgJwLJMwLAJLHnbnbnLMwLhkwvlbgTywPE
mbdg0_si2093,vwlwnDcatrLmAwswUwcnBFCDwnbJLMwDCwnmlmclcSBnclwrLSwLicSPOwJLAcgcDwDLlwDlUybJLMwE
mbdg0_si833,vLHBnsbnJLHrJKJKJDcwDCcBJKJnBUKULCwDKiKwnc
mbdg0_sx113,gcCcJLMwmarInbLhkhwDCnwDwJLAOLktryTvrLhbLA
mbdg0_sx203,lwLAaUJUSGybwDLlwmwcLhIcLHBywLMlMwKraIrIr
mbdg0_sx23,JlcFcULDCyUwKwDUvaICcCDCDcgJULDCaIQcBcUJLtBywLy
mbdg0_sx293,KLHByKJLMsLuUlwJLMrIyLAMsLhBLABagvgLMlclwLAByDyTrUJKtIrCy
mbdg0_sx383,lwLAaILHwLAByCDwrKiwnbCLHwPLmumcaLIrSaBaIywDcBaBIna
mbns0_si1220,lsysaBJBFBSgcDCcgcDyLHInJLMyKUwDUJUwyLAKTPrLkzwy
mbns0_si1850,lcLluwLmkwCaIFLMyTPQCgacLhBaGaGsGsy
mbns0_si590,lHIwLzwJLMcDBcBFBJUcDtwnrswUacDlcCFJLAaCcDCDCnLJLMlwLUlcQIrIrLAIaJwEDLJ
mbns0_sx140,sbsbngLurwLAcBLiMIrIFBLHIaDmlBcLAJaIrImcgcDyQwDByLkwJLMIPwLhwLMwLkw
mbns0_sx230,lcFBeBySBsvyTwrDLlhcmIbJKDcSBgagUaBsbnrIrJ
mbns0_sx320,lwDTwrJwDwLuagaLSCDCsDaLhySOcOLNwDCSaBLAvyELkwJLMcwDLlJ
mbns0_sx410,AuInsnsLhagUJtInrKDwcaFBFLATyLiLSyLkwsCSaSIDwE
mbns0_sx50,AbnbnmLmwJLMIatwywLATyLAwDaDCwyLAgcbnLhbLAJMDlCwLuBnLlcLHBSrIrArLA
mbwm0_si1304,swvTwPSwJUwLAJLHhcFPUJUJLMPBcvagmagLhBcBagacaJcLQlhyLunJKLiKwnrLB
mbwm0_si1934,SwsmBwcBFSagagaB
mbwm0_si674,lwJwJLCDlwUJLHhsnLMHswswmrLAMAMnsnLhHwLAJLHrIrsybwCLMJLlNnLQLIwScDwJLMcLhywLHLAwJLHwDLv
mbwm0_sx134,lkMkwJKJwnwCLQhrwEDLDznbsbDwSIrDcgJLCcDJLJcJLJLHnbnDLkwDCgbCwyE
mbwm0_sx224,vbcQLuwmwyKrwDLkrIrDLiLJ
mbwm0_sx314,JLHhHysLHBSaICaILznDrwKJKJwrLhyLDwnwPwDysLkMtIrSnBtrnr
mbwm0_sx404,haILhrDLHsLHrIrwDwDlBQcByLHJwCLDwcLhwLhcaDtcagar
mbwm0_sx44,lHlhbJLAwLHaBLAwDLhywDwDrLAsmCQCyEDJLHhaILHLvLv
mcsh0_si1549,TzFaBKJKwmwcQSBcLDCByLkwPcGcgLMk
mcsh0_si2179,SDCgbDCclwrDmDwnrQrSaLMJMLCwyvy
mcsh0_si919,cgagaLQhQlywUJKJBsysQlwcLhIgmkcBLHsnrvbnUDCwDywnwLzncnJLCSCBcLiLMwcCsLlMwPwlwnrDwPwJwLAizPSGsKzwD
mcsh0_sx109,vKyUKBnwnwLMkwDJLHhagIsyDvrIsELABFaDClCBwJKJLMkyLMJKLtKaBcFLHc
mcsh0_sx19,lcgFcFBSBcPFCcmDlcCDJFQrSnrLAnDatcDCPLhytBnDCDCDUJUwyTyvy
mcsh0_sx199,vTbncncDQLKiKiKwFBFLmrDKwmwQCQSaGmywyLAJLHhFwyKrLMPLAwDLMsLzwPwUJLJLDlwUKUyUwmBwUJ
mcsh0_sx289,SnlrLHIPtLCLuacFBSBagKwPwUrQrIsysyTPUJNJltBFBaSGwDJybCmQBvBAB
mcsh0_sx379,HsbCPDLkmuwQULMkIgQyCEDSBcgsngnJwDUncDLtHtcrULzkzywyUJMk
mdlf0_si1583,JtIrcSGcDJKIbmrwLABSOwUcCDSGcUrIrLAcCwDLkwsKrwDCDC
mdlf0_si2213,JcCLhCcmySOQNQvwDyDcFQBagJwPwPwUJUJ
mdlf0_si953,vwvwJLMaIgsgDUwQvnLMPCIyUwDUtrLHIrUJwJLMyDJaFaDEDwDnrDmlncnwJLMwLuwPsKwDCLJUJ
mdlf0_sx143,lcwJbeDCcQLzwDrtIrULhTPmSCSBPBJLAuwnrLkynarDLMHMaFcFBaFBFB
mdlf0_sx233,vagSsybDtIyPsmDCyDlBwJsCQtJnrnrDE
mdlf0_sx323,lkhlctaILHIrQInDwDLknwCtIcCaFIgQyDaIDLtLHMagrCD
mdlf0_sx413,lklknbtyKJLSBymyKDymBLNtaGwDLJLAuaItICbLiLMIrtKJLMAr
mdlf0_sx53,TwyPQlwmDwJcCLHhBcDQcBLAbsmrwBrIryLAwDLMAMsyDUJLJnwcCLhaBJ
mdls0_si1628,lwJUNLCgvnbnwDmBsnsLzirvTywCQtacSCDLkMHvnwClwmwDwcQlUQJUBaILhHBSBnsy
mdls0_si2258,TPwnDmcvarIsTyEPSarIDmTwywcBt
mdls0_si998,zTwnLNsLNtrIgQNceBamlnwD
mdls0_sx188,vBcBaBagacaNcrIagJyncDBwnDQBwmnwDmwywLAJLHnDJcwLAbeBeceB
mdls0_sx278,MkwPtIcGFlrsysULHtnJLMyLzKTyPyLAsKQwDBysSIyLkMJNcBcSBaBJLMtyLzaIDB
mdls0_sx368,SBSaFaIBSGUJLAagaJLMywPQCDymwLhBgbgLuBcFQJLMLhyLAcCLHMBsywBybnBwLukwkcLMLM
mdls0_sx8,vSgTynBFSarIsyFBLQLQIrUJwBygagcDCLCJ
mdls0_sx98,AkubnJNLlJlwLABnKJKLAiMwDQtlcClDBybLJr
mdvc0_si2174,avgvLvKnacmcneBaBLHLrLvyUJwnLk
mdvc0_si2196,vcLHIrJtIngKwDcnQLhIaLDCDywJULAuwLmkwDwbwDLAecCwULDCagDcScUJwcDLMwLhyJLDsysUJLMnbnbLAMALM
mdvc0_si936,gLacacBFBgagDysDwcDBgvaBlwcLMyJLlDCsLMsLAwyvTwrIaICaSaIrIr
mdvc0_sx126,aImrtwrKcFBswDLMnBcLznwDLMJMwUtrISIyBaB
mdvc0_sx216,lwcwJLCaBLhBaGgLHcLMcSIaICBaBDlcvFcLA
mdvc0_sx306,gbLiKwnFUcDCwQtKTPSPLhyLAaBaBDCLzbDraBLMJ
mdvc0_sx36,acaFaBwyDlwcCaFBJLMcwLAaBaBLtLHBsKLKwLawaHaImwnJUJLcLMsDLHBaLHywBnrIrmwy
mdvc0_sx396,lwtwswKLHhyLubDLMcByLhHtIbDwnbLAByamDcJrtwJwQlcwcwJLCaBsGsLAy
mers0_si1019,lLklhlhbnCDlDlwPLMPmlQwLAbnDLMIyvyLvSrKJKtIrLkMPwULHcFBFLIwDJUJUJ
mers0_si1649,vwLJcwctIcCDCgbeacaLmwyvyLTvTyTywDcDeBcvFBFB
mers0_si497,lwJLHhSgBsgmlwUSaSgbebCLziJULlcLHcLHcNJLMcBFBagLlwLziKzwFBQkmrIwDCLkLkLvwbCDkarILknLAIwmkwQbLAJMJMwvcD
mers0_sx119,lcwDCwJLASaFLSwUKrIyLMIbLMwMwLkLScNcDcCLHaBcLzPyvy
mers0_sx209,CDCgLABLAcBnmrsFLlcLhnLkIrCSaBLScNLAIsbBcDlJU
mers0_sx29,vecLhLuInsLHlkwcLHwLAwLHbLAcLHLHwLHAMHsmwcFcDJ
mers0_sx299,KiKwnswLQIwELAIsywCDwDwUwLHaLHwFBrIrIravgagmwcCacCDCvbeBSBSyD
mers0_sx389,lsbebeDwLhwswLuvbeaJULyTwDCDcwrInwCgFLAcwbLMIyJgcngbgLk
mgjf0_si1901,tlLNLgaFcFSaICDCLHIyUJLMBsmwLAIgagJLMwLSCPwQwEDETywrQBgLASsrIQLJUJ
mgjf0_si641,tLtLlABnQrcBSBgLMJaCEJLISrIrAcFQcBwyLAFGFGaGaIGysysELtMKIbgKLKzwLzLAJaDBEJLMcBwvmcBLMPCcFnBcLzkzrQCgbmwLA
mgjf0_si776,wlMwmDagacLMIrIagTyaIDLMwPyLMiMbgsLJvw
mgjf0_sx101,NLNLAwDrDuraImDLziwPaFLMzwDLknLAHrIsLMrLABbKJKrCUJKtrIrIFaBvaBcmwnsJUJ
mgjf0_sx11,vyPSaBbeBerInrIrBSBgCLDCD
mgjf0_sx191,SwJLMIaBeaBtcFmDybLAvTyPUnsKDUwLSgaIDLJU
mgjf0_sx281,lJLASIywDLiMIwrKLHBsLMbLuASwNLHhyLiLHaBJtrIgbaeaeIrIKJU
mgjf0_sx371,JLSIbsgLDCDbeCswmDmcacabLHhymQlwLhnJLMbgCtCtHrLhwUwJLMIrLzrJU
mglb0_si1534,TwTwUwLhwLAncUcCcgcgcJLJBacQcCQBwnDnJNLlwOLklwsvnrnLhuIcrcUcCgnJKJtwsyJ
mglb0_si2164,lMlswLAwnrQTwJcBNlbD
mglb0_si904,vyLHuwnrLmwyvswnsnLmkmMwLEDELuInbLkwUrInrQrcLuMIbgbaLAJLAwCwnDLkwLzQzTyPwPOcOLkunDLhcBcBFB
mglb0_sx184,lwLAbLJLCybeaBaBaBFaBFBSwUJLvrLJMJLhgTywrwLJ
mglb0_sx274,lAcABwQtSBwJwPLlNLlhcmDlcFBwLzrPywUJLDCcJcgagvgKLKiz
mglb0_sx364,lLTyLinwcDCLMgbCBywDLMAncCBaBJLABFGacDJcgcmwSLScLNwcLhIsLlneacDmDcCQDwyTvTyLmTyEDEJUJwJLJMcCLHhaIwLAMA
mglb0_sx4,KzwsDLCsynrDCaIChcgcmDwCLhHhcSILAwEDEvaIgILk
mglb0_sx94,vTcCDJLJMwUBcFtLAucacCcCDCULMAsbDLkyUJLMiIyLMJ
mgwt0_si1539,tJLtNJtwJLiJLHcBCaFBLkvbwCDbUzUyJKJLMkbsLurLtaBaIrIrwLukMkMk
mgwt0_si2169,vLcLMiMJLMsnrUzwDLhwUJUwLNMAtyLiKIeberIswEDEDBgagLArIsysyDLkIbagabaLMHLJLklMHbmrLmrQIbeaCDLkvrIwPcCD
mgwt0_si909,JLMLkAucCDLHFBJKrIyrIyLMgbgbgrICwnDLknwLJwLAJLAyLtgagLQlcPBwPCUJUcaDgvarIgUJUJUwcDLCE
mgwt0_sx189,lkwJLMIaGsnQIytJtgbeQIrIyBsmwLMcCgDLDagamnLMJ
mgwt0_sx279,SsbeBcUJwUJUJwcLhnwBwLMAyLMwcSrLSwLNbaeLiJPwPcLHrcQlswKzwDLtLtLNLNLywywUwDcFBLukSIrwLlswyvy
mgwt0_sx369,hLhgaegaLHsLHrmcFLtQwcLlcFBwQyECIrIwCDTwrIFaBaBKJiJ
mgwt0_sx9,JtNtLSlScBvSBrnrnrISrIywBSBQvBSBgbBSBySQIrIFSs
mgwt0_sx99,CyvmywQcJwJgmySBwUcLDLhwsyJLMagaDcvgnrImIbrILAyJ
mjar0_si1988,vgaceBUwUJLMIsgLMATyTPSPBtaBrItsnrCrD
mjar0_si2247,SwyLADwJwDmByTwrKwnwQCLQ
mjar0_si728,kHFBFLJybCLHBUwDCwJrIFcLHMNMtIrLMaBQUQBCsnDwnsnwnLJLvMnIswDceCvwDEDLABSaSBFBFB
mjar0_sx188,vLvSaSagaJtNrIgUywcDCBcCwDmwnLknbnLAJLHcncDJwLAgcaeBFD
mjar0_sx278,MwtrIrwrwlrswUJLHrwJLMyUKzvzvyLvyvywLAsKDCDBwyrIyLJcSBSaBJLAMIyLzrDcFB
mjar0_sx368,lhcaIyJLAbagJLMwCDCDCDTywDLkmkwLhBbnLABcULMwLhyLAcCLHByBycBwLunD
mjar0_sx8,SgTycaBrSrIsyFaFQrKJwnwFBybgmcCDUJUJ
mjar0_sx98,ubJwLASGgGgKwDtIcCDCybDJrD
mjfc0_si1033,lwtLhkaILAsCLlwsSwOwLlLBwPUJULIr
mjfc0_si1663,vTDwywyLNtNnaLADvyKJKJKvJaFaLHnBtsKJUwvnmcSwDLDknFBvFB
mjfc0_si2293,lcFcUSIrJLHhInKLByQmlcSGcDUnmaBclwrLuIFcCDcQLztJLBbnbtLMlnbnLmBneBmwJLM
mjfc0_sx133,hHTyLMJiMiMrIywUrIrLAwCDvyDCDwDLtIrLAIwLASBSacDLiziKiz
mjfc0_sx223,hHSOcOLHkwcLhSOLiIrLhBaLMsLhBwDwLurIaLziA
mjfc0_sx313,vAMIacaLtBgLtaIDJKJKJwDBwcLhaLiLHhHcQtaIyLuaGaGScneBLC
mjfc0_sx403,vLIrSaIrLhIrPrLQLAcDJwJwcQBaFByKLAMrLiIwDLhBnBFJDwUKUJU
mjfc0_sx43,lLblcnBLkwByLHyLQhBaIaBtwCDwLMJLABPwLkwLD
mjsw0_si1010,lwJcFBLAaBLDQnLiJwcSBCagQIyPwJlcacvarIrLkwnbDcwJLHhHrIrICwDQLlQlysLuAJgJLMkLJyLky
mjsw0_si1640,vAvaecBaLkwLScwDLzaByEDClCwDC
mjsw0_si2270,lLkMacLuAJLMkwPwLkJcCDLlMkMywELMcBScDUwLyTyLucFBFBFB
mjsw0_sx110,lcLhbnJLSwswmcBbrDwJLlMwJgaBDBQNlnbsbwLAJLAMArLHIaeCLhBacDCUJUJUJ
mjsw0_sx20,KyPSaISaIDCDCtUJtUtJByJySBcDBFBQvIaBJUJUJ
mjsw0_sx200,SaIbeBtLAwDLMIFaFBwJLMaLHaSgaLMiMtcwcDcDLhByLAMrUJUJUJ
mjsw0_sx290,lwJLHrIrnQtKrwJLtIwLMswLAPcBywDLDtaBaCwLMwQtrLHIrJLHMnsnLMwQLhHhgagbr
mjsw0_sx380,SgLMinrIrLzDCcgDmytIrIrwJncLzLhugbabgbILChIwLzizLvLbsLgwLw
mmdb1_si1625,vyLDCDwyLAJLuhyDcDLAcFLtHQrLmkLhB
mmdb1_si2255,vyJBaBcDCBreaegcLkvbgJLMHMStSaIrIrLkLhkhcncLkIwPBcCDLDJcCDLtHtwLtLAMyDLJtymwcSBSnsy
mmdb1_si995,swbnbsnLkwNtrDLMkMcgDCDJUJyJrILkwULHAByLABcLlBcLhuhAHABSnIBywmrLDwnwnDmwUaIFOLAwDwcwJLMLw
mmdb1_sx185,lklkwLzwPcLhBgsbsbDyLAarImIrGsmBmaFaBFBQIrIBaBaBJ
mmdb1_sx275,JLMklyQtQtSaIrIrFILhIsLIcnLAsnbnKIwrKJKLSBnmrbLk
mmdb1_sx365,lwyLAMcDCcDwLAnLlkMwPwPwULltlwLMkwcDwLAaIrmnbnDLAkcDCLHBGwGwLuMktvtIrwNMISIygaerLUJU
mmdb1_sx5,lJKywJLNLlNlwDrwLlwDcBywPwDCDv
mmdb1_sx95,TyLuABSBagaDmDBwUJUwDmDwbnBwLAymDmrUJUJKnsnLAMIgbcLHhywyLABLQLIcnLMbcgBUJU
mmdm2_si1452,lHFGFBLiMIryLSIyUaFBLiMJBcOclQmwyrIymLmyKDLMnbJLJLcLMLNLHFBLMIyvnOLlwDLASGLJMwLAJnbJtaB
mmdm2_si1555,cwJByLAyQSaGyJLAswnbnbDLJMJMrLkwcwr
mmdm2_si2082,vTrLhaGInBywEmDCDbnBLAsbsysyDLDyTPDP
mmdm2_sx102,JLHhwnwKcBLMbnbJLAtHIaIrJScwULInJLATPDPvaJcwLzPwULcCLNAvAywLDncacLHrUJ
mmdm2_sx12,lSBaIamCQSBwmDSryTwFBFBQBwBwy
mmdm2_sx192,JLMIagavbLJMJraraImcQtNbKwDlwJKvyPTwr
mmdm2_sx282,lwLMPtJNJNtNtrIrytrLuAuaLMLAcFcCSCSwEDLEBIcgLzIrULMPwLNtncFcFBceFLE
mmdm2_sx372,lbnLkhbgLuInDCDCswLAJnDJUvBSaGSBybtLMAIrCcLMiJLMJncmy
mmjr0_si1648,vTwFaFGUwJtrnrIrBywCaSaILDCFLMbBFBLSwJNJLAaGmsnwnLhwmwcQcBnLMLABQlwJLHhBGgsyswCDLQtIaCDCLM
mmjr0_si2166,SDBcLALJLJCIyvkmaILkLJBaBcCDtBSaFcUJUJ
mmjr0_si2278,kLkzuTwyPwLMsLAJwDUtagLHMAbegaDPyUJUJLAMPCLhbnmLkUDIrDCDUJU
mmjr0_sx118,lkcCLhSagDCSaSBaBaBQlBwywEDCDLQhIrIrIyvwDCDCUJULgwbvbQBaILzcLhaBFBFBFB
mmjr0_sx208,lhIamILzJgbncLHhHagmlwcLHamDlNHLkLwvDCUJULHAunLiJiLlwJKJLMIsLuTyJ
mmjr0_sx28,hknsLELQbnLuIaILHtIrSaSaScSDCLkubnaBmDcQLAunbJ
mmjr0_sx298,cgcgLuIbcLlwcrDaLHhHagmyKTwPrwUJUJUJLlnDLQhQyTyTywFaFBQrLMiIaILzKLiMLM
mmjr0_sx388,vaLrvragsgKmvsbDsLAMAJLlSDSDCbnQcLhcLhrbrarICnLMIwLALHInrKrLiMInbwnDLzKzwUJUJ
mmwh0_si1089,lLHrIvbLiJNlwDEwULvSIyQwDSaILKJKJLNlnbnbD
mmwh0_si1301,kyDJLAwDLDtNtaICwDwDCLHaSILDwDLHhHhIrIwywLzLHwLMSByDwLHInUKUMwnwDLMwDwctNbLAcBLMwy
mmwh0_si459,vytrwOlnrLHIrLHIcFrULAIbDLAJcncQlQlcDcDJUzJLHnJctBgLzJcBFBeBCDLHtrLAJLHrCncDLAMHBvaJLHhcmBJ
mmwh0_sx189,wKLMIrIgsnwIQIytaeIeIcBysmsPLMwDCgLgaBaBamwcwLMJUJ
mmwh0_sx279,gvnveBJwUwcLhnBLMiyLMcSLSrLSwlbeneBLJwPLHIrLQlwKwDwULDnFcFLBSwLNwyLy
mmwh0_sx369,hcBlaLHsLHIrLmncFQtQtQrwcBQBwQwErIwCDCTyTyarIrIBFBJUJ
mmwh0_sx9,SrSIyTPSaBFSBwSBrSBnbgsy
mmwh0_sx99,SCDwLkyQBJgmsysySwULHhwnsJKJLMFaDvgagaIraILAwDTyKJKJ
mpdf0_si1542,lwtJtNJNyLuSaIaCyKPIPrwUJULvwDLDcaLQlTwJLMwJKIwPLHMHnr
mpdf0_si2172,JLMInwELtNLHhyLunbnbDCLMDwUwnLHcLHhlcwcDLkbeneBeIDLCDwrUKLiKnDcnJLJMJU
mpdf0_si912,TPCsbsbCsUJKwPwJnFaBtwDwLAaSaIrIwBCbLAtAtaI
mpdf0_sx102,JLHhnbnKBFBNLMbnJLAtaIJwULInJLAMTPvaJLMwLzwUJUJtvItIcCLAwLlDbLHIrKJ
mpdf0_sx12,SwBPBFQIaLkcwDPSPSLSwnrImLrAIrcgsTynBcBFBwBy
mpdf0_sx192,JLMIamvbLJKrIagaBamwcQtbKDCDCvCwJiKTyTwr
mpdf0_sx282,lwLMPyLNLNtNtrsrsLtrmLubacbaLMwLAcBcCScDCIaILzPwrwUKUJUJLMPtbnBcaeae
mpdf0_sx372,lbnLkagLuInbCswLAJwnbnDCDLJaFCsybnbnQtLMrCcLiJLMnLmy
mrcs0_si1223,lwrIsnwsLuAcFLMLMLMISIbCQBgLAIbCLQlwcLJMJ
mrcs0_si1853,lncJULlwQlQwnbnDJwLArLkywbnwnDlswLMlwDJLiKsDUDvUwDwLHvwrwDLJLJLwLvwvwnbnwnDTPSwDUrQIagQLMk
mrcs0_si593,lBwyLAubBcDLkMkvbtJwmyvTwULklknagEkcmDwDJtLtyLAMAk
mrcs0_sx143,lwJgbgbeCDLDkwLznwDwcLtrIrULkhyTPQLuBJULAuwrLklybDJvBcFLALA
mrcs0_sx233,vgDSBnsybwnDLkMtIySBwsysDLDCwyDCDlwDJbsDCDCtNtNlnbsbEDcE
mrcs0_sx323,lctBaDLlLHIwQwbnDwLlnbnCQtIcCrIgmQlywEkaDLHMgagvwQC
mrcs0_sx413,lMlklwbtLDyUJLSBymyUKLDCDyPvBLHBaGaSwGLJULAagarItCbLiLMIrJLArLMk
mrcs0_sx53,lwyQwDwJwCLHBLQBcOcOLAsnbLmywywBwrIryLAwDLMvMsysysDUJwCLhBJUJ
mreb0_si1375,atwnQDQLDLwkhaeaCDwLJLUJMInJwCLHSBSBybwDLkwLAswsLMwPwJInmDmrIswEwLDcFQwLMnDLKiKwDEaFSaIywCFLKwDCLC
mreb0_si2005,vTybnwLlcBbntLMIrywDLQhagBwLlswLAyELtIwCwnFsybrIrmysyPSwLznDLHMBFQvrswDLkMkMaIwC
mreb0_si745,lHIgFBFBQhaILMnrnLJLMwUKzTPKQIraB
mreb0_sx115,lybcCPBPcCLkwLHsLAJywLAvIaLHtBSBOwUJcJLaBQLQhHBSaFBFB
mreb0_sx205,ClDFBFOLMrIsLHIrUJDnBeaILAJLHhHhnwLMwLMIaFBLhbnsLuncnQCDCDCrwDraIrLUJ
mreb0_sx25,aFgCBywCBFGsnrUQLSBncFQtQtCDCDCsTywDwnrUJ
mreb0_sx295,vwswtLArIrIeBeLAacCUJLMICageBQLBLvLvbenQrIswDLMtMtLtIrIrmCymyDETwLMAMIwPwPrwrQr
mreb0_sx385,vsvwKicFBLkrtnBLHMnQUwLtwSaILhIrFLArwD
mrjm4_si1489,wbebDCmQcBaJLAPcBDBLCkhcwJgbDEC
mrjm4_si2119,lywDCUJLMwswELMwLkwJcLHcCDbULDwDCaFBJLM
mrjm4_si859,vsDCDagDCgEDLuAwDLMrLhywLMrLHBgbCyTPUKUKUKwySabLHsnaeBtIcCDlcSLShSrLrLAIrIwCLkMvnFBIrIwLzMzMvabarJUJ
mrjm4_sx139,lcCLhacCLucBFScJLHIBcUCDCByJwLiIPISIsmwLCDTrLlwKrIraIr
mrjm4_sx229,avaITEBOcOLAyTyDCDQHtaBaICLhkHaBgacDcDCLk
mrjm4_sx319,wvwLhyLunwFBFLMagagLmBybChBLkMrIPwPLlcwcLtIaICIwvarDLCLC
mrjm4_sx409,TuTymTyDUJLHwDywUKzLCagECLhyCLDHLHAIyKJwJLMIbLCaIgaLATPaFJSwvyD
mrjm4_sx49,vbLHMaeBgmacDlcLkMkMIaBJLlkNlsnsSOwcBvBwgbQKwnrLhByE
mrjr0_si1182,lhcnmcnJLlLkwtIsnDLMziKyTwsLkwtKJtTPcFLklyUngLkywnUJUJ
mrjr0_si1812,TwLiMiMirImnwnLkywUJUDncFLMgCDULtaIrwLAIwDCwDwysKJDwDJUJUJ
mrjr0_si2313,SlSBnBLkziKziwDTrLlkwLuDwDUKvTyTyLMaFBCBlySagDwLkLvLvbnDCwULMIrvnbnDvrIyLkwLDTyTyPQwDLzkzyPwlQbeLacLABSbeB
mrjr0_sx102,JLHhHhbcnJKJBLlMbJLAtaIrJwUBInJLAMyTPvgaJwLkzwUtrcCLAswLDbLHDHrJU
mrjr0_sx12,SwnBQIaLmDhwnDcSnrbsTycaBFBFBwcByvy
mrjr0_sx192,JLMIgagacvbLkMJLJaILrgcaeaDmcQtbgbKJwDcwcwJKJTyTynr
mrjr0_sx282,lLlklwLMiMiPyLNtsnsnIstrLkagaLMwLAcaBCSBwDcrIgagLkzkrULMwPywyLNtNtNnBgeaLMc
mrjr0_sx372,lhbcnbcLkbgLuIbCsLAJnbDJUScSaFBCBybtLArLCgcLiJLMkMkcmwyvy
mroa0_si1307,lwJUJwUDcFBDwQwULMAIBcaLtJLCwsKLDCaFBFLDwDLMLtHvLyLD
mroa0_si1970,lwLAIPOwByTDwLkwDctcFLlLSLSLSwlQwDwCIyELMAMLMLMPLkwLkacacIDcwUwLtLCcBSCDwcFBJUJLJLSIrIrIneaeCLl
mroa0_si677,MCLHIrSLAIwDULADCLhyEDwFLmkmwLlwPBFBFJLSrc
mroa0_sx137,AMIrLkwKDIrPCBLASaIrIrULHIcCcFBaBFLHIPQSBSBQtIcIDLIwPyLzkLHCIrPLAi
mroa0_sx227,lwLJvJwBNUJTPrLkLAOLASLlNncBcLAKiKIrcCLQIrI
mroa0_sx317,lNwLAInbCLhIrIywLhFaBFLhTywLzULQIrLHIwLkyPCDCcaBCcQCLC
mroa0_sx407,JLlSBngcbctNtNtLlhInsbCLMJLwlwDJwswEwtJtaILiLDCJLCgaFBULhHaIDEDTyPC
mroa0_sx47,CaBCDLDJLAIaEBSwyLkwJBgLALJLJMnbnLHLMcFcDLKzwDPrQLAUKULU
mrtk0_si1093,SBcmnBFCcwcUJwnwDQraILhyvsQwrvarILukwUJgagJwyt
mrtk0_si1723,wvwDwywPSIbgLhywLukIrwJNLMwLDhDwnwDLtIrIwPCDcFSaSGar
mrtk0_si1750,tlAwlUvTywywCbJrsbDJcnFBQtLNtywywQlwmDCDCsbDcaDCDLlwJgLlwcQLQAHAHAHIgCwDwJLMrJtwsr
mrtk0_sx103,AaDnbChIwBcFDUJtrCnDmwLAaBaGaBJwJLMcDJ
mrtk0_sx13,JLIrSwyEyrIaICwJvgKwPLAsbnbnbDCLDQD
mrtk0_sx193,SagabILhQBagmDracrSaGIGwFBFSwDTyFaFBFBSGyLJUvUTPUCBagDLD
mrtk0_sx283,lHBbDCLHrvrIrDvnFOmraImruwEDwUJUnsKDCDJLtHICcFDLDChIrJNJLAwDLMAIcvcBLB
mrtk0_sx373,wDChCraIwEDcaCQBFBGOwOwUwyPwJwLHrLQrDJByLtsywELQHvnwDFwBSB
mrws1_si1130,vKiKiwUlwywLAJvnBmrIrIrIswyEuInclNwQtLMsnrLICDCDacaFBFcLzTPmlnDrSaIDcJUJU
mrws1_si1496,bHbQLMrmlbcLDLhlhgBFBcQJtLScUrwLuAUJcBaBaFBLMcDLkSByUwy
mrws1_si500,lnvrCaIaIaLNtyPwJLCDwrCDtcCsmybnLAJcDwswDmyLHIgImQmwmagJTwrIywyJU
mrws1_sx140,baLurLABaFBLMiMIrFBLHMAIamrwLAJrnmDlyQlwDCByLkwJLtMIrLhyLmkwLk
mrws1_sx230,lScBgeaegeByPSnsvTyTwrLILCISIOrmInbvKLcBagUaBSBsnrKUvUJUJ
mrws1_sx320,lwDTwrIrwrJwDwELuagamILECswDcaLHhySOwlNvNtNwDSaLAwEDLkwJLMwLSLJ
mrws1_sx410,uauInsLHhagUNvtrInKLCDcFLATyLMLSwyLkMwsICSaIDmrwrCDCE
mrws1_sx50,sAbmbwnJLMHMIacatwrwLAyLAwDBcFcmCrwLAcgLlbLAJLCDCwDLABcnLHlcLHBFaIr
mtaa0_si1285,JtNtNtwsbnwCBywPSIbKJKLCDwyDLHaBLlhSBwSBcLhyEDncnJrIryr
mtaa0_si1915,SlwSwUNlBsnrlwLiKwyPSOLkvbvbebtLMPywDagbgLMIrIyEDcJyTwsKDLlklnsLutIwLuwQDcJ
mtaa0_si596,SagaDlwyUJNlsysKytPwBFBswLAwDCBCaFBFBags
mtaa0_sx115,lwLawnBCBFcDLkcLHsnwLAJNBwLABaLHBOcJLJUJaFBcLuBcFB
mtaa0_sx205,lClBFLMrIrysLHrUJCDcaBaBaILAJLHhcLAMwLMPOcLhsLuacFBQrCBwLShBaSGBGOmIrLzUJ
mtaa0_sx25,SBaSaFnDBwyBFBFGsTsPrJtSBFBFLQlLlDCDwFBsyTwDnrIrJ
mtaa0_sx295,lwlwtLMAnrIBLAcClCJLDCBaIFBLvgagbcQrInsnDLKzitrwCBymyDEDwLMPrPQPcLB
mtaa0_sx385,vlwKiPBcBSaIrItaFaBLlLwlncncwUwcwQtrwLSrLhHhBIBIBFLAwC
mtdt0_si1994,JcPaFBtaByULhwyPywrULSOcOULkwLuwLCywCLlhwnLDCbsbDTPLzwJLhnDcBcFBSamcQCBagcacmy
mtdt0_si2254,ASgbgbgBFByvyLkwLMIrLCQCcwDCLlkctaGFBaIr
mtdt0_si994,vrJKJLMncmywQvwUJLMIrIySGScOcULHIrJwJLMcDCBSByLHIrJKJKJwPLk
mtdt0_sx184,lwLAwsnbnbnLJLCIybeBagGUJwtvMvMIrLiLCgTyTrUJ
mtdt0_sx274,ABwOwtNtSOcOcUJwPOLlkcLhcmcBcLDUKwrIywJLcLCcJgagLKziz
mtdt0_sx364,TyLizcDLMgwCBywDLABcCcSBaJLABaFGBFcaUJUJgmlwLSwLNlNwcLhrwyLhlknbecDmcwcQwyvyvyTyTmyEJwJLMcCLHaILlLD
mtdt0_sx4,lDLznsCDCsrIrDrCaGaICgmyLhBgcSILAyEvaILkwkLk
mtdt0_sx94,TncCDJLMIPrULCQBcFQLAaeDCBcwDLAMAsbnDLkhyPwKJLMIyLMJU
mteb0_si1133,TwywLAbnDLHIrLznbLAuABaDESIsysDLziLHhHMuFBUJtaIrLUJnbeBt
mteb0_si2064,vyPwULAuTwtLMswLkcSBSwtNsbDcScaGbFvCbEwLMPwUcDLvLbvbDcLHFlLDwPDcFcBSFBmwnrIrtrScDsnDwDPFDlBDwDTyCPIsUJ
mteb0_si503,lkhkwnrIyBaJLMPTwrTywnrLrInsJy
mteb0_sx143,lwJgbeDLkwLznwDwLtrULDkhyTPQlcBJLAuwnrLkhybDBcFBcFLH
mteb0_sx233,vagagaBSGsyTywDLtySsLCyCDCDwJbsDCLNtNnbDgbsE
mteb0_sx323,lwctaCLHIrQlwnDwDLknbDCDCLtcCrIgmLwEDvagagaDLMgaeagC
mteb0_sx413,wkubtLCyJLSyLmywyKJKLDCyLmcBcBLHaGyLJLAuaBaILtCbLiKiKiLMrJKJLMAr
mteb0_sx53,TyTyQwDwJcDCLHBQaBOLAsbnLQIywyBnrIrsLAwDMvbsEDJwCLhBJLJ
mthc0_si1015,vnsnsyTynbnDLHbgKirIrIaILQlBwynclrLizPyJaIJKwUcQSBSBagLNtLJLMBaLAtyLk
mthc0_si1645,lJcLziKULAaLMcCwPwUcCScULvAcCLMHlByLmBSByvcDLzcJLMctgagLk
mthc0_si2275,vwmkaBLkwLkhBOFLAtlNrIrytwKwDLknwDKwLMAztKwsLt
mthc0_sx115,lywCLhBwDCLDCDLkywLHnLAJLNlwynLAIaLNHBUJaBFBwOLhuhBPBFB
mthc0_sx205,CDCDcFBFBcOLMiznrIrsLHrJwDnbeBvaIGLAJLHhcnLMwLMPFLhsLuFQIrCwDLkMcSaSaImrJLJ
mthc0_sx25,SFSFBCBysyQDBFaGaGrUvUBFLCwPwFBGywDwnbnrIrIQIJULB
mthc0_sx295,TwJtvMbnQmcBFBLAacCLtJLMISaIBvBLvLvbQtrIsysyDKJtIrLCyLmyDwybnLMPB
mthc0_sx385,vwKFLkcrtnBFBLMnUwtwcSrLhQhrIFLAwD
mwjg0_si1124,lBnLmDyLAvSFGBkMvwCQCyLNwDESaItBFBFBwyLtIrILvwUwDbeBcJwJlwUwDCLHSaSILDLMCcgwLlNlwywEyC
mwjg0_si1754,vTyJngLlwLAIysKUwLtLtSBSBSBLvbLNLNBcBgnebgaga
mwjg0_si494,lwsLAJLSBFBQBwywLhLhByJULMAtBScDvbLNLNtHtbceaeIrBFaFaDELuIr
mwjg0_sx134,sMlwyJnCQIwDLznbgDTySrIrIsrsLAaIcwDcgJLCBcDLJLlMwJLHnDLklwDCBgsbDwyEy
mwjg0_sx224,vceBFBLCLuAuBPwlmkwLTywyUzKTPwIrwDLkPrPrarIrwDLJ
mwjg0_sx314,lwLNHyLHBSBCSaSIwLzizKncDrncnwJLlwSFcLhyDcFDyLMLNtIcSnBtQtnr
mwjg0_sx404,SlSaILhcLlHrwDLMkLNMvsyLHIwDByPQUJwDlkwLlHNwLlNthaDLtLtagr
mwjg0_sx44,glbJLAMwrLQhHaBLHAwDLhywDwDkwLAMwAkMAvwyswyELDJLthHtSaI
fdhc0_si1559,lwPwUKvKwPwByLmQlyUwLHIgagLAJwDCSsmUmwLkBSwmyPSwJLtyPwBysyEDEDBSwLlwswDwDJneBJt
fdhc0_si2189,TyUJcnamLlcncDCBaBSyUJLMwLvuwunlwLhlhnFUJUTywrIrUJLJ
fdhc0_si929,lswLMJsnLAiLAwsJwUcSaSIrIswDwLHbegagDJLJMnsngDTPwKwPSPB
fdhc0_sx119,lwDClDwJLABFSwUIrIyLAMIbLMkMkrwLkBISwOLlwDcwcLHaBFBywLzwy
fdhc0_sx209,lCgLuAucFLABFBwLkwLhbnLkrCSaBcwLNLAIsbegDgDJUJUJ
fdhc0_sx29,vcFBLlLAuIsLkwLHywLAMwLHbnLAwcNtNQLHwLNLMsmkncDCFcJLJ
fdhc0_sx299,vKswsyCyDCLHAMIysyswCDCwUwcLHBgcLHyTwBPrIaFagmwCgcDvaBcFSysyDE
fdhc0_sx389,lhwsbPFcmwLhwyDEDyvCbeBJwDlrIrCcFLMLAbncnDLMPyJcgLk
felc0_si1386,wywDCDESysPsLziLDwDLuFGKywsKwDJNlywDLkwJLMIyLhgaILhkwDJUJcwcwUwyTvTPDwnwDmDwLCLScwLlwcJwDlcByTywsDETwD
felc0_si2016,vlvyQBaDFUJUwCSIFLMHMJLlwcLhFLMJLAacCcgcDUJLMnageLA
felc0_si756,lDCDwLMwrywcBJLJrIrInDCDCwLCBFaBSBwDEDLuABsbsLsyLSInLkSgsGmLmwcSaILhcavaBt
felc0_sx126,AugaIrmwQtwKBwDLMPBcLzwDLJwUJtrCIywBFBLBLB
felc0_sx216,lcJLCBaBLhBaBGOLHcLlMlkcSIrICcDCvLvSFBOLA
felc0_sx306,hcLiOcFUwDCQtJtJtAvyTPSPSPSBLhywLAvrcDCDLznbDrcFBJUJ
felc0_sx36,cFBywLlkwcCFJLMwLAvaBCDLHMHBcJLacarImcJcwcLkMsDLhHvagaeLNHNDwcBnsnsrImuwy
felc0_sx396,hlwJNtNywQKLhwLuyuwbnDLkMcPSBSyLHtHInDLMwLABywcbDlDcJrtQDcJcDCDLlcwcJLCBaBSBbsLA
fjlm0_si1043,vLSwCDcacaJcLHIagabaUJUwEBcrBgyLlwJwLHIgaFcLziJiJLlkMkwLuLDcaeBeBSGSInrLA
fjlm0_si1673,SwDLcLbnsDELAvyLNLlNglcgagaLSLwDcLQhcsnmsysyDCDcnFBFUcLhbnbmwsyTyTyTywbn
fjlm0_si2303,wLTwyEDJKPaGaIrILnswDCLMwLhBaIrwDcLAaILhrIrBJtrIsbsUJULJBgbKJLMswChur
fjlm0_sx143,lwJwbnwnFecDLkwLzwDmwQJNtNJIrsrKULMLyTPLyLukuBFBJLAuAuywsbnsrLlkbsbsbvsbsbDMkcBcBFagaFB
fjlm0_sx233,vgeBSGnsTwDLtNtIySsLDCysEDEDCDwJgbngsgsDCLAMnbDsyE
fjlm0_sx323,lctNtBaBLtHIrwUwywDwDLlkywnCQLJrCcrIbebgaDQhsyEDBaDLMargagaC
fjlm0_sx413,lwybnbnLtLDsyUJLSywyUKLDwymwcLHBaBywDLMJLAFarItLCwCnbLiLMrIrJLAr
fjlm0_sx53,TwyBlwDwJwCDLtBQBLAbsnLhwywBsnrIsLAwCDLMbsEDLJwCLhBJ
fmgd0_si1564,vgvcgUwmLlkhwDvrIsPSwnULDhbDwnLhbgJLDsLAIbnBtNtbDJUJUwswUbCDLlwnISrLhuIsUwELMHAvbmcBcBE
fmgd0_si2194,vybnLQtaGagbgDLMwPSPcwJcnaLtNLMzngagaLvwvbnDCDCbemwLzbagaeaLhSwULAaBFaDwEDLvDTyISBSBwJLMIbDLkw
fmgd0_si934,IcgnwNlnFBaImyUJsnbsLmlbnDmkcBFBFBFBNtJLMrnrInrUaIgsLtIgCDLMaILuwyws
fmgd0_sx124,avagaLzwLAJLCsmkwQtNLHLvATPwrvgaILhyTPQmwcQtB
fmgd0_sx214,lwcDCFagBagEDyELukwPBcDCwJLhgrISsbLhUlBwJnwnwDlsnwDwJncagD
fmgd0_sx304,iyLzJLMegaLAwDJtIacacCDCwctrJLMegCDCnrISagIgDLD
fmgd0_sx34,lkebCDLMkwPLiIrIeByUJLMwrIrmyLksKywsUJUJ
fmgd0_sx394,AbebDJywCsLAJULhcacFBCDUJUJwDEDLMyLJLAtrIaBD
fmld0_si2185,KyUJwLJiIraILAJsnLlLlwDcFLQLhaFBFwDLJUJwDLziKIrIbnwDLJLCSGsbwcICLhbLAIrLk
fmld0_si822,lhcBLlMkrmkcnLAKwDCsLhywDLAIyJLHhgmwybDLHtHtsbsbDLMtsnLMwrQLHIrILtHtrIyJUJwcLlUwJLAMILukA
fmld0_si925,SlcCvyBSDwULUwLukAcnJLJMwLkyTwULtBSgLkwcLhaIJLMkrwrCQC
fmld0_sx115,lBywCDCDBcDLkwLHsnwLAJLNJswLAIgItLHBwcJUJaBSBcLhurPBcFBF
fmld0_sx205,lcBcwLMnrLHIrJwrCDraneBrLAJLhHhrwLAMwLMPSPFBFLhsLkuncncQrIrwnwmDcarmrKJUJUJ
fmld0_sx25,SGFDBsyBaGIrJBcQDCsywDSDSwnrCIrJ
fmld0_sx295,TDwtLArIrBLAacCDLJLMrcCgaeBeBevbnQLQhrIsyDJzititIrCDCymuyvywDLMwPBPD
fmld0_sx385,vwJKzaBFBLmkmkrtLNenBNLNlNlwUJUwtwLSLSrLhIrBLHLAcLCw
fnlp0_si1308,wDLkMwsymsvywPwmwULMHaeBaJcLhBFcOLMwJnLHrIbsmsLsLywymBcngLiMvPgagCDLvHvnbnrICnsEDbnDmwsLtcnQCDwLULAByrIcOtnbDLJ
fnlp0_si1938,lBgagmwLQBSBwDLkcnULABncgLzizwFBFLHhagLMlMlwPLklwLmknbeBCLQLQHBFBFBcrIr
fnlp0_si678,JtNtNnBQbcnsgsgKJKJwDCPCBIyLAwDLJwnmznrLk
fnlp0_sx138,lLlwLABcCDUNUyLAvAmbncwJMwDCrwOrUJLHlwFBUJNJNJwcCDwyJLlwDJUJwQNLHrQtKTybCDLD
fnlp0_sx228,lwLQzTyPLHSagyswELnhcFBQrmwBlBcnLNtlywnbnDnLJKJKvwPD
fnlp0_sx318,vLlHBwsyUJLMwswLDCcCLMlwLMvnsmncwUJUcncLhBcQtaGFaFQtIagaDJLJMU
fnlp0_sx408,kcagaLkhcFaLkwJBcFnBCLHSBnsLhHsbnmcagbvbCQwDvywDcQLMJiKnsbsysyEFUkMJzKU
fnlp0_sx48,kLAuAuSIbnbCcDlkrwnbeaDLuOPvaIcncbcLhrIsEvEywDwDCLHvnsnmyLAvbmDnwgLkMJUJ
fpas0_si1272,SLHSBaIQIrLMirIrIrsnbUJLMiIrQtnwUwLAJUJU
fpas0_si2204,HImwyJwPSaICwLATwQBFaIgIrwELATnrIrvDwQtBFBlBknFncCLhIaFcFUcSBSgaLAwDJLJwnsnLA
fpas0_si944,vwDQwcQJNtBaIDCBwUrInDLMwLlcrSInLCwcJLlhyLHbnbgsLhkvAy
fpas0_sx134,lMkMwJrOnCLuIrwyLznsnDQmTyIrIrnrDagJLCcgcacDJLJwJULHhnDwCgsbsbCy
fpas0_sx224,vltcOFLuOPmwUwrIwDLkrwDLJUJ
fpas0_sx314,wyJLMywLhBSaIrCSaILzacDrUJLlwrLhywEDnFcDyLktrSeFBtnrDCD
fpas0_sx404,lalharILhrDLHsLHIrDBDcByPUwDwcDLhwLhaDQtBagar
fpas0_sx44,lwhlhcFcUJLAMwLhBaBFLAwCLhywDnwDkzwLzMzivwsbsDEyEsDJLhHBaIr
fpkt0_si1538,bAcwLAbnrIrLzLAIcDKiKiLhgagsLJLMkMkwCBSagbgLMLtNHlwOLMPwPDLlwPwLlwLuBwcDCDCD
fpkt0_si2168,lsCwsLAucwJLADLtaICwJBOLDLucnwnwn
fpkt0_si908,SynFSwGUJLlNtgbeaFBSyPQlBlwLkagFQSwNacrIQLhPOPwLMJcaD
fpkt0_sx188,vAcPBPSBSaEaLlrSIgUJUJNvywDSBwDCwDmwLmwLAJLtQnwJwLAbeBeBD
fpkt0_sx278,AMwtrFDnrvywUJULHIrwJLMyLKiKvywLAsKmwBCwCQIyULlcSLSaBJLMPyLzrDBcB
fpkt0_sx368,SlSBaIyJLAagaJLMwPCDymwLkhaBagDLuBSBncFUJzUwLhyLAcDLMHByDBycacBcwLunwnD
fpkt0_sx8,SgTyTynFBFSaIGyFQIrJwByecgLmkwDUDJUJ
fpkt0_sx98,kunwJLNlwLASncwDKiwDtgcDybDLMJMJnrDrD
mbpm0_si1577,hIbeDcgagUgLhIbeBLCBcJLMgbKz
mbpm0_si1584,ICIbnLAMrIrIrUcaBtNtNwCcwyLAzwrIryTmwnJLUtctatNwDLMnCLMwLknbnJLABIsnKLMwCDBcDJULHhkwmyCDknQrLmLkn
mbpm0_si947,vJvJAJtvtvTPIrBnrIrUwrLHrLMsrnLAMwLhgcUcmDmDwELE
mbpm0_sx137,JMLlNMtLAMAMrLkwKwDrLASGabarIJUJLHIncBcLHIPQBtNtNtIgcwDLkrIwsLzMBICnrLz
mbpm0_sx227,TwTwLJMnBNtNtrLkwLAcLASwcwNbaLiKrQLQIr
mbpm0_sx317,lwLAIbnDLhIrsLhaLuwLzMJMLCrsLHIrmyTywDcamcCLDC
mbpm0_sx407,SlHBbtLNlknwDLMJcCJwsEDwJNtNtaIJiJiwcPcBcJLSBgaeFBUcLHhHhgDLDTrDC
mbpm0_sx47,CgacaCDLJLMIaDBwDLhkwJtBgcgLAJnbLhcLMagUrJ
mcmj0_si1094,ClPvDCnrILAwDCDCTwJLMsnsLHrIyQTwrPrQKUNLQIgLMwLAaIaBwgUJULHMgsULDCyaFBgnJLMwJLA
mcmj0_si464,ClCDwcLHIagacbaJLHnrLAMrQtLAagcgmwEDELhbLAJLhHhIbnDwrDwDCDvuDrwrwUwDrDLMtgUwcCSaIDLtIbwmDwLuIarnrQrDr
mcmj0_si602,lhlhwLlNwKiKrwLiMJrQrIrwyUJBSBacaFmDEDsbebeSBIQrIrIgIwLkuaIcDLAunwJrwCrswJnQrUnmDwCgaIrIrI
mcmj0_sx104,vwJLlMnaFcaLkbagagCDLCLtIcCrcQLhnbnbnrLmr
mcmj0_sx14,vLwtaILHlNrDUlnsrUwrLukUnbQCIyLQzTrIrIrsnbnrQIytNtaICDwrIrIrIrbr
mcmj0_sx194,lClCnsDUzrIraIsnsLIrLSIDgagrILkrwrKwD
mcmj0_sx284,zbntQtNraIrImTwrIrarIaILmTwPwmywCLtnsQIrInbnrQIrwrJwnwDLMrwrLtTrLzLHMIrLiKDwJUJ
mcmj0_sx374,lzagDIwDLAvBIsysysEDULwKzKnatnrKLtarFQBrwQrDCDECE
mdab0_si1039,vTyvywcJULDnwQrQIvwPDLUJnBJNLlMlMlcncncmsLvyLtNtaBFBLShSwLiKiKLMLhtyvsmwsLQLkLSaSFLiwQcJvsngbnbmcJ
mdab0_si1669,lhlywsyLJcgsmwLkmkwDLukaFmBmcwLmklcnmDctgsIrwJnBtJ
mdab0_si2299,JcFCDLQtNMtbnbUJyLABGBcaUJUJgmcBcJNBbntBagBcngFUJLhywJmvFBFBFQBQCE
mdab0_sx139,lcLhcBELucBFBFBFJLMBcJUJUwUmBwsJwLiSwmwLkwCDlwJKraIr
mdab0_sx229,cagsyBOBNtwyELtaBQLtHtBGwDBwcLNLM
mdab0_sx319,lwlwsLhwywyLuFBFBFLHcagmDBFBywswLhBLMJMwPClwtNtNtaIgIyaILkMkM
mdab0_sx409,TwymyEwQJLHlwmwLziKLCDBcsGBSBSBysysyLAIyJwJLMIswLNLCIaIgLABOFJBy
mdab0_sx49,lwlnbnbnLMSaBFBgLMcCDcJtvtaBJLlsGSBFavcQKwcLhBsysy
mgrt0_si1450,ChyLMJULlwrmrIsysyKDLHIvcJncnJwywELDLDklncQDQDCDyLkMvncUKUIrIyJyQLkywyLAJLMwnwnwDJMNLtMwyLmwDCDwnwJLMwLuwsKwDCDCD
mgrt0_si2080,vLvyBPwLDcgcagLAwnIrIsyTywLhIytLAvnsJU
mgrt0_si820,hcgbsngDlnbnDLkMkLAScDtyPwBUcnLwnLlCDCnsbLkwnDwywyLDLtBarIrKJwBwULavagagIgrULznwDIrFBLAncgcUwDBnLAMwLABtBarIrIJwcLULCwJUJU
mgrt0_sx10,SLSBaGcgvgwgwTwrLuIsLzJUvcgvgnrwcQrmBFarIrwLlncwcDCDCDCDsbDLJwyUJ
mgrt0_sx100,HIcgcDLzunsLsLkwQlnBcCcDLALSBcJUJLHIrUJyTmyDLMyPwJBFBlBUBysy
mgrt0_sx190,JrsnrIrwQUwLABFBFBFBJBagagnvnvbebtKrIrIbgDnwnbnDLlywFaFBGnGgngnB
mgrt0_sx280,lywPBFBsJcwJULSBcUwCrIrIagaBgwDLKzKz
mgrt0_sx370,lwncDLhcFaFaGwUJULHIgaBQBcCLuSIFBFBFULCSaIrBcDaFaBgsysyEyvTyLiLknsvy
mjdh0_si1354,SwNwDQDBaILzIrUJKJcFLKtKLJcBJwJLMcCSFaSaILuwJLMIrcLAtAIaBDQBJtaBcaDLkMtKIDCaFBtJcLzHJwJLMcCJUJ
mjdh0_si1984,wbnwDSamcagJLlMwswPSaSIr
mjdh0_si724,wAwLiwJLMIyCDBagDEvIgtBFBtbJLMwDScLCsLkwD
mjdh0_sx184,lwLAbLiJiLhybeSaGyLJLKvrLiMLCgyTrDJKJUJU
mjdh0_sx274,lMNBcQtBSBwJPULhcgQLlQlcQBcwrLiTrIywUJLCwJagGKM
mjdh0_sx364,wyLiAibcDLMgagcDCBywDELAcCBaJLAaFGSFcDLMJgmwcSwLNLNcLHhIwyLMknbeDwcQtwvymTyELELJwJLMcCLCLHaI
mjdh0_sx4,AzAzTzsDCnsyrIrDCaICgcmDmyLDLhgagSrILAwELvAvaILk
mjdh0_sx94,wDbcDzJLMPUJUJLJBcQtQLAaDwDLAbDLDkyPUJLMIyLiMiJ
mjln0_si1449,MiytwDLMzirUJLMwPwDCvIsmyTwPOwJLMunrIrBOwcUlwsJKwDwDCInwlUlUcagLlUwDwCFBcULAMrIrwUJrQrwJwPwJUJ
mjln0_si2079,lCnswLlLJBbLHNlsrtbagJ
mjln0_si819,lklsnrtaIJwUwcCaIDByLlwPLlwDwDCcFSBwLiAMiIrwUJwLkmkyLsbnDPBsnJNtlwDwDCbsbECwJtNJMwPwUwcDCD
mjln0_sx189,lkwJLMIaGymwnQIytageIrcBsmwLMwPCgeamDmwDLJU
mjln0_sx279,gbeBcaJNJwlwLhkwPBPDByLMPcPBSaILHAHBSBwDmQbeLJtJwPwLHhHrQlmTywKUwDLkvwUlUDFBLSIrUwyE
mjln0_sx369,gchaLHsLHrmFQwLlcPQlBlwlByECPCrwrIrFSFBJUJUJ
mjln0_sx9,SwPSaSaIryTyPyScBSySPSIrFSwnsyE
mjln0_sx99,CDwLkyQBJwJgagmySwJNUwLNLHwsJLMacDvagrIaILATyUJ
mjmp0_si1535,vyLiMbnDBQFBQBbnbJLMswswULHyKwLkzktvtsbBnB
mjmp0_si1791,vTvTCDnFBFlwcLmDCsbmDSBwUDcgmgwgDLDLvUMKvrcecDLHMLvLvyPIQvISBgDLkrLkvbgmsysyvmvTnbwbDLMbgLmknbcLhHSwLJvwJLMIgsEDQKvrLr
mjmp0_si905,vLvwUcSrLlhyLDTwbDLkzwJwLMLMkMsUnbtLMwLlQlwctBcgcgcLD
mjmp0_sx185,zkvTyLzPLhbgswDTyLAaImrgsFBQrFaBJ
mjmp0_sx275,JLMyQSarIaILhIbsLuAuInsLkAbgKIrCrwnrUJLSGsbnbmr
mjmp0_sx365,lwLkbDCwDCDLMnLMwUQwnwLNLMwCDLAaIrmLQmknbnLkAcbnLCDLHFGBwyLyLAMtIwUJNMIyberIrLJ
mjmp0_sx5,KTyPwUJLMnDmknrUlUwnwnwDwcDgvgybPDC
mjmp0_sx95,TwTPDLuAuSaBgamwngnUwDnbeBwLzkuwsmwrIrKUKUrLAMAIgbLHcLAaOaSQInLNLHMbgcBUJUJ
mklt0_si1213,ICgaeBFDCwLAMJLHwnrIrLQLJwJLtaFBFLJwDCLHABnwBgBgBgacgDCDCDJU
mklt0_si1843,KiPSPwUKIsnmwyQtaIvrLkuIsnmwQnwLiMiIPrUDLhkyIaLQcBLBLBcQrCcFSBLHaIDLDvr
mklt0_si583,lSlDLDLlwJLSwLAwDJwLHcwNsnmwLMSBywywcwDwvKJLMnsbnCNt
mklt0_sx133,lMHyLMwrIyTPrUwLADlwsywDTyDLtSaGILASwLuASBncDLiJ
mklt0_sx223,lMlHwLAlMcLhwcwLiwLhBaeBaLaLKMsLShuOBcwDLkwLkrInBgagagagLzizKJ
mklt0_sx313,uAkIaBabLtgbctBaBaICDCJUJUDBlcLhaILKLAJLtSBtaSISIyTyLuPBsbBe
mklt0_sx403,vScSGILkzInFsrQLHACJwJLJMwcvQaBFBDBwywJLMArLzJDwClhBnFBFUcDJUJ
mklt0_sx43,swbnBsBLQmwQlQBwLAMyLQScBrIaBaBtNwcDwLAJLASBwPLkwLk
mlll0_si1363,JcQlByUJULhHwLAwBsKwDJUJLChwsybwbwJcCnbnbrIgbLlMLgcacmlnrUJUwJcCDCQSBcmwDCLhwymyTyPFcJ
mlll0_si1993,vLvKwLzKwyPSwsLAwCD
mlll0_si733,HLALtLMPFQvQFaGLHBacDLziKIswDEDrLAcgsymwDCLMwDCQhyLMJLMnJNlNJcC
mlll0_sx103,AaBcDswbnLhywyBPOcwLJtrChcnmwLABFJwULMcwcLDLJ
mlll0_sx13,JByEyTrIagaICSwJvgUwLAbsybnDCD
mlll0_sx193,ALALSLASagLhagLnaLaFaGgnBaBLSBwLDyTyaBDKPUDCcgDCD
mlll0_sx283,lNLMABsbDkMkLHsnrnrLvPFOmwcSaILuIwUwsKwDUJLHCcFcFcFLHhHrIrNUJLAwDKMIBaBFB
mlll0_sx373,gcLhBaIyEDCDnaCQcBFBcwcwUJUwUJcLHIrLhHtJyLvHvwyEDELkHnB
mlnt0_si1574,lcBagJLSaIDCLkukrLIeBLClcLhaFBcLlNkcBnDLMcFBFBFJULJUwywDEDSwLMiAvyLCDCaILlsLlhagILhrIwsnbwbLMkM
mlnt0_si1902,lcLHBaBJwEDLuAuBLlcJrwLurInLAM
mlnt0_si642,lknLHaLJLJLHIrLMPQBUJLMnanbLHAHIBbgbmrJLMAcgngLAiKsbnrLgAgbvbCDarLHAHAvaBCLltNIgbDC
mlnt0_sx102,JLHhwngnJKcrcLMvbJLtaIJwrUwLInJLATPvIagJLMwLzwUJLtLNtIrCLAwLlDbLHrJLJ
mlnt0_sx12,SacBSIaeaILhwDCSIrnrIgsyTwTDbaBFBFBFBFBClnBsy
mlnt0_sx192,JiLMIaIvbgbLJLAraIagIeveaeBcrtNgbgbKwDCDLlwswyKyr
mlnt0_sx282,lwLMPcLNMNlNrnrIrysytrLubababaLMwLAvaDCScDCIagaILmzrKJKJLMPBLNLlNlnBCBcgaIeLM
mlnt0_sx372,lngwLhkagIwLuIrCsLAJbnbDCDLJLMAaAagEByLyLAbLtLAMArCgcgLiJLMnagaImy
mnjm0_si1580,vwTbaBGsJsbCLNcnwvbebeQLCSagcDwsbDvwLwnDEvnwDJLHBaLAwc
mnjm0_si2210,lDCaIwLMHMHrDgbLkIcJtLtaLJBgbaIDIBIBcrcr
mnjm0_si950,bNJcgaLiMLwnBcULhkwyaDCLHaBcLNLMNMNMlnLAJcDvbCLDBFBSFDywsmrwcwLHMctJtBLQlcLAsKiKiwDCLELSaBgbCbnbNJlwLziz
mnjm0_sx140,bgmLurLAaBLMaBLHIamcaLAJaIveagaDsyswQcBwGyswQLlwcJLKJrwLQlwmlwLDLD
mnjm0_sx230,gcaeBaeaeaeByPySGSnsgsvwnrCLhcrQrDIebgaLJLJvDCBFBagLJvaBgvbnrwDJLtLtAM
mnjm0_sx320,lnDnbnbnrwJncDcDLuAgaLuwckLDCLSCnwnDaLhwPSPOcwJlnCSaLAwELNnwcJLNlcDLUJvM
mnjm0_sx410,AuAuInsLDLHhagJtIgcKJLCDnBLAvwywLiLSwysLNlNlnbsbCaIwEDE
mnjm0_sx50,lAbcncmcwtJLAIatsnwLAcgbcLAcDBaDwDLAacLHhHbLAJLlwLuBbLJLJNlNwcLHaFaGFaIr
mpam0_si1189,vwyLtNtvtTwPaFILuagaDUBrLAbaLMKrmwDLHlwUwKwD
mpam0_si1819,vTrIwcLhkwUagUJBywLHcBySwNtLScDyDvTPLzLHaBavB
mpam0_si1961,gcwJgcnLuwDLDLDLMISIwLiLMAMwUJKrLzUJLJwByPQLQtLvwDywLtnFBLHlMcLhIyLtLtLHhrcCDCcwcUcLhrIBaICDC
mpam0_sx109,KiKTyKJBOwLMkwDCDUJLHhIsDLukrcgDLAOBSaGacDClwcwJLMyLziJSBFLHLA
mpam0_sx19,cScFBcPBcDcCDCUJwncQCScSrLAwcDFaBtwcDCLhytBwCUwy
mpam0_sx199,TwTwnacCDECLiwOaBLkQmrwDLziwmwrQBaIrLkywLuAiKiLHhFLUKrLMcwLAwDLHMsPsPsLzwUJLMPwUwPyPUwUJU
mpam0_sx289,SnwlwrLHIrQtQLuABaKwUrQrwyTPwUJtBFwSwDUJTPTygbabBmcB
mpam0_sx379,MHsbCLukuwQULkMIagaImwDEyBcJLDCUcBDLMlrLUJLMkMnsPwQUJU
mtas1_si1473,TyTFDTDTyDmkwClDncncJtLvLgcvcCDCDy
mtas1_si2098,vwvyLuywCQlsysKiaILArvrvaILkBbtwDBOwLMnDvrvrDFSwyEByLk
mtas1_si838,wyELAIyJwyELMnwCLhaFBFactQhyPLHIamwLDLkwQmcBFLhkcD
mtas1_sx118,JvLMAcCLhagDLwLwcaBlyDELuIyTywPwDJLJLwcDcBaILzLhHhBaFB
mtas1_sx208,SIaLhLJbLDLhgLlcLHacDLkwLAwLywDLJLAubnLziziLMlcwJLMIsLukyUKJ
mtas1_sx28,kLhkhksELkwnsLuaILktrIScDCDLubnBDCDLhcQtQtLAunbnbnbnbnJ
mtas1_sx298,gLukmIbnclwcCDcncncBcCLhgLmyKyPUlUBwcCLhyBaFQrLiIaILkzLM
mtas1_sx388,vLrcvrIbgsgsgLkvyvsbnbnDCDLwnsnsLAJUJLSaSwcDmDnCQrwLmlwLhrIrnrIrQCQCbnLAiAMIrLHInrKrLMzisDzwUJUJ
mtls0_si1370,SwCsJtnsmnwLmvwJLHIaeCScCScwJLkMHbgLuDcFLJLMLClwLHlnLvsvyQIrwLyJtvTyPyUJUJLAMIyLDLDwD
mtls0_si2000,SlSwywyLAyEDELELzkuTwmwsLHwswQtSwLhkywysLukAwyLsbvyJwLhHkMHbgsKwLQUkIwSCsy
mtls0_si740,wkwPSPQSwNbebeLHLtLNtswnsbDLJNyLHMHsLhBABLAvSaBcLNJ
mtls0_sx110,lwcLhbnbJLAISBnsLMcQlIcarDLDwbnwJLMwJaeBLBhsnLAJLMrLHIaLHSacDLJUJ
mtls0_sx20,KLKTPSaISaIQCJtNtQyJyScBcSLBcDlDcFQtrIaBFJUJ
mtls0_sx200,SIetLtLAIcwDLMInFLlwJLMaeBLNhacLiMiALIrwcwDlcLHlwysyLAMIrLAJrJyJUJ
mtls0_sx290,lwJLHIrwrwQtLKTrwJLHLAkTunwLtlQlQwDQtaBDCLCSHMvIwOLtaILHIrwrJLHrnLMwcQLlhbacgr
mtls0_sx380,SgLiMIaILzkMICIcmDmyLyQNtrJnLiLHAMaIrLHwLziA
mwbt0_si1553,vFBSOnQclcFBwOcmrQIyDCBwsysDLkcagacgLhBgnbnDLMwLhBgcgJncQaFBLkcUwcDvCBcLzitIrcBFSDLDLUJacLHIrFUKUJv
mwbt0_si2183,hacOLAJcFQtGcGKyDcGcLMAJ
mwbt0_si923,MPwSQCwDynsnLAJLhIrOLiJtNlwJLMiMAInwDScFUwDwncncQcmcLhaFBFBFB
mwbt0_sx113,wsDCDCcJLAwBmscncmgsnbsbnLkcCBPcDCLPCDClwULuAuOwOLtGTyTwLhbgbcLAk
mwbt0_sx203,lwLABagaUSBsywDLkwLkMkcLhIncLHBGsyvwDLMncLlNcwKwFBaIrA
mwbt0_sx23,lBcFULCDCTywPUwKwDLULvgDeCcDBcgULCSBgeQBcUJKJBGyw
mwbt0_sx293,lMlyULMsLNwUJUJLMzwrwmyLMsLhcOLAHBagaNJLMwcQlwLAByCDwDUtcDCBPwsTy
mwbt0_sx383,lwLAagaLHwLABymrnrUJULKwswbncwnCLhHSPmcagmrIaIycDLMBSFSIamIFLukukAkH
mwew0_si1361,SISOmwDwJtLtScDJnscLKiKiKDcwECSwPSBcBcLAcCLkBFBacmwmrLrUJ
mwew0_si1991,BSBgcLNthyLHByBcBQIBFCDwJLMIyLMJMwDLAcJLMlMwCDUwDLCbnbnbJLAJLAvwDwnDCQwyEcChCaB
mwew0_si731,lclctvyTyPyTPUJUBsmrPLlwLkFECLHtnBcwD
mwew0_sx101,kMwDwLunrIDLKiKwFBLmwDLknLAMrIsLMwrLABnwJKrPCDCJtIaBceFeBFBcLlmwsJ
mwew0_sx11,vswvyPBPBcBeageFarIQInrBcegLvwk
mwew0_sx191,SwOLzkzkzIaBtaGDywbnwLAyUwsKwDUwPcSacDLMJ
mwew0_sx281,uAFaIsywDLMiMIwKLHBsLMnLSwLhyLziLHhHhFaBQJtrIcaBaIrUJU
mwew0_sx371,InsLDbecCwDbncLHyLmlwLhkcwJLMNMlbLtIrLhwULUDlwJLCrLzPrPrJUJ
